++++++++++++++++++++++++++++++++++++++++++++++++++++++++++++++++++++++++++++++++++++++
Working on dataset 53xv6
++++++++++++++++++++++++++++++++++++++++++++++++++++++++++++++++++++++++++++++++++++++
split -l 10 -d -a 4 /tmp/uniq.53xv6.files.tmp 53xv6_
# of root files in directory: 8715
# of uniq files in directory: 1832 /tmp/uniq.53xv6.files.tmp
# of files per list: 10
new list:   53xv6_0000.list
new list:   53xv6_0001.list
new list:   53xv6_0002.list
new list:   53xv6_0003.list
new list:   53xv6_0004.list
new list:   53xv6_0005.list
new list:   53xv6_0006.list
new list:   53xv6_0007.list
new list:   53xv6_0008.list
new list:   53xv6_0009.list
new list:   53xv6_0010.list
new list:   53xv6_0011.list
new list:   53xv6_0012.list
new list:   53xv6_0013.list
new list:   53xv6_0014.list
new list:   53xv6_0015.list
new list:   53xv6_0016.list
new list:   53xv6_0017.list
new list:   53xv6_0018.list
new list:   53xv6_0019.list
new list:   53xv6_0020.list
new list:   53xv6_0021.list
new list:   53xv6_0022.list
new list:   53xv6_0023.list
new list:   53xv6_0024.list
new list:   53xv6_0025.list
new list:   53xv6_0026.list
new list:   53xv6_0027.list
new list:   53xv6_0028.list
new list:   53xv6_0029.list
new list:   53xv6_0030.list
new list:   53xv6_0031.list
new list:   53xv6_0032.list
new list:   53xv6_0033.list
new list:   53xv6_0034.list
new list:   53xv6_0035.list
new list:   53xv6_0036.list
new list:   53xv6_0037.list
new list:   53xv6_0038.list
new list:   53xv6_0039.list
new list:   53xv6_0040.list
new list:   53xv6_0041.list
new list:   53xv6_0042.list
new list:   53xv6_0043.list
new list:   53xv6_0044.list
new list:   53xv6_0045.list
new list:   53xv6_0046.list
new list:   53xv6_0047.list
new list:   53xv6_0048.list
new list:   53xv6_0049.list
new list:   53xv6_0050.list
new list:   53xv6_0051.list
new list:   53xv6_0052.list
new list:   53xv6_0053.list
new list:   53xv6_0054.list
new list:   53xv6_0055.list
new list:   53xv6_0056.list
new list:   53xv6_0057.list
new list:   53xv6_0058.list
new list:   53xv6_0059.list
new list:   53xv6_0060.list
new list:   53xv6_0061.list
new list:   53xv6_0062.list
new list:   53xv6_0063.list
new list:   53xv6_0064.list
new list:   53xv6_0065.list
new list:   53xv6_0066.list
new list:   53xv6_0067.list
new list:   53xv6_0068.list
new list:   53xv6_0069.list
new list:   53xv6_0070.list
new list:   53xv6_0071.list
new list:   53xv6_0072.list
new list:   53xv6_0073.list
new list:   53xv6_0074.list
new list:   53xv6_0075.list
new list:   53xv6_0076.list
new list:   53xv6_0077.list
new list:   53xv6_0078.list
new list:   53xv6_0079.list
new list:   53xv6_0080.list
new list:   53xv6_0081.list
new list:   53xv6_0082.list
new list:   53xv6_0083.list
new list:   53xv6_0084.list
new list:   53xv6_0085.list
new list:   53xv6_0086.list
new list:   53xv6_0087.list
new list:   53xv6_0088.list
new list:   53xv6_0089.list
new list:   53xv6_0090.list
new list:   53xv6_0091.list
new list:   53xv6_0092.list
new list:   53xv6_0093.list
new list:   53xv6_0094.list
new list:   53xv6_0095.list
new list:   53xv6_0096.list
new list:   53xv6_0097.list
new list:   53xv6_0098.list
new list:   53xv6_0099.list
new list:   53xv6_0100.list
new list:   53xv6_0101.list
new list:   53xv6_0102.list
new list:   53xv6_0103.list
new list:   53xv6_0104.list
new list:   53xv6_0105.list
new list:   53xv6_0106.list
new list:   53xv6_0107.list
new list:   53xv6_0108.list
new list:   53xv6_0109.list
new list:   53xv6_0110.list
new list:   53xv6_0111.list
new list:   53xv6_0112.list
new list:   53xv6_0113.list
new list:   53xv6_0114.list
new list:   53xv6_0115.list
new list:   53xv6_0116.list
new list:   53xv6_0117.list
new list:   53xv6_0118.list
new list:   53xv6_0119.list
new list:   53xv6_0120.list
new list:   53xv6_0121.list
new list:   53xv6_0122.list
new list:   53xv6_0123.list
new list:   53xv6_0124.list
new list:   53xv6_0125.list
new list:   53xv6_0126.list
new list:   53xv6_0127.list
new list:   53xv6_0128.list
new list:   53xv6_0129.list
new list:   53xv6_0130.list
new list:   53xv6_0131.list
new list:   53xv6_0132.list
new list:   53xv6_0133.list
new list:   53xv6_0134.list
new list:   53xv6_0135.list
new list:   53xv6_0136.list
new list:   53xv6_0137.list
new list:   53xv6_0138.list
new list:   53xv6_0139.list
new list:   53xv6_0140.list
new list:   53xv6_0141.list
new list:   53xv6_0142.list
new list:   53xv6_0143.list
new list:   53xv6_0144.list
new list:   53xv6_0145.list
new list:   53xv6_0146.list
new list:   53xv6_0147.list
new list:   53xv6_0148.list
new list:   53xv6_0149.list
new list:   53xv6_0150.list
new list:   53xv6_0151.list
new list:   53xv6_0152.list
new list:   53xv6_0153.list
new list:   53xv6_0154.list
new list:   53xv6_0155.list
new list:   53xv6_0156.list
new list:   53xv6_0157.list
new list:   53xv6_0158.list
new list:   53xv6_0159.list
new list:   53xv6_0160.list
new list:   53xv6_0161.list
new list:   53xv6_0162.list
new list:   53xv6_0163.list
new list:   53xv6_0164.list
new list:   53xv6_0165.list
new list:   53xv6_0166.list
new list:   53xv6_0167.list
new list:   53xv6_0168.list
new list:   53xv6_0169.list
new list:   53xv6_0170.list
new list:   53xv6_0171.list
new list:   53xv6_0172.list
new list:   53xv6_0173.list
new list:   53xv6_0174.list
new list:   53xv6_0175.list
new list:   53xv6_0176.list
new list:   53xv6_0177.list
new list:   53xv6_0178.list
new list:   53xv6_0179.list
new list:   53xv6_0180.list
new list:   53xv6_0181.list
new list:   53xv6_0182.list
new list:   53xv6_0183.list
++++++++++++++++++++++++++++++++++++++++++++++++++++++++++++++++++++++++++++++++++++++
Working on dataset DoubleElectron_Run2012A-22Jan2013-v1
++++++++++++++++++++++++++++++++++++++++++++++++++++++++++++++++++++++++++++++++++++++
split -l 10 -d -a 4 /tmp/uniq.DoubleElectron_Run2012A-22Jan2013-v1.files.tmp DoubleElectron_Run2012A-22Jan2013-v1_
# of root files in directory: 408
# of uniq files in directory: 408 /tmp/uniq.DoubleElectron_Run2012A-22Jan2013-v1.files.tmp
# of files per list: 10
new list:   DoubleElectron_Run2012A-22Jan2013-v1_0000.list
new list:   DoubleElectron_Run2012A-22Jan2013-v1_0001.list
new list:   DoubleElectron_Run2012A-22Jan2013-v1_0002.list
new list:   DoubleElectron_Run2012A-22Jan2013-v1_0003.list
new list:   DoubleElectron_Run2012A-22Jan2013-v1_0004.list
new list:   DoubleElectron_Run2012A-22Jan2013-v1_0005.list
new list:   DoubleElectron_Run2012A-22Jan2013-v1_0006.list
new list:   DoubleElectron_Run2012A-22Jan2013-v1_0007.list
new list:   DoubleElectron_Run2012A-22Jan2013-v1_0008.list
new list:   DoubleElectron_Run2012A-22Jan2013-v1_0009.list
new list:   DoubleElectron_Run2012A-22Jan2013-v1_0010.list
new list:   DoubleElectron_Run2012A-22Jan2013-v1_0011.list
new list:   DoubleElectron_Run2012A-22Jan2013-v1_0012.list
new list:   DoubleElectron_Run2012A-22Jan2013-v1_0013.list
new list:   DoubleElectron_Run2012A-22Jan2013-v1_0014.list
new list:   DoubleElectron_Run2012A-22Jan2013-v1_0015.list
new list:   DoubleElectron_Run2012A-22Jan2013-v1_0016.list
new list:   DoubleElectron_Run2012A-22Jan2013-v1_0017.list
new list:   DoubleElectron_Run2012A-22Jan2013-v1_0018.list
new list:   DoubleElectron_Run2012A-22Jan2013-v1_0019.list
new list:   DoubleElectron_Run2012A-22Jan2013-v1_0020.list
new list:   DoubleElectron_Run2012A-22Jan2013-v1_0021.list
new list:   DoubleElectron_Run2012A-22Jan2013-v1_0022.list
new list:   DoubleElectron_Run2012A-22Jan2013-v1_0023.list
new list:   DoubleElectron_Run2012A-22Jan2013-v1_0024.list
new list:   DoubleElectron_Run2012A-22Jan2013-v1_0025.list
new list:   DoubleElectron_Run2012A-22Jan2013-v1_0026.list
new list:   DoubleElectron_Run2012A-22Jan2013-v1_0027.list
new list:   DoubleElectron_Run2012A-22Jan2013-v1_0028.list
new list:   DoubleElectron_Run2012A-22Jan2013-v1_0029.list
new list:   DoubleElectron_Run2012A-22Jan2013-v1_0030.list
new list:   DoubleElectron_Run2012A-22Jan2013-v1_0031.list
new list:   DoubleElectron_Run2012A-22Jan2013-v1_0032.list
new list:   DoubleElectron_Run2012A-22Jan2013-v1_0033.list
new list:   DoubleElectron_Run2012A-22Jan2013-v1_0034.list
new list:   DoubleElectron_Run2012A-22Jan2013-v1_0035.list
new list:   DoubleElectron_Run2012A-22Jan2013-v1_0036.list
new list:   DoubleElectron_Run2012A-22Jan2013-v1_0037.list
new list:   DoubleElectron_Run2012A-22Jan2013-v1_0038.list
new list:   DoubleElectron_Run2012A-22Jan2013-v1_0039.list
new list:   DoubleElectron_Run2012A-22Jan2013-v1_0040.list
++++++++++++++++++++++++++++++++++++++++++++++++++++++++++++++++++++++++++++++++++++++
Working on dataset DoubleElectron_Run2012B-22Jan2013-v1
++++++++++++++++++++++++++++++++++++++++++++++++++++++++++++++++++++++++++++++++++++++
split -l 10 -d -a 4 /tmp/uniq.DoubleElectron_Run2012B-22Jan2013-v1.files.tmp DoubleElectron_Run2012B-22Jan2013-v1_
# of root files in directory: 978
# of uniq files in directory: 978 /tmp/uniq.DoubleElectron_Run2012B-22Jan2013-v1.files.tmp
# of files per list: 10
new list:   DoubleElectron_Run2012B-22Jan2013-v1_0000.list
new list:   DoubleElectron_Run2012B-22Jan2013-v1_0001.list
new list:   DoubleElectron_Run2012B-22Jan2013-v1_0002.list
new list:   DoubleElectron_Run2012B-22Jan2013-v1_0003.list
new list:   DoubleElectron_Run2012B-22Jan2013-v1_0004.list
new list:   DoubleElectron_Run2012B-22Jan2013-v1_0005.list
new list:   DoubleElectron_Run2012B-22Jan2013-v1_0006.list
new list:   DoubleElectron_Run2012B-22Jan2013-v1_0007.list
new list:   DoubleElectron_Run2012B-22Jan2013-v1_0008.list
new list:   DoubleElectron_Run2012B-22Jan2013-v1_0009.list
new list:   DoubleElectron_Run2012B-22Jan2013-v1_0010.list
new list:   DoubleElectron_Run2012B-22Jan2013-v1_0011.list
new list:   DoubleElectron_Run2012B-22Jan2013-v1_0012.list
new list:   DoubleElectron_Run2012B-22Jan2013-v1_0013.list
new list:   DoubleElectron_Run2012B-22Jan2013-v1_0014.list
new list:   DoubleElectron_Run2012B-22Jan2013-v1_0015.list
new list:   DoubleElectron_Run2012B-22Jan2013-v1_0016.list
new list:   DoubleElectron_Run2012B-22Jan2013-v1_0017.list
new list:   DoubleElectron_Run2012B-22Jan2013-v1_0018.list
new list:   DoubleElectron_Run2012B-22Jan2013-v1_0019.list
new list:   DoubleElectron_Run2012B-22Jan2013-v1_0020.list
new list:   DoubleElectron_Run2012B-22Jan2013-v1_0021.list
new list:   DoubleElectron_Run2012B-22Jan2013-v1_0022.list
new list:   DoubleElectron_Run2012B-22Jan2013-v1_0023.list
new list:   DoubleElectron_Run2012B-22Jan2013-v1_0024.list
new list:   DoubleElectron_Run2012B-22Jan2013-v1_0025.list
new list:   DoubleElectron_Run2012B-22Jan2013-v1_0026.list
new list:   DoubleElectron_Run2012B-22Jan2013-v1_0027.list
new list:   DoubleElectron_Run2012B-22Jan2013-v1_0028.list
new list:   DoubleElectron_Run2012B-22Jan2013-v1_0029.list
new list:   DoubleElectron_Run2012B-22Jan2013-v1_0030.list
new list:   DoubleElectron_Run2012B-22Jan2013-v1_0031.list
new list:   DoubleElectron_Run2012B-22Jan2013-v1_0032.list
new list:   DoubleElectron_Run2012B-22Jan2013-v1_0033.list
new list:   DoubleElectron_Run2012B-22Jan2013-v1_0034.list
new list:   DoubleElectron_Run2012B-22Jan2013-v1_0035.list
new list:   DoubleElectron_Run2012B-22Jan2013-v1_0036.list
new list:   DoubleElectron_Run2012B-22Jan2013-v1_0037.list
new list:   DoubleElectron_Run2012B-22Jan2013-v1_0038.list
new list:   DoubleElectron_Run2012B-22Jan2013-v1_0039.list
new list:   DoubleElectron_Run2012B-22Jan2013-v1_0040.list
new list:   DoubleElectron_Run2012B-22Jan2013-v1_0041.list
new list:   DoubleElectron_Run2012B-22Jan2013-v1_0042.list
new list:   DoubleElectron_Run2012B-22Jan2013-v1_0043.list
new list:   DoubleElectron_Run2012B-22Jan2013-v1_0044.list
new list:   DoubleElectron_Run2012B-22Jan2013-v1_0045.list
new list:   DoubleElectron_Run2012B-22Jan2013-v1_0046.list
new list:   DoubleElectron_Run2012B-22Jan2013-v1_0047.list
new list:   DoubleElectron_Run2012B-22Jan2013-v1_0048.list
new list:   DoubleElectron_Run2012B-22Jan2013-v1_0049.list
new list:   DoubleElectron_Run2012B-22Jan2013-v1_0050.list
new list:   DoubleElectron_Run2012B-22Jan2013-v1_0051.list
new list:   DoubleElectron_Run2012B-22Jan2013-v1_0052.list
new list:   DoubleElectron_Run2012B-22Jan2013-v1_0053.list
new list:   DoubleElectron_Run2012B-22Jan2013-v1_0054.list
new list:   DoubleElectron_Run2012B-22Jan2013-v1_0055.list
new list:   DoubleElectron_Run2012B-22Jan2013-v1_0056.list
new list:   DoubleElectron_Run2012B-22Jan2013-v1_0057.list
new list:   DoubleElectron_Run2012B-22Jan2013-v1_0058.list
new list:   DoubleElectron_Run2012B-22Jan2013-v1_0059.list
new list:   DoubleElectron_Run2012B-22Jan2013-v1_0060.list
new list:   DoubleElectron_Run2012B-22Jan2013-v1_0061.list
new list:   DoubleElectron_Run2012B-22Jan2013-v1_0062.list
new list:   DoubleElectron_Run2012B-22Jan2013-v1_0063.list
new list:   DoubleElectron_Run2012B-22Jan2013-v1_0064.list
new list:   DoubleElectron_Run2012B-22Jan2013-v1_0065.list
new list:   DoubleElectron_Run2012B-22Jan2013-v1_0066.list
new list:   DoubleElectron_Run2012B-22Jan2013-v1_0067.list
new list:   DoubleElectron_Run2012B-22Jan2013-v1_0068.list
new list:   DoubleElectron_Run2012B-22Jan2013-v1_0069.list
new list:   DoubleElectron_Run2012B-22Jan2013-v1_0070.list
new list:   DoubleElectron_Run2012B-22Jan2013-v1_0071.list
new list:   DoubleElectron_Run2012B-22Jan2013-v1_0072.list
new list:   DoubleElectron_Run2012B-22Jan2013-v1_0073.list
new list:   DoubleElectron_Run2012B-22Jan2013-v1_0074.list
new list:   DoubleElectron_Run2012B-22Jan2013-v1_0075.list
new list:   DoubleElectron_Run2012B-22Jan2013-v1_0076.list
new list:   DoubleElectron_Run2012B-22Jan2013-v1_0077.list
new list:   DoubleElectron_Run2012B-22Jan2013-v1_0078.list
new list:   DoubleElectron_Run2012B-22Jan2013-v1_0079.list
new list:   DoubleElectron_Run2012B-22Jan2013-v1_0080.list
new list:   DoubleElectron_Run2012B-22Jan2013-v1_0081.list
new list:   DoubleElectron_Run2012B-22Jan2013-v1_0082.list
new list:   DoubleElectron_Run2012B-22Jan2013-v1_0083.list
new list:   DoubleElectron_Run2012B-22Jan2013-v1_0084.list
new list:   DoubleElectron_Run2012B-22Jan2013-v1_0085.list
new list:   DoubleElectron_Run2012B-22Jan2013-v1_0086.list
new list:   DoubleElectron_Run2012B-22Jan2013-v1_0087.list
new list:   DoubleElectron_Run2012B-22Jan2013-v1_0088.list
new list:   DoubleElectron_Run2012B-22Jan2013-v1_0089.list
new list:   DoubleElectron_Run2012B-22Jan2013-v1_0090.list
new list:   DoubleElectron_Run2012B-22Jan2013-v1_0091.list
new list:   DoubleElectron_Run2012B-22Jan2013-v1_0092.list
new list:   DoubleElectron_Run2012B-22Jan2013-v1_0093.list
new list:   DoubleElectron_Run2012B-22Jan2013-v1_0094.list
new list:   DoubleElectron_Run2012B-22Jan2013-v1_0095.list
new list:   DoubleElectron_Run2012B-22Jan2013-v1_0096.list
new list:   DoubleElectron_Run2012B-22Jan2013-v1_0097.list
++++++++++++++++++++++++++++++++++++++++++++++++++++++++++++++++++++++++++++++++++++++
Working on dataset DoubleElectron_Run2012C-22Jan2013-v1
++++++++++++++++++++++++++++++++++++++++++++++++++++++++++++++++++++++++++++++++++++++
split -l 10 -d -a 4 /tmp/uniq.DoubleElectron_Run2012C-22Jan2013-v1.files.tmp DoubleElectron_Run2012C-22Jan2013-v1_
# of root files in directory: 1490
# of uniq files in directory: 1490 /tmp/uniq.DoubleElectron_Run2012C-22Jan2013-v1.files.tmp
# of files per list: 10
new list:   DoubleElectron_Run2012C-22Jan2013-v1_0000.list
new list:   DoubleElectron_Run2012C-22Jan2013-v1_0001.list
new list:   DoubleElectron_Run2012C-22Jan2013-v1_0002.list
new list:   DoubleElectron_Run2012C-22Jan2013-v1_0003.list
new list:   DoubleElectron_Run2012C-22Jan2013-v1_0004.list
new list:   DoubleElectron_Run2012C-22Jan2013-v1_0005.list
new list:   DoubleElectron_Run2012C-22Jan2013-v1_0006.list
new list:   DoubleElectron_Run2012C-22Jan2013-v1_0007.list
new list:   DoubleElectron_Run2012C-22Jan2013-v1_0008.list
new list:   DoubleElectron_Run2012C-22Jan2013-v1_0009.list
new list:   DoubleElectron_Run2012C-22Jan2013-v1_0010.list
new list:   DoubleElectron_Run2012C-22Jan2013-v1_0011.list
new list:   DoubleElectron_Run2012C-22Jan2013-v1_0012.list
new list:   DoubleElectron_Run2012C-22Jan2013-v1_0013.list
new list:   DoubleElectron_Run2012C-22Jan2013-v1_0014.list
new list:   DoubleElectron_Run2012C-22Jan2013-v1_0015.list
new list:   DoubleElectron_Run2012C-22Jan2013-v1_0016.list
new list:   DoubleElectron_Run2012C-22Jan2013-v1_0017.list
new list:   DoubleElectron_Run2012C-22Jan2013-v1_0018.list
new list:   DoubleElectron_Run2012C-22Jan2013-v1_0019.list
new list:   DoubleElectron_Run2012C-22Jan2013-v1_0020.list
new list:   DoubleElectron_Run2012C-22Jan2013-v1_0021.list
new list:   DoubleElectron_Run2012C-22Jan2013-v1_0022.list
new list:   DoubleElectron_Run2012C-22Jan2013-v1_0023.list
new list:   DoubleElectron_Run2012C-22Jan2013-v1_0024.list
new list:   DoubleElectron_Run2012C-22Jan2013-v1_0025.list
new list:   DoubleElectron_Run2012C-22Jan2013-v1_0026.list
new list:   DoubleElectron_Run2012C-22Jan2013-v1_0027.list
new list:   DoubleElectron_Run2012C-22Jan2013-v1_0028.list
new list:   DoubleElectron_Run2012C-22Jan2013-v1_0029.list
new list:   DoubleElectron_Run2012C-22Jan2013-v1_0030.list
new list:   DoubleElectron_Run2012C-22Jan2013-v1_0031.list
new list:   DoubleElectron_Run2012C-22Jan2013-v1_0032.list
new list:   DoubleElectron_Run2012C-22Jan2013-v1_0033.list
new list:   DoubleElectron_Run2012C-22Jan2013-v1_0034.list
new list:   DoubleElectron_Run2012C-22Jan2013-v1_0035.list
new list:   DoubleElectron_Run2012C-22Jan2013-v1_0036.list
new list:   DoubleElectron_Run2012C-22Jan2013-v1_0037.list
new list:   DoubleElectron_Run2012C-22Jan2013-v1_0038.list
new list:   DoubleElectron_Run2012C-22Jan2013-v1_0039.list
new list:   DoubleElectron_Run2012C-22Jan2013-v1_0040.list
new list:   DoubleElectron_Run2012C-22Jan2013-v1_0041.list
new list:   DoubleElectron_Run2012C-22Jan2013-v1_0042.list
new list:   DoubleElectron_Run2012C-22Jan2013-v1_0043.list
new list:   DoubleElectron_Run2012C-22Jan2013-v1_0044.list
new list:   DoubleElectron_Run2012C-22Jan2013-v1_0045.list
new list:   DoubleElectron_Run2012C-22Jan2013-v1_0046.list
new list:   DoubleElectron_Run2012C-22Jan2013-v1_0047.list
new list:   DoubleElectron_Run2012C-22Jan2013-v1_0048.list
new list:   DoubleElectron_Run2012C-22Jan2013-v1_0049.list
new list:   DoubleElectron_Run2012C-22Jan2013-v1_0050.list
new list:   DoubleElectron_Run2012C-22Jan2013-v1_0051.list
new list:   DoubleElectron_Run2012C-22Jan2013-v1_0052.list
new list:   DoubleElectron_Run2012C-22Jan2013-v1_0053.list
new list:   DoubleElectron_Run2012C-22Jan2013-v1_0054.list
new list:   DoubleElectron_Run2012C-22Jan2013-v1_0055.list
new list:   DoubleElectron_Run2012C-22Jan2013-v1_0056.list
new list:   DoubleElectron_Run2012C-22Jan2013-v1_0057.list
new list:   DoubleElectron_Run2012C-22Jan2013-v1_0058.list
new list:   DoubleElectron_Run2012C-22Jan2013-v1_0059.list
new list:   DoubleElectron_Run2012C-22Jan2013-v1_0060.list
new list:   DoubleElectron_Run2012C-22Jan2013-v1_0061.list
new list:   DoubleElectron_Run2012C-22Jan2013-v1_0062.list
new list:   DoubleElectron_Run2012C-22Jan2013-v1_0063.list
new list:   DoubleElectron_Run2012C-22Jan2013-v1_0064.list
new list:   DoubleElectron_Run2012C-22Jan2013-v1_0065.list
new list:   DoubleElectron_Run2012C-22Jan2013-v1_0066.list
new list:   DoubleElectron_Run2012C-22Jan2013-v1_0067.list
new list:   DoubleElectron_Run2012C-22Jan2013-v1_0068.list
new list:   DoubleElectron_Run2012C-22Jan2013-v1_0069.list
new list:   DoubleElectron_Run2012C-22Jan2013-v1_0070.list
new list:   DoubleElectron_Run2012C-22Jan2013-v1_0071.list
new list:   DoubleElectron_Run2012C-22Jan2013-v1_0072.list
new list:   DoubleElectron_Run2012C-22Jan2013-v1_0073.list
new list:   DoubleElectron_Run2012C-22Jan2013-v1_0074.list
new list:   DoubleElectron_Run2012C-22Jan2013-v1_0075.list
new list:   DoubleElectron_Run2012C-22Jan2013-v1_0076.list
new list:   DoubleElectron_Run2012C-22Jan2013-v1_0077.list
new list:   DoubleElectron_Run2012C-22Jan2013-v1_0078.list
new list:   DoubleElectron_Run2012C-22Jan2013-v1_0079.list
new list:   DoubleElectron_Run2012C-22Jan2013-v1_0080.list
new list:   DoubleElectron_Run2012C-22Jan2013-v1_0081.list
new list:   DoubleElectron_Run2012C-22Jan2013-v1_0082.list
new list:   DoubleElectron_Run2012C-22Jan2013-v1_0083.list
new list:   DoubleElectron_Run2012C-22Jan2013-v1_0084.list
new list:   DoubleElectron_Run2012C-22Jan2013-v1_0085.list
new list:   DoubleElectron_Run2012C-22Jan2013-v1_0086.list
new list:   DoubleElectron_Run2012C-22Jan2013-v1_0087.list
new list:   DoubleElectron_Run2012C-22Jan2013-v1_0088.list
new list:   DoubleElectron_Run2012C-22Jan2013-v1_0089.list
new list:   DoubleElectron_Run2012C-22Jan2013-v1_0090.list
new list:   DoubleElectron_Run2012C-22Jan2013-v1_0091.list
new list:   DoubleElectron_Run2012C-22Jan2013-v1_0092.list
new list:   DoubleElectron_Run2012C-22Jan2013-v1_0093.list
new list:   DoubleElectron_Run2012C-22Jan2013-v1_0094.list
new list:   DoubleElectron_Run2012C-22Jan2013-v1_0095.list
new list:   DoubleElectron_Run2012C-22Jan2013-v1_0096.list
new list:   DoubleElectron_Run2012C-22Jan2013-v1_0097.list
new list:   DoubleElectron_Run2012C-22Jan2013-v1_0098.list
new list:   DoubleElectron_Run2012C-22Jan2013-v1_0099.list
new list:   DoubleElectron_Run2012C-22Jan2013-v1_0100.list
new list:   DoubleElectron_Run2012C-22Jan2013-v1_0101.list
new list:   DoubleElectron_Run2012C-22Jan2013-v1_0102.list
new list:   DoubleElectron_Run2012C-22Jan2013-v1_0103.list
new list:   DoubleElectron_Run2012C-22Jan2013-v1_0104.list
new list:   DoubleElectron_Run2012C-22Jan2013-v1_0105.list
new list:   DoubleElectron_Run2012C-22Jan2013-v1_0106.list
new list:   DoubleElectron_Run2012C-22Jan2013-v1_0107.list
new list:   DoubleElectron_Run2012C-22Jan2013-v1_0108.list
new list:   DoubleElectron_Run2012C-22Jan2013-v1_0109.list
new list:   DoubleElectron_Run2012C-22Jan2013-v1_0110.list
new list:   DoubleElectron_Run2012C-22Jan2013-v1_0111.list
new list:   DoubleElectron_Run2012C-22Jan2013-v1_0112.list
new list:   DoubleElectron_Run2012C-22Jan2013-v1_0113.list
new list:   DoubleElectron_Run2012C-22Jan2013-v1_0114.list
new list:   DoubleElectron_Run2012C-22Jan2013-v1_0115.list
new list:   DoubleElectron_Run2012C-22Jan2013-v1_0116.list
new list:   DoubleElectron_Run2012C-22Jan2013-v1_0117.list
new list:   DoubleElectron_Run2012C-22Jan2013-v1_0118.list
new list:   DoubleElectron_Run2012C-22Jan2013-v1_0119.list
new list:   DoubleElectron_Run2012C-22Jan2013-v1_0120.list
new list:   DoubleElectron_Run2012C-22Jan2013-v1_0121.list
new list:   DoubleElectron_Run2012C-22Jan2013-v1_0122.list
new list:   DoubleElectron_Run2012C-22Jan2013-v1_0123.list
new list:   DoubleElectron_Run2012C-22Jan2013-v1_0124.list
new list:   DoubleElectron_Run2012C-22Jan2013-v1_0125.list
new list:   DoubleElectron_Run2012C-22Jan2013-v1_0126.list
new list:   DoubleElectron_Run2012C-22Jan2013-v1_0127.list
new list:   DoubleElectron_Run2012C-22Jan2013-v1_0128.list
new list:   DoubleElectron_Run2012C-22Jan2013-v1_0129.list
new list:   DoubleElectron_Run2012C-22Jan2013-v1_0130.list
new list:   DoubleElectron_Run2012C-22Jan2013-v1_0131.list
new list:   DoubleElectron_Run2012C-22Jan2013-v1_0132.list
new list:   DoubleElectron_Run2012C-22Jan2013-v1_0133.list
new list:   DoubleElectron_Run2012C-22Jan2013-v1_0134.list
new list:   DoubleElectron_Run2012C-22Jan2013-v1_0135.list
new list:   DoubleElectron_Run2012C-22Jan2013-v1_0136.list
new list:   DoubleElectron_Run2012C-22Jan2013-v1_0137.list
new list:   DoubleElectron_Run2012C-22Jan2013-v1_0138.list
new list:   DoubleElectron_Run2012C-22Jan2013-v1_0139.list
new list:   DoubleElectron_Run2012C-22Jan2013-v1_0140.list
new list:   DoubleElectron_Run2012C-22Jan2013-v1_0141.list
new list:   DoubleElectron_Run2012C-22Jan2013-v1_0142.list
new list:   DoubleElectron_Run2012C-22Jan2013-v1_0143.list
new list:   DoubleElectron_Run2012C-22Jan2013-v1_0144.list
new list:   DoubleElectron_Run2012C-22Jan2013-v1_0145.list
new list:   DoubleElectron_Run2012C-22Jan2013-v1_0146.list
new list:   DoubleElectron_Run2012C-22Jan2013-v1_0147.list
new list:   DoubleElectron_Run2012C-22Jan2013-v1_0148.list
++++++++++++++++++++++++++++++++++++++++++++++++++++++++++++++++++++++++++++++++++++++
Working on dataset DoubleElectron_Run2012D-22Jan2013-v1
++++++++++++++++++++++++++++++++++++++++++++++++++++++++++++++++++++++++++++++++++++++
split -l 10 -d -a 4 /tmp/uniq.DoubleElectron_Run2012D-22Jan2013-v1.files.tmp DoubleElectron_Run2012D-22Jan2013-v1_
# of root files in directory: 1421
# of uniq files in directory: 1421 /tmp/uniq.DoubleElectron_Run2012D-22Jan2013-v1.files.tmp
# of files per list: 10
new list:   DoubleElectron_Run2012D-22Jan2013-v1_0000.list
new list:   DoubleElectron_Run2012D-22Jan2013-v1_0001.list
new list:   DoubleElectron_Run2012D-22Jan2013-v1_0002.list
new list:   DoubleElectron_Run2012D-22Jan2013-v1_0003.list
new list:   DoubleElectron_Run2012D-22Jan2013-v1_0004.list
new list:   DoubleElectron_Run2012D-22Jan2013-v1_0005.list
new list:   DoubleElectron_Run2012D-22Jan2013-v1_0006.list
new list:   DoubleElectron_Run2012D-22Jan2013-v1_0007.list
new list:   DoubleElectron_Run2012D-22Jan2013-v1_0008.list
new list:   DoubleElectron_Run2012D-22Jan2013-v1_0009.list
new list:   DoubleElectron_Run2012D-22Jan2013-v1_0010.list
new list:   DoubleElectron_Run2012D-22Jan2013-v1_0011.list
new list:   DoubleElectron_Run2012D-22Jan2013-v1_0012.list
new list:   DoubleElectron_Run2012D-22Jan2013-v1_0013.list
new list:   DoubleElectron_Run2012D-22Jan2013-v1_0014.list
new list:   DoubleElectron_Run2012D-22Jan2013-v1_0015.list
new list:   DoubleElectron_Run2012D-22Jan2013-v1_0016.list
new list:   DoubleElectron_Run2012D-22Jan2013-v1_0017.list
new list:   DoubleElectron_Run2012D-22Jan2013-v1_0018.list
new list:   DoubleElectron_Run2012D-22Jan2013-v1_0019.list
new list:   DoubleElectron_Run2012D-22Jan2013-v1_0020.list
new list:   DoubleElectron_Run2012D-22Jan2013-v1_0021.list
new list:   DoubleElectron_Run2012D-22Jan2013-v1_0022.list
new list:   DoubleElectron_Run2012D-22Jan2013-v1_0023.list
new list:   DoubleElectron_Run2012D-22Jan2013-v1_0024.list
new list:   DoubleElectron_Run2012D-22Jan2013-v1_0025.list
new list:   DoubleElectron_Run2012D-22Jan2013-v1_0026.list
new list:   DoubleElectron_Run2012D-22Jan2013-v1_0027.list
new list:   DoubleElectron_Run2012D-22Jan2013-v1_0028.list
new list:   DoubleElectron_Run2012D-22Jan2013-v1_0029.list
new list:   DoubleElectron_Run2012D-22Jan2013-v1_0030.list
new list:   DoubleElectron_Run2012D-22Jan2013-v1_0031.list
new list:   DoubleElectron_Run2012D-22Jan2013-v1_0032.list
new list:   DoubleElectron_Run2012D-22Jan2013-v1_0033.list
new list:   DoubleElectron_Run2012D-22Jan2013-v1_0034.list
new list:   DoubleElectron_Run2012D-22Jan2013-v1_0035.list
new list:   DoubleElectron_Run2012D-22Jan2013-v1_0036.list
new list:   DoubleElectron_Run2012D-22Jan2013-v1_0037.list
new list:   DoubleElectron_Run2012D-22Jan2013-v1_0038.list
new list:   DoubleElectron_Run2012D-22Jan2013-v1_0039.list
new list:   DoubleElectron_Run2012D-22Jan2013-v1_0040.list
new list:   DoubleElectron_Run2012D-22Jan2013-v1_0041.list
new list:   DoubleElectron_Run2012D-22Jan2013-v1_0042.list
new list:   DoubleElectron_Run2012D-22Jan2013-v1_0043.list
new list:   DoubleElectron_Run2012D-22Jan2013-v1_0044.list
new list:   DoubleElectron_Run2012D-22Jan2013-v1_0045.list
new list:   DoubleElectron_Run2012D-22Jan2013-v1_0046.list
new list:   DoubleElectron_Run2012D-22Jan2013-v1_0047.list
new list:   DoubleElectron_Run2012D-22Jan2013-v1_0048.list
new list:   DoubleElectron_Run2012D-22Jan2013-v1_0049.list
new list:   DoubleElectron_Run2012D-22Jan2013-v1_0050.list
new list:   DoubleElectron_Run2012D-22Jan2013-v1_0051.list
new list:   DoubleElectron_Run2012D-22Jan2013-v1_0052.list
new list:   DoubleElectron_Run2012D-22Jan2013-v1_0053.list
new list:   DoubleElectron_Run2012D-22Jan2013-v1_0054.list
new list:   DoubleElectron_Run2012D-22Jan2013-v1_0055.list
new list:   DoubleElectron_Run2012D-22Jan2013-v1_0056.list
new list:   DoubleElectron_Run2012D-22Jan2013-v1_0057.list
new list:   DoubleElectron_Run2012D-22Jan2013-v1_0058.list
new list:   DoubleElectron_Run2012D-22Jan2013-v1_0059.list
new list:   DoubleElectron_Run2012D-22Jan2013-v1_0060.list
new list:   DoubleElectron_Run2012D-22Jan2013-v1_0061.list
new list:   DoubleElectron_Run2012D-22Jan2013-v1_0062.list
new list:   DoubleElectron_Run2012D-22Jan2013-v1_0063.list
new list:   DoubleElectron_Run2012D-22Jan2013-v1_0064.list
new list:   DoubleElectron_Run2012D-22Jan2013-v1_0065.list
new list:   DoubleElectron_Run2012D-22Jan2013-v1_0066.list
new list:   DoubleElectron_Run2012D-22Jan2013-v1_0067.list
new list:   DoubleElectron_Run2012D-22Jan2013-v1_0068.list
new list:   DoubleElectron_Run2012D-22Jan2013-v1_0069.list
new list:   DoubleElectron_Run2012D-22Jan2013-v1_0070.list
new list:   DoubleElectron_Run2012D-22Jan2013-v1_0071.list
new list:   DoubleElectron_Run2012D-22Jan2013-v1_0072.list
new list:   DoubleElectron_Run2012D-22Jan2013-v1_0073.list
new list:   DoubleElectron_Run2012D-22Jan2013-v1_0074.list
new list:   DoubleElectron_Run2012D-22Jan2013-v1_0075.list
new list:   DoubleElectron_Run2012D-22Jan2013-v1_0076.list
new list:   DoubleElectron_Run2012D-22Jan2013-v1_0077.list
new list:   DoubleElectron_Run2012D-22Jan2013-v1_0078.list
new list:   DoubleElectron_Run2012D-22Jan2013-v1_0079.list
new list:   DoubleElectron_Run2012D-22Jan2013-v1_0080.list
new list:   DoubleElectron_Run2012D-22Jan2013-v1_0081.list
new list:   DoubleElectron_Run2012D-22Jan2013-v1_0082.list
new list:   DoubleElectron_Run2012D-22Jan2013-v1_0083.list
new list:   DoubleElectron_Run2012D-22Jan2013-v1_0084.list
new list:   DoubleElectron_Run2012D-22Jan2013-v1_0085.list
new list:   DoubleElectron_Run2012D-22Jan2013-v1_0086.list
new list:   DoubleElectron_Run2012D-22Jan2013-v1_0087.list
new list:   DoubleElectron_Run2012D-22Jan2013-v1_0088.list
new list:   DoubleElectron_Run2012D-22Jan2013-v1_0089.list
new list:   DoubleElectron_Run2012D-22Jan2013-v1_0090.list
new list:   DoubleElectron_Run2012D-22Jan2013-v1_0091.list
new list:   DoubleElectron_Run2012D-22Jan2013-v1_0092.list
new list:   DoubleElectron_Run2012D-22Jan2013-v1_0093.list
new list:   DoubleElectron_Run2012D-22Jan2013-v1_0094.list
new list:   DoubleElectron_Run2012D-22Jan2013-v1_0095.list
new list:   DoubleElectron_Run2012D-22Jan2013-v1_0096.list
new list:   DoubleElectron_Run2012D-22Jan2013-v1_0097.list
new list:   DoubleElectron_Run2012D-22Jan2013-v1_0098.list
new list:   DoubleElectron_Run2012D-22Jan2013-v1_0099.list
new list:   DoubleElectron_Run2012D-22Jan2013-v1_0100.list
new list:   DoubleElectron_Run2012D-22Jan2013-v1_0101.list
new list:   DoubleElectron_Run2012D-22Jan2013-v1_0102.list
new list:   DoubleElectron_Run2012D-22Jan2013-v1_0103.list
new list:   DoubleElectron_Run2012D-22Jan2013-v1_0104.list
new list:   DoubleElectron_Run2012D-22Jan2013-v1_0105.list
new list:   DoubleElectron_Run2012D-22Jan2013-v1_0106.list
new list:   DoubleElectron_Run2012D-22Jan2013-v1_0107.list
new list:   DoubleElectron_Run2012D-22Jan2013-v1_0108.list
new list:   DoubleElectron_Run2012D-22Jan2013-v1_0109.list
new list:   DoubleElectron_Run2012D-22Jan2013-v1_0110.list
new list:   DoubleElectron_Run2012D-22Jan2013-v1_0111.list
new list:   DoubleElectron_Run2012D-22Jan2013-v1_0112.list
new list:   DoubleElectron_Run2012D-22Jan2013-v1_0113.list
new list:   DoubleElectron_Run2012D-22Jan2013-v1_0114.list
new list:   DoubleElectron_Run2012D-22Jan2013-v1_0115.list
new list:   DoubleElectron_Run2012D-22Jan2013-v1_0116.list
new list:   DoubleElectron_Run2012D-22Jan2013-v1_0117.list
new list:   DoubleElectron_Run2012D-22Jan2013-v1_0118.list
new list:   DoubleElectron_Run2012D-22Jan2013-v1_0119.list
new list:   DoubleElectron_Run2012D-22Jan2013-v1_0120.list
new list:   DoubleElectron_Run2012D-22Jan2013-v1_0121.list
new list:   DoubleElectron_Run2012D-22Jan2013-v1_0122.list
new list:   DoubleElectron_Run2012D-22Jan2013-v1_0123.list
new list:   DoubleElectron_Run2012D-22Jan2013-v1_0124.list
new list:   DoubleElectron_Run2012D-22Jan2013-v1_0125.list
new list:   DoubleElectron_Run2012D-22Jan2013-v1_0126.list
new list:   DoubleElectron_Run2012D-22Jan2013-v1_0127.list
new list:   DoubleElectron_Run2012D-22Jan2013-v1_0128.list
new list:   DoubleElectron_Run2012D-22Jan2013-v1_0129.list
new list:   DoubleElectron_Run2012D-22Jan2013-v1_0130.list
new list:   DoubleElectron_Run2012D-22Jan2013-v1_0131.list
new list:   DoubleElectron_Run2012D-22Jan2013-v1_0132.list
new list:   DoubleElectron_Run2012D-22Jan2013-v1_0133.list
new list:   DoubleElectron_Run2012D-22Jan2013-v1_0134.list
new list:   DoubleElectron_Run2012D-22Jan2013-v1_0135.list
new list:   DoubleElectron_Run2012D-22Jan2013-v1_0136.list
new list:   DoubleElectron_Run2012D-22Jan2013-v1_0137.list
new list:   DoubleElectron_Run2012D-22Jan2013-v1_0138.list
new list:   DoubleElectron_Run2012D-22Jan2013-v1_0139.list
new list:   DoubleElectron_Run2012D-22Jan2013-v1_0140.list
new list:   DoubleElectron_Run2012D-22Jan2013-v1_0141.list
new list:   DoubleElectron_Run2012D-22Jan2013-v1_0142.list
++++++++++++++++++++++++++++++++++++++++++++++++++++++++++++++++++++++++++++++++++++++
Working on dataset Photon_Run2012A-22Jan2013-v1
++++++++++++++++++++++++++++++++++++++++++++++++++++++++++++++++++++++++++++++++++++++
split -l 10 -d -a 4 /tmp/uniq.Photon_Run2012A-22Jan2013-v1.files.tmp Photon_Run2012A-22Jan2013-v1_
# of root files in directory: 428
# of uniq files in directory: 428 /tmp/uniq.Photon_Run2012A-22Jan2013-v1.files.tmp
# of files per list: 10
new list:   Photon_Run2012A-22Jan2013-v1_0000.list
new list:   Photon_Run2012A-22Jan2013-v1_0001.list
new list:   Photon_Run2012A-22Jan2013-v1_0002.list
new list:   Photon_Run2012A-22Jan2013-v1_0003.list
new list:   Photon_Run2012A-22Jan2013-v1_0004.list
new list:   Photon_Run2012A-22Jan2013-v1_0005.list
new list:   Photon_Run2012A-22Jan2013-v1_0006.list
new list:   Photon_Run2012A-22Jan2013-v1_0007.list
new list:   Photon_Run2012A-22Jan2013-v1_0008.list
new list:   Photon_Run2012A-22Jan2013-v1_0009.list
new list:   Photon_Run2012A-22Jan2013-v1_0010.list
new list:   Photon_Run2012A-22Jan2013-v1_0011.list
new list:   Photon_Run2012A-22Jan2013-v1_0012.list
new list:   Photon_Run2012A-22Jan2013-v1_0013.list
new list:   Photon_Run2012A-22Jan2013-v1_0014.list
new list:   Photon_Run2012A-22Jan2013-v1_0015.list
new list:   Photon_Run2012A-22Jan2013-v1_0016.list
new list:   Photon_Run2012A-22Jan2013-v1_0017.list
new list:   Photon_Run2012A-22Jan2013-v1_0018.list
new list:   Photon_Run2012A-22Jan2013-v1_0019.list
new list:   Photon_Run2012A-22Jan2013-v1_0020.list
new list:   Photon_Run2012A-22Jan2013-v1_0021.list
new list:   Photon_Run2012A-22Jan2013-v1_0022.list
new list:   Photon_Run2012A-22Jan2013-v1_0023.list
new list:   Photon_Run2012A-22Jan2013-v1_0024.list
new list:   Photon_Run2012A-22Jan2013-v1_0025.list
new list:   Photon_Run2012A-22Jan2013-v1_0026.list
new list:   Photon_Run2012A-22Jan2013-v1_0027.list
new list:   Photon_Run2012A-22Jan2013-v1_0028.list
new list:   Photon_Run2012A-22Jan2013-v1_0029.list
new list:   Photon_Run2012A-22Jan2013-v1_0030.list
new list:   Photon_Run2012A-22Jan2013-v1_0031.list
new list:   Photon_Run2012A-22Jan2013-v1_0032.list
new list:   Photon_Run2012A-22Jan2013-v1_0033.list
new list:   Photon_Run2012A-22Jan2013-v1_0034.list
new list:   Photon_Run2012A-22Jan2013-v1_0035.list
new list:   Photon_Run2012A-22Jan2013-v1_0036.list
new list:   Photon_Run2012A-22Jan2013-v1_0037.list
new list:   Photon_Run2012A-22Jan2013-v1_0038.list
new list:   Photon_Run2012A-22Jan2013-v1_0039.list
new list:   Photon_Run2012A-22Jan2013-v1_0040.list
new list:   Photon_Run2012A-22Jan2013-v1_0041.list
new list:   Photon_Run2012A-22Jan2013-v1_0042.list
++++++++++++++++++++++++++++++++++++++++++++++++++++++++++++++++++++++++++++++++++++++
Working on dataset SinglePhotonParked_Run2012D-22Jan2013-v1
++++++++++++++++++++++++++++++++++++++++++++++++++++++++++++++++++++++++++++++++++++++
split -l 10 -d -a 4 /tmp/uniq.SinglePhotonParked_Run2012D-22Jan2013-v1.files.tmp SinglePhotonParked_Run2012D-22Jan2013-v1_
# of root files in directory: 1837
# of uniq files in directory: 1830 /tmp/uniq.SinglePhotonParked_Run2012D-22Jan2013-v1.files.tmp
# of files per list: 10
new list:   SinglePhotonParked_Run2012D-22Jan2013-v1_0000.list
new list:   SinglePhotonParked_Run2012D-22Jan2013-v1_0001.list
new list:   SinglePhotonParked_Run2012D-22Jan2013-v1_0002.list
new list:   SinglePhotonParked_Run2012D-22Jan2013-v1_0003.list
new list:   SinglePhotonParked_Run2012D-22Jan2013-v1_0004.list
new list:   SinglePhotonParked_Run2012D-22Jan2013-v1_0005.list
new list:   SinglePhotonParked_Run2012D-22Jan2013-v1_0006.list
new list:   SinglePhotonParked_Run2012D-22Jan2013-v1_0007.list
new list:   SinglePhotonParked_Run2012D-22Jan2013-v1_0008.list
new list:   SinglePhotonParked_Run2012D-22Jan2013-v1_0009.list
new list:   SinglePhotonParked_Run2012D-22Jan2013-v1_0010.list
new list:   SinglePhotonParked_Run2012D-22Jan2013-v1_0011.list
new list:   SinglePhotonParked_Run2012D-22Jan2013-v1_0012.list
new list:   SinglePhotonParked_Run2012D-22Jan2013-v1_0013.list
new list:   SinglePhotonParked_Run2012D-22Jan2013-v1_0014.list
new list:   SinglePhotonParked_Run2012D-22Jan2013-v1_0015.list
new list:   SinglePhotonParked_Run2012D-22Jan2013-v1_0016.list
new list:   SinglePhotonParked_Run2012D-22Jan2013-v1_0017.list
new list:   SinglePhotonParked_Run2012D-22Jan2013-v1_0018.list
new list:   SinglePhotonParked_Run2012D-22Jan2013-v1_0019.list
new list:   SinglePhotonParked_Run2012D-22Jan2013-v1_0020.list
new list:   SinglePhotonParked_Run2012D-22Jan2013-v1_0021.list
new list:   SinglePhotonParked_Run2012D-22Jan2013-v1_0022.list
new list:   SinglePhotonParked_Run2012D-22Jan2013-v1_0023.list
new list:   SinglePhotonParked_Run2012D-22Jan2013-v1_0024.list
new list:   SinglePhotonParked_Run2012D-22Jan2013-v1_0025.list
new list:   SinglePhotonParked_Run2012D-22Jan2013-v1_0026.list
new list:   SinglePhotonParked_Run2012D-22Jan2013-v1_0027.list
new list:   SinglePhotonParked_Run2012D-22Jan2013-v1_0028.list
new list:   SinglePhotonParked_Run2012D-22Jan2013-v1_0029.list
new list:   SinglePhotonParked_Run2012D-22Jan2013-v1_0030.list
new list:   SinglePhotonParked_Run2012D-22Jan2013-v1_0031.list
new list:   SinglePhotonParked_Run2012D-22Jan2013-v1_0032.list
new list:   SinglePhotonParked_Run2012D-22Jan2013-v1_0033.list
new list:   SinglePhotonParked_Run2012D-22Jan2013-v1_0034.list
new list:   SinglePhotonParked_Run2012D-22Jan2013-v1_0035.list
new list:   SinglePhotonParked_Run2012D-22Jan2013-v1_0036.list
new list:   SinglePhotonParked_Run2012D-22Jan2013-v1_0037.list
new list:   SinglePhotonParked_Run2012D-22Jan2013-v1_0038.list
new list:   SinglePhotonParked_Run2012D-22Jan2013-v1_0039.list
new list:   SinglePhotonParked_Run2012D-22Jan2013-v1_0040.list
new list:   SinglePhotonParked_Run2012D-22Jan2013-v1_0041.list
new list:   SinglePhotonParked_Run2012D-22Jan2013-v1_0042.list
new list:   SinglePhotonParked_Run2012D-22Jan2013-v1_0043.list
new list:   SinglePhotonParked_Run2012D-22Jan2013-v1_0044.list
new list:   SinglePhotonParked_Run2012D-22Jan2013-v1_0045.list
new list:   SinglePhotonParked_Run2012D-22Jan2013-v1_0046.list
new list:   SinglePhotonParked_Run2012D-22Jan2013-v1_0047.list
new list:   SinglePhotonParked_Run2012D-22Jan2013-v1_0048.list
new list:   SinglePhotonParked_Run2012D-22Jan2013-v1_0049.list
new list:   SinglePhotonParked_Run2012D-22Jan2013-v1_0050.list
new list:   SinglePhotonParked_Run2012D-22Jan2013-v1_0051.list
new list:   SinglePhotonParked_Run2012D-22Jan2013-v1_0052.list
new list:   SinglePhotonParked_Run2012D-22Jan2013-v1_0053.list
new list:   SinglePhotonParked_Run2012D-22Jan2013-v1_0054.list
new list:   SinglePhotonParked_Run2012D-22Jan2013-v1_0055.list
new list:   SinglePhotonParked_Run2012D-22Jan2013-v1_0056.list
new list:   SinglePhotonParked_Run2012D-22Jan2013-v1_0057.list
new list:   SinglePhotonParked_Run2012D-22Jan2013-v1_0058.list
new list:   SinglePhotonParked_Run2012D-22Jan2013-v1_0059.list
new list:   SinglePhotonParked_Run2012D-22Jan2013-v1_0060.list
new list:   SinglePhotonParked_Run2012D-22Jan2013-v1_0061.list
new list:   SinglePhotonParked_Run2012D-22Jan2013-v1_0062.list
new list:   SinglePhotonParked_Run2012D-22Jan2013-v1_0063.list
new list:   SinglePhotonParked_Run2012D-22Jan2013-v1_0064.list
new list:   SinglePhotonParked_Run2012D-22Jan2013-v1_0065.list
new list:   SinglePhotonParked_Run2012D-22Jan2013-v1_0066.list
new list:   SinglePhotonParked_Run2012D-22Jan2013-v1_0067.list
new list:   SinglePhotonParked_Run2012D-22Jan2013-v1_0068.list
new list:   SinglePhotonParked_Run2012D-22Jan2013-v1_0069.list
new list:   SinglePhotonParked_Run2012D-22Jan2013-v1_0070.list
new list:   SinglePhotonParked_Run2012D-22Jan2013-v1_0071.list
new list:   SinglePhotonParked_Run2012D-22Jan2013-v1_0072.list
new list:   SinglePhotonParked_Run2012D-22Jan2013-v1_0073.list
new list:   SinglePhotonParked_Run2012D-22Jan2013-v1_0074.list
new list:   SinglePhotonParked_Run2012D-22Jan2013-v1_0075.list
new list:   SinglePhotonParked_Run2012D-22Jan2013-v1_0076.list
new list:   SinglePhotonParked_Run2012D-22Jan2013-v1_0077.list
new list:   SinglePhotonParked_Run2012D-22Jan2013-v1_0078.list
new list:   SinglePhotonParked_Run2012D-22Jan2013-v1_0079.list
new list:   SinglePhotonParked_Run2012D-22Jan2013-v1_0080.list
new list:   SinglePhotonParked_Run2012D-22Jan2013-v1_0081.list
new list:   SinglePhotonParked_Run2012D-22Jan2013-v1_0082.list
new list:   SinglePhotonParked_Run2012D-22Jan2013-v1_0083.list
new list:   SinglePhotonParked_Run2012D-22Jan2013-v1_0084.list
new list:   SinglePhotonParked_Run2012D-22Jan2013-v1_0085.list
new list:   SinglePhotonParked_Run2012D-22Jan2013-v1_0086.list
new list:   SinglePhotonParked_Run2012D-22Jan2013-v1_0087.list
new list:   SinglePhotonParked_Run2012D-22Jan2013-v1_0088.list
new list:   SinglePhotonParked_Run2012D-22Jan2013-v1_0089.list
new list:   SinglePhotonParked_Run2012D-22Jan2013-v1_0090.list
new list:   SinglePhotonParked_Run2012D-22Jan2013-v1_0091.list
new list:   SinglePhotonParked_Run2012D-22Jan2013-v1_0092.list
new list:   SinglePhotonParked_Run2012D-22Jan2013-v1_0093.list
new list:   SinglePhotonParked_Run2012D-22Jan2013-v1_0094.list
new list:   SinglePhotonParked_Run2012D-22Jan2013-v1_0095.list
new list:   SinglePhotonParked_Run2012D-22Jan2013-v1_0096.list
new list:   SinglePhotonParked_Run2012D-22Jan2013-v1_0097.list
new list:   SinglePhotonParked_Run2012D-22Jan2013-v1_0098.list
new list:   SinglePhotonParked_Run2012D-22Jan2013-v1_0099.list
new list:   SinglePhotonParked_Run2012D-22Jan2013-v1_0100.list
new list:   SinglePhotonParked_Run2012D-22Jan2013-v1_0101.list
new list:   SinglePhotonParked_Run2012D-22Jan2013-v1_0102.list
new list:   SinglePhotonParked_Run2012D-22Jan2013-v1_0103.list
new list:   SinglePhotonParked_Run2012D-22Jan2013-v1_0104.list
new list:   SinglePhotonParked_Run2012D-22Jan2013-v1_0105.list
new list:   SinglePhotonParked_Run2012D-22Jan2013-v1_0106.list
new list:   SinglePhotonParked_Run2012D-22Jan2013-v1_0107.list
new list:   SinglePhotonParked_Run2012D-22Jan2013-v1_0108.list
new list:   SinglePhotonParked_Run2012D-22Jan2013-v1_0109.list
new list:   SinglePhotonParked_Run2012D-22Jan2013-v1_0110.list
new list:   SinglePhotonParked_Run2012D-22Jan2013-v1_0111.list
new list:   SinglePhotonParked_Run2012D-22Jan2013-v1_0112.list
new list:   SinglePhotonParked_Run2012D-22Jan2013-v1_0113.list
new list:   SinglePhotonParked_Run2012D-22Jan2013-v1_0114.list
new list:   SinglePhotonParked_Run2012D-22Jan2013-v1_0115.list
new list:   SinglePhotonParked_Run2012D-22Jan2013-v1_0116.list
new list:   SinglePhotonParked_Run2012D-22Jan2013-v1_0117.list
new list:   SinglePhotonParked_Run2012D-22Jan2013-v1_0118.list
new list:   SinglePhotonParked_Run2012D-22Jan2013-v1_0119.list
new list:   SinglePhotonParked_Run2012D-22Jan2013-v1_0120.list
new list:   SinglePhotonParked_Run2012D-22Jan2013-v1_0121.list
new list:   SinglePhotonParked_Run2012D-22Jan2013-v1_0122.list
new list:   SinglePhotonParked_Run2012D-22Jan2013-v1_0123.list
new list:   SinglePhotonParked_Run2012D-22Jan2013-v1_0124.list
new list:   SinglePhotonParked_Run2012D-22Jan2013-v1_0125.list
new list:   SinglePhotonParked_Run2012D-22Jan2013-v1_0126.list
new list:   SinglePhotonParked_Run2012D-22Jan2013-v1_0127.list
new list:   SinglePhotonParked_Run2012D-22Jan2013-v1_0128.list
new list:   SinglePhotonParked_Run2012D-22Jan2013-v1_0129.list
new list:   SinglePhotonParked_Run2012D-22Jan2013-v1_0130.list
new list:   SinglePhotonParked_Run2012D-22Jan2013-v1_0131.list
new list:   SinglePhotonParked_Run2012D-22Jan2013-v1_0132.list
new list:   SinglePhotonParked_Run2012D-22Jan2013-v1_0133.list
new list:   SinglePhotonParked_Run2012D-22Jan2013-v1_0134.list
new list:   SinglePhotonParked_Run2012D-22Jan2013-v1_0135.list
new list:   SinglePhotonParked_Run2012D-22Jan2013-v1_0136.list
new list:   SinglePhotonParked_Run2012D-22Jan2013-v1_0137.list
new list:   SinglePhotonParked_Run2012D-22Jan2013-v1_0138.list
new list:   SinglePhotonParked_Run2012D-22Jan2013-v1_0139.list
new list:   SinglePhotonParked_Run2012D-22Jan2013-v1_0140.list
new list:   SinglePhotonParked_Run2012D-22Jan2013-v1_0141.list
new list:   SinglePhotonParked_Run2012D-22Jan2013-v1_0142.list
new list:   SinglePhotonParked_Run2012D-22Jan2013-v1_0143.list
new list:   SinglePhotonParked_Run2012D-22Jan2013-v1_0144.list
new list:   SinglePhotonParked_Run2012D-22Jan2013-v1_0145.list
new list:   SinglePhotonParked_Run2012D-22Jan2013-v1_0146.list
new list:   SinglePhotonParked_Run2012D-22Jan2013-v1_0147.list
new list:   SinglePhotonParked_Run2012D-22Jan2013-v1_0148.list
new list:   SinglePhotonParked_Run2012D-22Jan2013-v1_0149.list
new list:   SinglePhotonParked_Run2012D-22Jan2013-v1_0150.list
new list:   SinglePhotonParked_Run2012D-22Jan2013-v1_0151.list
new list:   SinglePhotonParked_Run2012D-22Jan2013-v1_0152.list
new list:   SinglePhotonParked_Run2012D-22Jan2013-v1_0153.list
new list:   SinglePhotonParked_Run2012D-22Jan2013-v1_0154.list
new list:   SinglePhotonParked_Run2012D-22Jan2013-v1_0155.list
new list:   SinglePhotonParked_Run2012D-22Jan2013-v1_0156.list
new list:   SinglePhotonParked_Run2012D-22Jan2013-v1_0157.list
new list:   SinglePhotonParked_Run2012D-22Jan2013-v1_0158.list
new list:   SinglePhotonParked_Run2012D-22Jan2013-v1_0159.list
new list:   SinglePhotonParked_Run2012D-22Jan2013-v1_0160.list
new list:   SinglePhotonParked_Run2012D-22Jan2013-v1_0161.list
new list:   SinglePhotonParked_Run2012D-22Jan2013-v1_0162.list
new list:   SinglePhotonParked_Run2012D-22Jan2013-v1_0163.list
new list:   SinglePhotonParked_Run2012D-22Jan2013-v1_0164.list
new list:   SinglePhotonParked_Run2012D-22Jan2013-v1_0165.list
new list:   SinglePhotonParked_Run2012D-22Jan2013-v1_0166.list
new list:   SinglePhotonParked_Run2012D-22Jan2013-v1_0167.list
new list:   SinglePhotonParked_Run2012D-22Jan2013-v1_0168.list
new list:   SinglePhotonParked_Run2012D-22Jan2013-v1_0169.list
new list:   SinglePhotonParked_Run2012D-22Jan2013-v1_0170.list
new list:   SinglePhotonParked_Run2012D-22Jan2013-v1_0171.list
new list:   SinglePhotonParked_Run2012D-22Jan2013-v1_0172.list
new list:   SinglePhotonParked_Run2012D-22Jan2013-v1_0173.list
new list:   SinglePhotonParked_Run2012D-22Jan2013-v1_0174.list
new list:   SinglePhotonParked_Run2012D-22Jan2013-v1_0175.list
new list:   SinglePhotonParked_Run2012D-22Jan2013-v1_0176.list
new list:   SinglePhotonParked_Run2012D-22Jan2013-v1_0177.list
new list:   SinglePhotonParked_Run2012D-22Jan2013-v1_0178.list
new list:   SinglePhotonParked_Run2012D-22Jan2013-v1_0179.list
new list:   SinglePhotonParked_Run2012D-22Jan2013-v1_0180.list
new list:   SinglePhotonParked_Run2012D-22Jan2013-v1_0181.list
new list:   SinglePhotonParked_Run2012D-22Jan2013-v1_0182.list
++++++++++++++++++++++++++++++++++++++++++++++++++++++++++++++++++++++++++++++++++++++
Working on dataset SinglePhoton_Run2012B-22Jan2013-v1
++++++++++++++++++++++++++++++++++++++++++++++++++++++++++++++++++++++++++++++++++++++
split -l 10 -d -a 4 /tmp/uniq.SinglePhoton_Run2012B-22Jan2013-v1.files.tmp SinglePhoton_Run2012B-22Jan2013-v1_
# of root files in directory: 799
# of uniq files in directory: 799 /tmp/uniq.SinglePhoton_Run2012B-22Jan2013-v1.files.tmp
# of files per list: 10
new list:   SinglePhoton_Run2012B-22Jan2013-v1_0000.list
new list:   SinglePhoton_Run2012B-22Jan2013-v1_0001.list
new list:   SinglePhoton_Run2012B-22Jan2013-v1_0002.list
new list:   SinglePhoton_Run2012B-22Jan2013-v1_0003.list
new list:   SinglePhoton_Run2012B-22Jan2013-v1_0004.list
new list:   SinglePhoton_Run2012B-22Jan2013-v1_0005.list
new list:   SinglePhoton_Run2012B-22Jan2013-v1_0006.list
new list:   SinglePhoton_Run2012B-22Jan2013-v1_0007.list
new list:   SinglePhoton_Run2012B-22Jan2013-v1_0008.list
new list:   SinglePhoton_Run2012B-22Jan2013-v1_0009.list
new list:   SinglePhoton_Run2012B-22Jan2013-v1_0010.list
new list:   SinglePhoton_Run2012B-22Jan2013-v1_0011.list
new list:   SinglePhoton_Run2012B-22Jan2013-v1_0012.list
new list:   SinglePhoton_Run2012B-22Jan2013-v1_0013.list
new list:   SinglePhoton_Run2012B-22Jan2013-v1_0014.list
new list:   SinglePhoton_Run2012B-22Jan2013-v1_0015.list
new list:   SinglePhoton_Run2012B-22Jan2013-v1_0016.list
new list:   SinglePhoton_Run2012B-22Jan2013-v1_0017.list
new list:   SinglePhoton_Run2012B-22Jan2013-v1_0018.list
new list:   SinglePhoton_Run2012B-22Jan2013-v1_0019.list
new list:   SinglePhoton_Run2012B-22Jan2013-v1_0020.list
new list:   SinglePhoton_Run2012B-22Jan2013-v1_0021.list
new list:   SinglePhoton_Run2012B-22Jan2013-v1_0022.list
new list:   SinglePhoton_Run2012B-22Jan2013-v1_0023.list
new list:   SinglePhoton_Run2012B-22Jan2013-v1_0024.list
new list:   SinglePhoton_Run2012B-22Jan2013-v1_0025.list
new list:   SinglePhoton_Run2012B-22Jan2013-v1_0026.list
new list:   SinglePhoton_Run2012B-22Jan2013-v1_0027.list
new list:   SinglePhoton_Run2012B-22Jan2013-v1_0028.list
new list:   SinglePhoton_Run2012B-22Jan2013-v1_0029.list
new list:   SinglePhoton_Run2012B-22Jan2013-v1_0030.list
new list:   SinglePhoton_Run2012B-22Jan2013-v1_0031.list
new list:   SinglePhoton_Run2012B-22Jan2013-v1_0032.list
new list:   SinglePhoton_Run2012B-22Jan2013-v1_0033.list
new list:   SinglePhoton_Run2012B-22Jan2013-v1_0034.list
new list:   SinglePhoton_Run2012B-22Jan2013-v1_0035.list
new list:   SinglePhoton_Run2012B-22Jan2013-v1_0036.list
new list:   SinglePhoton_Run2012B-22Jan2013-v1_0037.list
new list:   SinglePhoton_Run2012B-22Jan2013-v1_0038.list
new list:   SinglePhoton_Run2012B-22Jan2013-v1_0039.list
new list:   SinglePhoton_Run2012B-22Jan2013-v1_0040.list
new list:   SinglePhoton_Run2012B-22Jan2013-v1_0041.list
new list:   SinglePhoton_Run2012B-22Jan2013-v1_0042.list
new list:   SinglePhoton_Run2012B-22Jan2013-v1_0043.list
new list:   SinglePhoton_Run2012B-22Jan2013-v1_0044.list
new list:   SinglePhoton_Run2012B-22Jan2013-v1_0045.list
new list:   SinglePhoton_Run2012B-22Jan2013-v1_0046.list
new list:   SinglePhoton_Run2012B-22Jan2013-v1_0047.list
new list:   SinglePhoton_Run2012B-22Jan2013-v1_0048.list
new list:   SinglePhoton_Run2012B-22Jan2013-v1_0049.list
new list:   SinglePhoton_Run2012B-22Jan2013-v1_0050.list
new list:   SinglePhoton_Run2012B-22Jan2013-v1_0051.list
new list:   SinglePhoton_Run2012B-22Jan2013-v1_0052.list
new list:   SinglePhoton_Run2012B-22Jan2013-v1_0053.list
new list:   SinglePhoton_Run2012B-22Jan2013-v1_0054.list
new list:   SinglePhoton_Run2012B-22Jan2013-v1_0055.list
new list:   SinglePhoton_Run2012B-22Jan2013-v1_0056.list
new list:   SinglePhoton_Run2012B-22Jan2013-v1_0057.list
new list:   SinglePhoton_Run2012B-22Jan2013-v1_0058.list
new list:   SinglePhoton_Run2012B-22Jan2013-v1_0059.list
new list:   SinglePhoton_Run2012B-22Jan2013-v1_0060.list
new list:   SinglePhoton_Run2012B-22Jan2013-v1_0061.list
new list:   SinglePhoton_Run2012B-22Jan2013-v1_0062.list
new list:   SinglePhoton_Run2012B-22Jan2013-v1_0063.list
new list:   SinglePhoton_Run2012B-22Jan2013-v1_0064.list
new list:   SinglePhoton_Run2012B-22Jan2013-v1_0065.list
new list:   SinglePhoton_Run2012B-22Jan2013-v1_0066.list
new list:   SinglePhoton_Run2012B-22Jan2013-v1_0067.list
new list:   SinglePhoton_Run2012B-22Jan2013-v1_0068.list
new list:   SinglePhoton_Run2012B-22Jan2013-v1_0069.list
new list:   SinglePhoton_Run2012B-22Jan2013-v1_0070.list
new list:   SinglePhoton_Run2012B-22Jan2013-v1_0071.list
new list:   SinglePhoton_Run2012B-22Jan2013-v1_0072.list
new list:   SinglePhoton_Run2012B-22Jan2013-v1_0073.list
new list:   SinglePhoton_Run2012B-22Jan2013-v1_0074.list
new list:   SinglePhoton_Run2012B-22Jan2013-v1_0075.list
new list:   SinglePhoton_Run2012B-22Jan2013-v1_0076.list
new list:   SinglePhoton_Run2012B-22Jan2013-v1_0077.list
new list:   SinglePhoton_Run2012B-22Jan2013-v1_0078.list
new list:   SinglePhoton_Run2012B-22Jan2013-v1_0079.list
++++++++++++++++++++++++++++++++++++++++++++++++++++++++++++++++++++++++++++++++++++++
Working on dataset SinglePhoton_Run2012C-22Jan2013-v1
++++++++++++++++++++++++++++++++++++++++++++++++++++++++++++++++++++++++++++++++++++++
split -l 10 -d -a 4 /tmp/uniq.SinglePhoton_Run2012C-22Jan2013-v1.files.tmp SinglePhoton_Run2012C-22Jan2013-v1_
# of root files in directory: 1354
# of uniq files in directory: 1353 /tmp/uniq.SinglePhoton_Run2012C-22Jan2013-v1.files.tmp
# of files per list: 10
new list:   SinglePhoton_Run2012C-22Jan2013-v1_0000.list
new list:   SinglePhoton_Run2012C-22Jan2013-v1_0001.list
new list:   SinglePhoton_Run2012C-22Jan2013-v1_0002.list
new list:   SinglePhoton_Run2012C-22Jan2013-v1_0003.list
new list:   SinglePhoton_Run2012C-22Jan2013-v1_0004.list
new list:   SinglePhoton_Run2012C-22Jan2013-v1_0005.list
new list:   SinglePhoton_Run2012C-22Jan2013-v1_0006.list
new list:   SinglePhoton_Run2012C-22Jan2013-v1_0007.list
new list:   SinglePhoton_Run2012C-22Jan2013-v1_0008.list
new list:   SinglePhoton_Run2012C-22Jan2013-v1_0009.list
new list:   SinglePhoton_Run2012C-22Jan2013-v1_0010.list
new list:   SinglePhoton_Run2012C-22Jan2013-v1_0011.list
new list:   SinglePhoton_Run2012C-22Jan2013-v1_0012.list
new list:   SinglePhoton_Run2012C-22Jan2013-v1_0013.list
new list:   SinglePhoton_Run2012C-22Jan2013-v1_0014.list
new list:   SinglePhoton_Run2012C-22Jan2013-v1_0015.list
new list:   SinglePhoton_Run2012C-22Jan2013-v1_0016.list
new list:   SinglePhoton_Run2012C-22Jan2013-v1_0017.list
new list:   SinglePhoton_Run2012C-22Jan2013-v1_0018.list
new list:   SinglePhoton_Run2012C-22Jan2013-v1_0019.list
new list:   SinglePhoton_Run2012C-22Jan2013-v1_0020.list
new list:   SinglePhoton_Run2012C-22Jan2013-v1_0021.list
new list:   SinglePhoton_Run2012C-22Jan2013-v1_0022.list
new list:   SinglePhoton_Run2012C-22Jan2013-v1_0023.list
new list:   SinglePhoton_Run2012C-22Jan2013-v1_0024.list
new list:   SinglePhoton_Run2012C-22Jan2013-v1_0025.list
new list:   SinglePhoton_Run2012C-22Jan2013-v1_0026.list
new list:   SinglePhoton_Run2012C-22Jan2013-v1_0027.list
new list:   SinglePhoton_Run2012C-22Jan2013-v1_0028.list
new list:   SinglePhoton_Run2012C-22Jan2013-v1_0029.list
new list:   SinglePhoton_Run2012C-22Jan2013-v1_0030.list
new list:   SinglePhoton_Run2012C-22Jan2013-v1_0031.list
new list:   SinglePhoton_Run2012C-22Jan2013-v1_0032.list
new list:   SinglePhoton_Run2012C-22Jan2013-v1_0033.list
new list:   SinglePhoton_Run2012C-22Jan2013-v1_0034.list
new list:   SinglePhoton_Run2012C-22Jan2013-v1_0035.list
new list:   SinglePhoton_Run2012C-22Jan2013-v1_0036.list
new list:   SinglePhoton_Run2012C-22Jan2013-v1_0037.list
new list:   SinglePhoton_Run2012C-22Jan2013-v1_0038.list
new list:   SinglePhoton_Run2012C-22Jan2013-v1_0039.list
new list:   SinglePhoton_Run2012C-22Jan2013-v1_0040.list
new list:   SinglePhoton_Run2012C-22Jan2013-v1_0041.list
new list:   SinglePhoton_Run2012C-22Jan2013-v1_0042.list
new list:   SinglePhoton_Run2012C-22Jan2013-v1_0043.list
new list:   SinglePhoton_Run2012C-22Jan2013-v1_0044.list
new list:   SinglePhoton_Run2012C-22Jan2013-v1_0045.list
new list:   SinglePhoton_Run2012C-22Jan2013-v1_0046.list
new list:   SinglePhoton_Run2012C-22Jan2013-v1_0047.list
new list:   SinglePhoton_Run2012C-22Jan2013-v1_0048.list
new list:   SinglePhoton_Run2012C-22Jan2013-v1_0049.list
new list:   SinglePhoton_Run2012C-22Jan2013-v1_0050.list
new list:   SinglePhoton_Run2012C-22Jan2013-v1_0051.list
new list:   SinglePhoton_Run2012C-22Jan2013-v1_0052.list
new list:   SinglePhoton_Run2012C-22Jan2013-v1_0053.list
new list:   SinglePhoton_Run2012C-22Jan2013-v1_0054.list
new list:   SinglePhoton_Run2012C-22Jan2013-v1_0055.list
new list:   SinglePhoton_Run2012C-22Jan2013-v1_0056.list
new list:   SinglePhoton_Run2012C-22Jan2013-v1_0057.list
new list:   SinglePhoton_Run2012C-22Jan2013-v1_0058.list
new list:   SinglePhoton_Run2012C-22Jan2013-v1_0059.list
new list:   SinglePhoton_Run2012C-22Jan2013-v1_0060.list
new list:   SinglePhoton_Run2012C-22Jan2013-v1_0061.list
new list:   SinglePhoton_Run2012C-22Jan2013-v1_0062.list
new list:   SinglePhoton_Run2012C-22Jan2013-v1_0063.list
new list:   SinglePhoton_Run2012C-22Jan2013-v1_0064.list
new list:   SinglePhoton_Run2012C-22Jan2013-v1_0065.list
new list:   SinglePhoton_Run2012C-22Jan2013-v1_0066.list
new list:   SinglePhoton_Run2012C-22Jan2013-v1_0067.list
new list:   SinglePhoton_Run2012C-22Jan2013-v1_0068.list
new list:   SinglePhoton_Run2012C-22Jan2013-v1_0069.list
new list:   SinglePhoton_Run2012C-22Jan2013-v1_0070.list
new list:   SinglePhoton_Run2012C-22Jan2013-v1_0071.list
new list:   SinglePhoton_Run2012C-22Jan2013-v1_0072.list
new list:   SinglePhoton_Run2012C-22Jan2013-v1_0073.list
new list:   SinglePhoton_Run2012C-22Jan2013-v1_0074.list
new list:   SinglePhoton_Run2012C-22Jan2013-v1_0075.list
new list:   SinglePhoton_Run2012C-22Jan2013-v1_0076.list
new list:   SinglePhoton_Run2012C-22Jan2013-v1_0077.list
new list:   SinglePhoton_Run2012C-22Jan2013-v1_0078.list
new list:   SinglePhoton_Run2012C-22Jan2013-v1_0079.list
new list:   SinglePhoton_Run2012C-22Jan2013-v1_0080.list
new list:   SinglePhoton_Run2012C-22Jan2013-v1_0081.list
new list:   SinglePhoton_Run2012C-22Jan2013-v1_0082.list
new list:   SinglePhoton_Run2012C-22Jan2013-v1_0083.list
new list:   SinglePhoton_Run2012C-22Jan2013-v1_0084.list
new list:   SinglePhoton_Run2012C-22Jan2013-v1_0085.list
new list:   SinglePhoton_Run2012C-22Jan2013-v1_0086.list
new list:   SinglePhoton_Run2012C-22Jan2013-v1_0087.list
new list:   SinglePhoton_Run2012C-22Jan2013-v1_0088.list
new list:   SinglePhoton_Run2012C-22Jan2013-v1_0089.list
new list:   SinglePhoton_Run2012C-22Jan2013-v1_0090.list
new list:   SinglePhoton_Run2012C-22Jan2013-v1_0091.list
new list:   SinglePhoton_Run2012C-22Jan2013-v1_0092.list
new list:   SinglePhoton_Run2012C-22Jan2013-v1_0093.list
new list:   SinglePhoton_Run2012C-22Jan2013-v1_0094.list
new list:   SinglePhoton_Run2012C-22Jan2013-v1_0095.list
new list:   SinglePhoton_Run2012C-22Jan2013-v1_0096.list
new list:   SinglePhoton_Run2012C-22Jan2013-v1_0097.list
new list:   SinglePhoton_Run2012C-22Jan2013-v1_0098.list
new list:   SinglePhoton_Run2012C-22Jan2013-v1_0099.list
new list:   SinglePhoton_Run2012C-22Jan2013-v1_0100.list
new list:   SinglePhoton_Run2012C-22Jan2013-v1_0101.list
new list:   SinglePhoton_Run2012C-22Jan2013-v1_0102.list
new list:   SinglePhoton_Run2012C-22Jan2013-v1_0103.list
new list:   SinglePhoton_Run2012C-22Jan2013-v1_0104.list
new list:   SinglePhoton_Run2012C-22Jan2013-v1_0105.list
new list:   SinglePhoton_Run2012C-22Jan2013-v1_0106.list
new list:   SinglePhoton_Run2012C-22Jan2013-v1_0107.list
new list:   SinglePhoton_Run2012C-22Jan2013-v1_0108.list
new list:   SinglePhoton_Run2012C-22Jan2013-v1_0109.list
new list:   SinglePhoton_Run2012C-22Jan2013-v1_0110.list
new list:   SinglePhoton_Run2012C-22Jan2013-v1_0111.list
new list:   SinglePhoton_Run2012C-22Jan2013-v1_0112.list
new list:   SinglePhoton_Run2012C-22Jan2013-v1_0113.list
new list:   SinglePhoton_Run2012C-22Jan2013-v1_0114.list
new list:   SinglePhoton_Run2012C-22Jan2013-v1_0115.list
new list:   SinglePhoton_Run2012C-22Jan2013-v1_0116.list
new list:   SinglePhoton_Run2012C-22Jan2013-v1_0117.list
new list:   SinglePhoton_Run2012C-22Jan2013-v1_0118.list
new list:   SinglePhoton_Run2012C-22Jan2013-v1_0119.list
new list:   SinglePhoton_Run2012C-22Jan2013-v1_0120.list
new list:   SinglePhoton_Run2012C-22Jan2013-v1_0121.list
new list:   SinglePhoton_Run2012C-22Jan2013-v1_0122.list
new list:   SinglePhoton_Run2012C-22Jan2013-v1_0123.list
new list:   SinglePhoton_Run2012C-22Jan2013-v1_0124.list
new list:   SinglePhoton_Run2012C-22Jan2013-v1_0125.list
new list:   SinglePhoton_Run2012C-22Jan2013-v1_0126.list
new list:   SinglePhoton_Run2012C-22Jan2013-v1_0127.list
new list:   SinglePhoton_Run2012C-22Jan2013-v1_0128.list
new list:   SinglePhoton_Run2012C-22Jan2013-v1_0129.list
new list:   SinglePhoton_Run2012C-22Jan2013-v1_0130.list
new list:   SinglePhoton_Run2012C-22Jan2013-v1_0131.list
new list:   SinglePhoton_Run2012C-22Jan2013-v1_0132.list
new list:   SinglePhoton_Run2012C-22Jan2013-v1_0133.list
new list:   SinglePhoton_Run2012C-22Jan2013-v1_0134.list
new list:   SinglePhoton_Run2012C-22Jan2013-v1_0135.list
