++++++++++++++++++++++++++++++++++++++++++++++++++++++++++++++++++++++++++++++++++++++
Working on dataset DoubleElectron_Run2012A-22Jan2013-v1
++++++++++++++++++++++++++++++++++++++++++++++++++++++++++++++++++++++++++++++++++++++
split -l 10 -d -a 4 /tmp/uniq.DoubleElectron_Run2012A-22Jan2013-v1.files.tmp DoubleElectron_Run2012A-22Jan2013-v1_
# of root files in directory: 408
# of uniq files in directory: 408 /tmp/uniq.DoubleElectron_Run2012A-22Jan2013-v1.files.tmp
# of files per list: 10
new list:   DoubleElectron_Run2012A-22Jan2013-v1_0000.list
new list:   DoubleElectron_Run2012A-22Jan2013-v1_0001.list
new list:   DoubleElectron_Run2012A-22Jan2013-v1_0002.list
new list:   DoubleElectron_Run2012A-22Jan2013-v1_0003.list
new list:   DoubleElectron_Run2012A-22Jan2013-v1_0004.list
new list:   DoubleElectron_Run2012A-22Jan2013-v1_0005.list
new list:   DoubleElectron_Run2012A-22Jan2013-v1_0006.list
new list:   DoubleElectron_Run2012A-22Jan2013-v1_0007.list
new list:   DoubleElectron_Run2012A-22Jan2013-v1_0008.list
new list:   DoubleElectron_Run2012A-22Jan2013-v1_0009.list
new list:   DoubleElectron_Run2012A-22Jan2013-v1_0010.list
new list:   DoubleElectron_Run2012A-22Jan2013-v1_0011.list
new list:   DoubleElectron_Run2012A-22Jan2013-v1_0012.list
new list:   DoubleElectron_Run2012A-22Jan2013-v1_0013.list
new list:   DoubleElectron_Run2012A-22Jan2013-v1_0014.list
new list:   DoubleElectron_Run2012A-22Jan2013-v1_0015.list
new list:   DoubleElectron_Run2012A-22Jan2013-v1_0016.list
new list:   DoubleElectron_Run2012A-22Jan2013-v1_0017.list
new list:   DoubleElectron_Run2012A-22Jan2013-v1_0018.list
new list:   DoubleElectron_Run2012A-22Jan2013-v1_0019.list
new list:   DoubleElectron_Run2012A-22Jan2013-v1_0020.list
new list:   DoubleElectron_Run2012A-22Jan2013-v1_0021.list
new list:   DoubleElectron_Run2012A-22Jan2013-v1_0022.list
new list:   DoubleElectron_Run2012A-22Jan2013-v1_0023.list
new list:   DoubleElectron_Run2012A-22Jan2013-v1_0024.list
new list:   DoubleElectron_Run2012A-22Jan2013-v1_0025.list
new list:   DoubleElectron_Run2012A-22Jan2013-v1_0026.list
new list:   DoubleElectron_Run2012A-22Jan2013-v1_0027.list
new list:   DoubleElectron_Run2012A-22Jan2013-v1_0028.list
new list:   DoubleElectron_Run2012A-22Jan2013-v1_0029.list
new list:   DoubleElectron_Run2012A-22Jan2013-v1_0030.list
new list:   DoubleElectron_Run2012A-22Jan2013-v1_0031.list
new list:   DoubleElectron_Run2012A-22Jan2013-v1_0032.list
new list:   DoubleElectron_Run2012A-22Jan2013-v1_0033.list
new list:   DoubleElectron_Run2012A-22Jan2013-v1_0034.list
new list:   DoubleElectron_Run2012A-22Jan2013-v1_0035.list
new list:   DoubleElectron_Run2012A-22Jan2013-v1_0036.list
new list:   DoubleElectron_Run2012A-22Jan2013-v1_0037.list
new list:   DoubleElectron_Run2012A-22Jan2013-v1_0038.list
new list:   DoubleElectron_Run2012A-22Jan2013-v1_0039.list
new list:   DoubleElectron_Run2012A-22Jan2013-v1_0040.list
++++++++++++++++++++++++++++++++++++++++++++++++++++++++++++++++++++++++++++++++++++++
Working on dataset DoubleElectron_Run2012B-22Jan2013-v1
++++++++++++++++++++++++++++++++++++++++++++++++++++++++++++++++++++++++++++++++++++++
split -l 10 -d -a 4 /tmp/uniq.DoubleElectron_Run2012B-22Jan2013-v1.files.tmp DoubleElectron_Run2012B-22Jan2013-v1_
# of root files in directory: 978
# of uniq files in directory: 978 /tmp/uniq.DoubleElectron_Run2012B-22Jan2013-v1.files.tmp
# of files per list: 10
new list:   DoubleElectron_Run2012B-22Jan2013-v1_0000.list
new list:   DoubleElectron_Run2012B-22Jan2013-v1_0001.list
new list:   DoubleElectron_Run2012B-22Jan2013-v1_0002.list
new list:   DoubleElectron_Run2012B-22Jan2013-v1_0003.list
new list:   DoubleElectron_Run2012B-22Jan2013-v1_0004.list
new list:   DoubleElectron_Run2012B-22Jan2013-v1_0005.list
new list:   DoubleElectron_Run2012B-22Jan2013-v1_0006.list
new list:   DoubleElectron_Run2012B-22Jan2013-v1_0007.list
new list:   DoubleElectron_Run2012B-22Jan2013-v1_0008.list
new list:   DoubleElectron_Run2012B-22Jan2013-v1_0009.list
new list:   DoubleElectron_Run2012B-22Jan2013-v1_0010.list
new list:   DoubleElectron_Run2012B-22Jan2013-v1_0011.list
new list:   DoubleElectron_Run2012B-22Jan2013-v1_0012.list
new list:   DoubleElectron_Run2012B-22Jan2013-v1_0013.list
new list:   DoubleElectron_Run2012B-22Jan2013-v1_0014.list
new list:   DoubleElectron_Run2012B-22Jan2013-v1_0015.list
new list:   DoubleElectron_Run2012B-22Jan2013-v1_0016.list
new list:   DoubleElectron_Run2012B-22Jan2013-v1_0017.list
new list:   DoubleElectron_Run2012B-22Jan2013-v1_0018.list
new list:   DoubleElectron_Run2012B-22Jan2013-v1_0019.list
new list:   DoubleElectron_Run2012B-22Jan2013-v1_0020.list
new list:   DoubleElectron_Run2012B-22Jan2013-v1_0021.list
new list:   DoubleElectron_Run2012B-22Jan2013-v1_0022.list
new list:   DoubleElectron_Run2012B-22Jan2013-v1_0023.list
new list:   DoubleElectron_Run2012B-22Jan2013-v1_0024.list
new list:   DoubleElectron_Run2012B-22Jan2013-v1_0025.list
new list:   DoubleElectron_Run2012B-22Jan2013-v1_0026.list
new list:   DoubleElectron_Run2012B-22Jan2013-v1_0027.list
new list:   DoubleElectron_Run2012B-22Jan2013-v1_0028.list
new list:   DoubleElectron_Run2012B-22Jan2013-v1_0029.list
new list:   DoubleElectron_Run2012B-22Jan2013-v1_0030.list
new list:   DoubleElectron_Run2012B-22Jan2013-v1_0031.list
new list:   DoubleElectron_Run2012B-22Jan2013-v1_0032.list
new list:   DoubleElectron_Run2012B-22Jan2013-v1_0033.list
new list:   DoubleElectron_Run2012B-22Jan2013-v1_0034.list
new list:   DoubleElectron_Run2012B-22Jan2013-v1_0035.list
new list:   DoubleElectron_Run2012B-22Jan2013-v1_0036.list
new list:   DoubleElectron_Run2012B-22Jan2013-v1_0037.list
new list:   DoubleElectron_Run2012B-22Jan2013-v1_0038.list
new list:   DoubleElectron_Run2012B-22Jan2013-v1_0039.list
new list:   DoubleElectron_Run2012B-22Jan2013-v1_0040.list
new list:   DoubleElectron_Run2012B-22Jan2013-v1_0041.list
new list:   DoubleElectron_Run2012B-22Jan2013-v1_0042.list
new list:   DoubleElectron_Run2012B-22Jan2013-v1_0043.list
new list:   DoubleElectron_Run2012B-22Jan2013-v1_0044.list
new list:   DoubleElectron_Run2012B-22Jan2013-v1_0045.list
new list:   DoubleElectron_Run2012B-22Jan2013-v1_0046.list
new list:   DoubleElectron_Run2012B-22Jan2013-v1_0047.list
new list:   DoubleElectron_Run2012B-22Jan2013-v1_0048.list
new list:   DoubleElectron_Run2012B-22Jan2013-v1_0049.list
new list:   DoubleElectron_Run2012B-22Jan2013-v1_0050.list
new list:   DoubleElectron_Run2012B-22Jan2013-v1_0051.list
new list:   DoubleElectron_Run2012B-22Jan2013-v1_0052.list
new list:   DoubleElectron_Run2012B-22Jan2013-v1_0053.list
new list:   DoubleElectron_Run2012B-22Jan2013-v1_0054.list
new list:   DoubleElectron_Run2012B-22Jan2013-v1_0055.list
new list:   DoubleElectron_Run2012B-22Jan2013-v1_0056.list
new list:   DoubleElectron_Run2012B-22Jan2013-v1_0057.list
new list:   DoubleElectron_Run2012B-22Jan2013-v1_0058.list
new list:   DoubleElectron_Run2012B-22Jan2013-v1_0059.list
new list:   DoubleElectron_Run2012B-22Jan2013-v1_0060.list
new list:   DoubleElectron_Run2012B-22Jan2013-v1_0061.list
new list:   DoubleElectron_Run2012B-22Jan2013-v1_0062.list
new list:   DoubleElectron_Run2012B-22Jan2013-v1_0063.list
new list:   DoubleElectron_Run2012B-22Jan2013-v1_0064.list
new list:   DoubleElectron_Run2012B-22Jan2013-v1_0065.list
new list:   DoubleElectron_Run2012B-22Jan2013-v1_0066.list
new list:   DoubleElectron_Run2012B-22Jan2013-v1_0067.list
new list:   DoubleElectron_Run2012B-22Jan2013-v1_0068.list
new list:   DoubleElectron_Run2012B-22Jan2013-v1_0069.list
new list:   DoubleElectron_Run2012B-22Jan2013-v1_0070.list
new list:   DoubleElectron_Run2012B-22Jan2013-v1_0071.list
new list:   DoubleElectron_Run2012B-22Jan2013-v1_0072.list
new list:   DoubleElectron_Run2012B-22Jan2013-v1_0073.list
new list:   DoubleElectron_Run2012B-22Jan2013-v1_0074.list
new list:   DoubleElectron_Run2012B-22Jan2013-v1_0075.list
new list:   DoubleElectron_Run2012B-22Jan2013-v1_0076.list
new list:   DoubleElectron_Run2012B-22Jan2013-v1_0077.list
new list:   DoubleElectron_Run2012B-22Jan2013-v1_0078.list
new list:   DoubleElectron_Run2012B-22Jan2013-v1_0079.list
new list:   DoubleElectron_Run2012B-22Jan2013-v1_0080.list
new list:   DoubleElectron_Run2012B-22Jan2013-v1_0081.list
new list:   DoubleElectron_Run2012B-22Jan2013-v1_0082.list
new list:   DoubleElectron_Run2012B-22Jan2013-v1_0083.list
new list:   DoubleElectron_Run2012B-22Jan2013-v1_0084.list
new list:   DoubleElectron_Run2012B-22Jan2013-v1_0085.list
new list:   DoubleElectron_Run2012B-22Jan2013-v1_0086.list
new list:   DoubleElectron_Run2012B-22Jan2013-v1_0087.list
new list:   DoubleElectron_Run2012B-22Jan2013-v1_0088.list
new list:   DoubleElectron_Run2012B-22Jan2013-v1_0089.list
new list:   DoubleElectron_Run2012B-22Jan2013-v1_0090.list
new list:   DoubleElectron_Run2012B-22Jan2013-v1_0091.list
new list:   DoubleElectron_Run2012B-22Jan2013-v1_0092.list
new list:   DoubleElectron_Run2012B-22Jan2013-v1_0093.list
new list:   DoubleElectron_Run2012B-22Jan2013-v1_0094.list
new list:   DoubleElectron_Run2012B-22Jan2013-v1_0095.list
new list:   DoubleElectron_Run2012B-22Jan2013-v1_0096.list
new list:   DoubleElectron_Run2012B-22Jan2013-v1_0097.list
++++++++++++++++++++++++++++++++++++++++++++++++++++++++++++++++++++++++++++++++++++++
Working on dataset DoubleElectron_Run2012C-22Jan2013-v1
++++++++++++++++++++++++++++++++++++++++++++++++++++++++++++++++++++++++++++++++++++++
split -l 10 -d -a 4 /tmp/uniq.DoubleElectron_Run2012C-22Jan2013-v1.files.tmp DoubleElectron_Run2012C-22Jan2013-v1_
# of root files in directory: 1492
# of uniq files in directory: 1490 /tmp/uniq.DoubleElectron_Run2012C-22Jan2013-v1.files.tmp
# of files per list: 10
new list:   DoubleElectron_Run2012C-22Jan2013-v1_0000.list
new list:   DoubleElectron_Run2012C-22Jan2013-v1_0001.list
new list:   DoubleElectron_Run2012C-22Jan2013-v1_0002.list
new list:   DoubleElectron_Run2012C-22Jan2013-v1_0003.list
new list:   DoubleElectron_Run2012C-22Jan2013-v1_0004.list
new list:   DoubleElectron_Run2012C-22Jan2013-v1_0005.list
new list:   DoubleElectron_Run2012C-22Jan2013-v1_0006.list
new list:   DoubleElectron_Run2012C-22Jan2013-v1_0007.list
new list:   DoubleElectron_Run2012C-22Jan2013-v1_0008.list
new list:   DoubleElectron_Run2012C-22Jan2013-v1_0009.list
new list:   DoubleElectron_Run2012C-22Jan2013-v1_0010.list
new list:   DoubleElectron_Run2012C-22Jan2013-v1_0011.list
new list:   DoubleElectron_Run2012C-22Jan2013-v1_0012.list
new list:   DoubleElectron_Run2012C-22Jan2013-v1_0013.list
new list:   DoubleElectron_Run2012C-22Jan2013-v1_0014.list
new list:   DoubleElectron_Run2012C-22Jan2013-v1_0015.list
new list:   DoubleElectron_Run2012C-22Jan2013-v1_0016.list
new list:   DoubleElectron_Run2012C-22Jan2013-v1_0017.list
new list:   DoubleElectron_Run2012C-22Jan2013-v1_0018.list
new list:   DoubleElectron_Run2012C-22Jan2013-v1_0019.list
new list:   DoubleElectron_Run2012C-22Jan2013-v1_0020.list
new list:   DoubleElectron_Run2012C-22Jan2013-v1_0021.list
new list:   DoubleElectron_Run2012C-22Jan2013-v1_0022.list
new list:   DoubleElectron_Run2012C-22Jan2013-v1_0023.list
new list:   DoubleElectron_Run2012C-22Jan2013-v1_0024.list
new list:   DoubleElectron_Run2012C-22Jan2013-v1_0025.list
new list:   DoubleElectron_Run2012C-22Jan2013-v1_0026.list
new list:   DoubleElectron_Run2012C-22Jan2013-v1_0027.list
new list:   DoubleElectron_Run2012C-22Jan2013-v1_0028.list
new list:   DoubleElectron_Run2012C-22Jan2013-v1_0029.list
new list:   DoubleElectron_Run2012C-22Jan2013-v1_0030.list
new list:   DoubleElectron_Run2012C-22Jan2013-v1_0031.list
new list:   DoubleElectron_Run2012C-22Jan2013-v1_0032.list
new list:   DoubleElectron_Run2012C-22Jan2013-v1_0033.list
new list:   DoubleElectron_Run2012C-22Jan2013-v1_0034.list
new list:   DoubleElectron_Run2012C-22Jan2013-v1_0035.list
new list:   DoubleElectron_Run2012C-22Jan2013-v1_0036.list
new list:   DoubleElectron_Run2012C-22Jan2013-v1_0037.list
new list:   DoubleElectron_Run2012C-22Jan2013-v1_0038.list
new list:   DoubleElectron_Run2012C-22Jan2013-v1_0039.list
new list:   DoubleElectron_Run2012C-22Jan2013-v1_0040.list
new list:   DoubleElectron_Run2012C-22Jan2013-v1_0041.list
new list:   DoubleElectron_Run2012C-22Jan2013-v1_0042.list
new list:   DoubleElectron_Run2012C-22Jan2013-v1_0043.list
new list:   DoubleElectron_Run2012C-22Jan2013-v1_0044.list
new list:   DoubleElectron_Run2012C-22Jan2013-v1_0045.list
new list:   DoubleElectron_Run2012C-22Jan2013-v1_0046.list
new list:   DoubleElectron_Run2012C-22Jan2013-v1_0047.list
new list:   DoubleElectron_Run2012C-22Jan2013-v1_0048.list
new list:   DoubleElectron_Run2012C-22Jan2013-v1_0049.list
new list:   DoubleElectron_Run2012C-22Jan2013-v1_0050.list
new list:   DoubleElectron_Run2012C-22Jan2013-v1_0051.list
new list:   DoubleElectron_Run2012C-22Jan2013-v1_0052.list
new list:   DoubleElectron_Run2012C-22Jan2013-v1_0053.list
new list:   DoubleElectron_Run2012C-22Jan2013-v1_0054.list
new list:   DoubleElectron_Run2012C-22Jan2013-v1_0055.list
new list:   DoubleElectron_Run2012C-22Jan2013-v1_0056.list
new list:   DoubleElectron_Run2012C-22Jan2013-v1_0057.list
new list:   DoubleElectron_Run2012C-22Jan2013-v1_0058.list
new list:   DoubleElectron_Run2012C-22Jan2013-v1_0059.list
new list:   DoubleElectron_Run2012C-22Jan2013-v1_0060.list
new list:   DoubleElectron_Run2012C-22Jan2013-v1_0061.list
new list:   DoubleElectron_Run2012C-22Jan2013-v1_0062.list
new list:   DoubleElectron_Run2012C-22Jan2013-v1_0063.list
new list:   DoubleElectron_Run2012C-22Jan2013-v1_0064.list
new list:   DoubleElectron_Run2012C-22Jan2013-v1_0065.list
new list:   DoubleElectron_Run2012C-22Jan2013-v1_0066.list
new list:   DoubleElectron_Run2012C-22Jan2013-v1_0067.list
new list:   DoubleElectron_Run2012C-22Jan2013-v1_0068.list
new list:   DoubleElectron_Run2012C-22Jan2013-v1_0069.list
new list:   DoubleElectron_Run2012C-22Jan2013-v1_0070.list
new list:   DoubleElectron_Run2012C-22Jan2013-v1_0071.list
new list:   DoubleElectron_Run2012C-22Jan2013-v1_0072.list
new list:   DoubleElectron_Run2012C-22Jan2013-v1_0073.list
new list:   DoubleElectron_Run2012C-22Jan2013-v1_0074.list
new list:   DoubleElectron_Run2012C-22Jan2013-v1_0075.list
new list:   DoubleElectron_Run2012C-22Jan2013-v1_0076.list
new list:   DoubleElectron_Run2012C-22Jan2013-v1_0077.list
new list:   DoubleElectron_Run2012C-22Jan2013-v1_0078.list
new list:   DoubleElectron_Run2012C-22Jan2013-v1_0079.list
new list:   DoubleElectron_Run2012C-22Jan2013-v1_0080.list
new list:   DoubleElectron_Run2012C-22Jan2013-v1_0081.list
new list:   DoubleElectron_Run2012C-22Jan2013-v1_0082.list
new list:   DoubleElectron_Run2012C-22Jan2013-v1_0083.list
new list:   DoubleElectron_Run2012C-22Jan2013-v1_0084.list
new list:   DoubleElectron_Run2012C-22Jan2013-v1_0085.list
new list:   DoubleElectron_Run2012C-22Jan2013-v1_0086.list
new list:   DoubleElectron_Run2012C-22Jan2013-v1_0087.list
new list:   DoubleElectron_Run2012C-22Jan2013-v1_0088.list
new list:   DoubleElectron_Run2012C-22Jan2013-v1_0089.list
new list:   DoubleElectron_Run2012C-22Jan2013-v1_0090.list
new list:   DoubleElectron_Run2012C-22Jan2013-v1_0091.list
new list:   DoubleElectron_Run2012C-22Jan2013-v1_0092.list
new list:   DoubleElectron_Run2012C-22Jan2013-v1_0093.list
new list:   DoubleElectron_Run2012C-22Jan2013-v1_0094.list
new list:   DoubleElectron_Run2012C-22Jan2013-v1_0095.list
new list:   DoubleElectron_Run2012C-22Jan2013-v1_0096.list
new list:   DoubleElectron_Run2012C-22Jan2013-v1_0097.list
new list:   DoubleElectron_Run2012C-22Jan2013-v1_0098.list
new list:   DoubleElectron_Run2012C-22Jan2013-v1_0099.list
new list:   DoubleElectron_Run2012C-22Jan2013-v1_0100.list
new list:   DoubleElectron_Run2012C-22Jan2013-v1_0101.list
new list:   DoubleElectron_Run2012C-22Jan2013-v1_0102.list
new list:   DoubleElectron_Run2012C-22Jan2013-v1_0103.list
new list:   DoubleElectron_Run2012C-22Jan2013-v1_0104.list
new list:   DoubleElectron_Run2012C-22Jan2013-v1_0105.list
new list:   DoubleElectron_Run2012C-22Jan2013-v1_0106.list
new list:   DoubleElectron_Run2012C-22Jan2013-v1_0107.list
new list:   DoubleElectron_Run2012C-22Jan2013-v1_0108.list
new list:   DoubleElectron_Run2012C-22Jan2013-v1_0109.list
new list:   DoubleElectron_Run2012C-22Jan2013-v1_0110.list
new list:   DoubleElectron_Run2012C-22Jan2013-v1_0111.list
new list:   DoubleElectron_Run2012C-22Jan2013-v1_0112.list
new list:   DoubleElectron_Run2012C-22Jan2013-v1_0113.list
new list:   DoubleElectron_Run2012C-22Jan2013-v1_0114.list
new list:   DoubleElectron_Run2012C-22Jan2013-v1_0115.list
new list:   DoubleElectron_Run2012C-22Jan2013-v1_0116.list
new list:   DoubleElectron_Run2012C-22Jan2013-v1_0117.list
new list:   DoubleElectron_Run2012C-22Jan2013-v1_0118.list
new list:   DoubleElectron_Run2012C-22Jan2013-v1_0119.list
new list:   DoubleElectron_Run2012C-22Jan2013-v1_0120.list
new list:   DoubleElectron_Run2012C-22Jan2013-v1_0121.list
new list:   DoubleElectron_Run2012C-22Jan2013-v1_0122.list
new list:   DoubleElectron_Run2012C-22Jan2013-v1_0123.list
new list:   DoubleElectron_Run2012C-22Jan2013-v1_0124.list
new list:   DoubleElectron_Run2012C-22Jan2013-v1_0125.list
new list:   DoubleElectron_Run2012C-22Jan2013-v1_0126.list
new list:   DoubleElectron_Run2012C-22Jan2013-v1_0127.list
new list:   DoubleElectron_Run2012C-22Jan2013-v1_0128.list
new list:   DoubleElectron_Run2012C-22Jan2013-v1_0129.list
new list:   DoubleElectron_Run2012C-22Jan2013-v1_0130.list
new list:   DoubleElectron_Run2012C-22Jan2013-v1_0131.list
new list:   DoubleElectron_Run2012C-22Jan2013-v1_0132.list
new list:   DoubleElectron_Run2012C-22Jan2013-v1_0133.list
new list:   DoubleElectron_Run2012C-22Jan2013-v1_0134.list
new list:   DoubleElectron_Run2012C-22Jan2013-v1_0135.list
new list:   DoubleElectron_Run2012C-22Jan2013-v1_0136.list
new list:   DoubleElectron_Run2012C-22Jan2013-v1_0137.list
new list:   DoubleElectron_Run2012C-22Jan2013-v1_0138.list
new list:   DoubleElectron_Run2012C-22Jan2013-v1_0139.list
new list:   DoubleElectron_Run2012C-22Jan2013-v1_0140.list
new list:   DoubleElectron_Run2012C-22Jan2013-v1_0141.list
new list:   DoubleElectron_Run2012C-22Jan2013-v1_0142.list
new list:   DoubleElectron_Run2012C-22Jan2013-v1_0143.list
new list:   DoubleElectron_Run2012C-22Jan2013-v1_0144.list
new list:   DoubleElectron_Run2012C-22Jan2013-v1_0145.list
new list:   DoubleElectron_Run2012C-22Jan2013-v1_0146.list
new list:   DoubleElectron_Run2012C-22Jan2013-v1_0147.list
new list:   DoubleElectron_Run2012C-22Jan2013-v1_0148.list
++++++++++++++++++++++++++++++++++++++++++++++++++++++++++++++++++++++++++++++++++++++
Working on dataset DoubleElectron_Run2012D-22Jan2013-v1
++++++++++++++++++++++++++++++++++++++++++++++++++++++++++++++++++++++++++++++++++++++
split -l 10 -d -a 4 /tmp/uniq.DoubleElectron_Run2012D-22Jan2013-v1.files.tmp DoubleElectron_Run2012D-22Jan2013-v1_
# of root files in directory: 1421
# of uniq files in directory: 1421 /tmp/uniq.DoubleElectron_Run2012D-22Jan2013-v1.files.tmp
# of files per list: 10
new list:   DoubleElectron_Run2012D-22Jan2013-v1_0000.list
new list:   DoubleElectron_Run2012D-22Jan2013-v1_0001.list
new list:   DoubleElectron_Run2012D-22Jan2013-v1_0002.list
new list:   DoubleElectron_Run2012D-22Jan2013-v1_0003.list
new list:   DoubleElectron_Run2012D-22Jan2013-v1_0004.list
new list:   DoubleElectron_Run2012D-22Jan2013-v1_0005.list
new list:   DoubleElectron_Run2012D-22Jan2013-v1_0006.list
new list:   DoubleElectron_Run2012D-22Jan2013-v1_0007.list
new list:   DoubleElectron_Run2012D-22Jan2013-v1_0008.list
new list:   DoubleElectron_Run2012D-22Jan2013-v1_0009.list
new list:   DoubleElectron_Run2012D-22Jan2013-v1_0010.list
new list:   DoubleElectron_Run2012D-22Jan2013-v1_0011.list
new list:   DoubleElectron_Run2012D-22Jan2013-v1_0012.list
new list:   DoubleElectron_Run2012D-22Jan2013-v1_0013.list
new list:   DoubleElectron_Run2012D-22Jan2013-v1_0014.list
new list:   DoubleElectron_Run2012D-22Jan2013-v1_0015.list
new list:   DoubleElectron_Run2012D-22Jan2013-v1_0016.list
new list:   DoubleElectron_Run2012D-22Jan2013-v1_0017.list
new list:   DoubleElectron_Run2012D-22Jan2013-v1_0018.list
new list:   DoubleElectron_Run2012D-22Jan2013-v1_0019.list
new list:   DoubleElectron_Run2012D-22Jan2013-v1_0020.list
new list:   DoubleElectron_Run2012D-22Jan2013-v1_0021.list
new list:   DoubleElectron_Run2012D-22Jan2013-v1_0022.list
new list:   DoubleElectron_Run2012D-22Jan2013-v1_0023.list
new list:   DoubleElectron_Run2012D-22Jan2013-v1_0024.list
new list:   DoubleElectron_Run2012D-22Jan2013-v1_0025.list
new list:   DoubleElectron_Run2012D-22Jan2013-v1_0026.list
new list:   DoubleElectron_Run2012D-22Jan2013-v1_0027.list
new list:   DoubleElectron_Run2012D-22Jan2013-v1_0028.list
new list:   DoubleElectron_Run2012D-22Jan2013-v1_0029.list
new list:   DoubleElectron_Run2012D-22Jan2013-v1_0030.list
new list:   DoubleElectron_Run2012D-22Jan2013-v1_0031.list
new list:   DoubleElectron_Run2012D-22Jan2013-v1_0032.list
new list:   DoubleElectron_Run2012D-22Jan2013-v1_0033.list
new list:   DoubleElectron_Run2012D-22Jan2013-v1_0034.list
new list:   DoubleElectron_Run2012D-22Jan2013-v1_0035.list
new list:   DoubleElectron_Run2012D-22Jan2013-v1_0036.list
new list:   DoubleElectron_Run2012D-22Jan2013-v1_0037.list
new list:   DoubleElectron_Run2012D-22Jan2013-v1_0038.list
new list:   DoubleElectron_Run2012D-22Jan2013-v1_0039.list
new list:   DoubleElectron_Run2012D-22Jan2013-v1_0040.list
new list:   DoubleElectron_Run2012D-22Jan2013-v1_0041.list
new list:   DoubleElectron_Run2012D-22Jan2013-v1_0042.list
new list:   DoubleElectron_Run2012D-22Jan2013-v1_0043.list
new list:   DoubleElectron_Run2012D-22Jan2013-v1_0044.list
new list:   DoubleElectron_Run2012D-22Jan2013-v1_0045.list
new list:   DoubleElectron_Run2012D-22Jan2013-v1_0046.list
new list:   DoubleElectron_Run2012D-22Jan2013-v1_0047.list
new list:   DoubleElectron_Run2012D-22Jan2013-v1_0048.list
new list:   DoubleElectron_Run2012D-22Jan2013-v1_0049.list
new list:   DoubleElectron_Run2012D-22Jan2013-v1_0050.list
new list:   DoubleElectron_Run2012D-22Jan2013-v1_0051.list
new list:   DoubleElectron_Run2012D-22Jan2013-v1_0052.list
new list:   DoubleElectron_Run2012D-22Jan2013-v1_0053.list
new list:   DoubleElectron_Run2012D-22Jan2013-v1_0054.list
new list:   DoubleElectron_Run2012D-22Jan2013-v1_0055.list
new list:   DoubleElectron_Run2012D-22Jan2013-v1_0056.list
new list:   DoubleElectron_Run2012D-22Jan2013-v1_0057.list
new list:   DoubleElectron_Run2012D-22Jan2013-v1_0058.list
new list:   DoubleElectron_Run2012D-22Jan2013-v1_0059.list
new list:   DoubleElectron_Run2012D-22Jan2013-v1_0060.list
new list:   DoubleElectron_Run2012D-22Jan2013-v1_0061.list
new list:   DoubleElectron_Run2012D-22Jan2013-v1_0062.list
new list:   DoubleElectron_Run2012D-22Jan2013-v1_0063.list
new list:   DoubleElectron_Run2012D-22Jan2013-v1_0064.list
new list:   DoubleElectron_Run2012D-22Jan2013-v1_0065.list
new list:   DoubleElectron_Run2012D-22Jan2013-v1_0066.list
new list:   DoubleElectron_Run2012D-22Jan2013-v1_0067.list
new list:   DoubleElectron_Run2012D-22Jan2013-v1_0068.list
new list:   DoubleElectron_Run2012D-22Jan2013-v1_0069.list
new list:   DoubleElectron_Run2012D-22Jan2013-v1_0070.list
new list:   DoubleElectron_Run2012D-22Jan2013-v1_0071.list
new list:   DoubleElectron_Run2012D-22Jan2013-v1_0072.list
new list:   DoubleElectron_Run2012D-22Jan2013-v1_0073.list
new list:   DoubleElectron_Run2012D-22Jan2013-v1_0074.list
new list:   DoubleElectron_Run2012D-22Jan2013-v1_0075.list
new list:   DoubleElectron_Run2012D-22Jan2013-v1_0076.list
new list:   DoubleElectron_Run2012D-22Jan2013-v1_0077.list
new list:   DoubleElectron_Run2012D-22Jan2013-v1_0078.list
new list:   DoubleElectron_Run2012D-22Jan2013-v1_0079.list
new list:   DoubleElectron_Run2012D-22Jan2013-v1_0080.list
new list:   DoubleElectron_Run2012D-22Jan2013-v1_0081.list
new list:   DoubleElectron_Run2012D-22Jan2013-v1_0082.list
new list:   DoubleElectron_Run2012D-22Jan2013-v1_0083.list
new list:   DoubleElectron_Run2012D-22Jan2013-v1_0084.list
new list:   DoubleElectron_Run2012D-22Jan2013-v1_0085.list
new list:   DoubleElectron_Run2012D-22Jan2013-v1_0086.list
new list:   DoubleElectron_Run2012D-22Jan2013-v1_0087.list
new list:   DoubleElectron_Run2012D-22Jan2013-v1_0088.list
new list:   DoubleElectron_Run2012D-22Jan2013-v1_0089.list
new list:   DoubleElectron_Run2012D-22Jan2013-v1_0090.list
new list:   DoubleElectron_Run2012D-22Jan2013-v1_0091.list
new list:   DoubleElectron_Run2012D-22Jan2013-v1_0092.list
new list:   DoubleElectron_Run2012D-22Jan2013-v1_0093.list
new list:   DoubleElectron_Run2012D-22Jan2013-v1_0094.list
new list:   DoubleElectron_Run2012D-22Jan2013-v1_0095.list
new list:   DoubleElectron_Run2012D-22Jan2013-v1_0096.list
new list:   DoubleElectron_Run2012D-22Jan2013-v1_0097.list
new list:   DoubleElectron_Run2012D-22Jan2013-v1_0098.list
new list:   DoubleElectron_Run2012D-22Jan2013-v1_0099.list
new list:   DoubleElectron_Run2012D-22Jan2013-v1_0100.list
new list:   DoubleElectron_Run2012D-22Jan2013-v1_0101.list
new list:   DoubleElectron_Run2012D-22Jan2013-v1_0102.list
new list:   DoubleElectron_Run2012D-22Jan2013-v1_0103.list
new list:   DoubleElectron_Run2012D-22Jan2013-v1_0104.list
new list:   DoubleElectron_Run2012D-22Jan2013-v1_0105.list
new list:   DoubleElectron_Run2012D-22Jan2013-v1_0106.list
new list:   DoubleElectron_Run2012D-22Jan2013-v1_0107.list
new list:   DoubleElectron_Run2012D-22Jan2013-v1_0108.list
new list:   DoubleElectron_Run2012D-22Jan2013-v1_0109.list
new list:   DoubleElectron_Run2012D-22Jan2013-v1_0110.list
new list:   DoubleElectron_Run2012D-22Jan2013-v1_0111.list
new list:   DoubleElectron_Run2012D-22Jan2013-v1_0112.list
new list:   DoubleElectron_Run2012D-22Jan2013-v1_0113.list
new list:   DoubleElectron_Run2012D-22Jan2013-v1_0114.list
new list:   DoubleElectron_Run2012D-22Jan2013-v1_0115.list
new list:   DoubleElectron_Run2012D-22Jan2013-v1_0116.list
new list:   DoubleElectron_Run2012D-22Jan2013-v1_0117.list
new list:   DoubleElectron_Run2012D-22Jan2013-v1_0118.list
new list:   DoubleElectron_Run2012D-22Jan2013-v1_0119.list
new list:   DoubleElectron_Run2012D-22Jan2013-v1_0120.list
new list:   DoubleElectron_Run2012D-22Jan2013-v1_0121.list
new list:   DoubleElectron_Run2012D-22Jan2013-v1_0122.list
new list:   DoubleElectron_Run2012D-22Jan2013-v1_0123.list
new list:   DoubleElectron_Run2012D-22Jan2013-v1_0124.list
new list:   DoubleElectron_Run2012D-22Jan2013-v1_0125.list
new list:   DoubleElectron_Run2012D-22Jan2013-v1_0126.list
new list:   DoubleElectron_Run2012D-22Jan2013-v1_0127.list
new list:   DoubleElectron_Run2012D-22Jan2013-v1_0128.list
new list:   DoubleElectron_Run2012D-22Jan2013-v1_0129.list
new list:   DoubleElectron_Run2012D-22Jan2013-v1_0130.list
new list:   DoubleElectron_Run2012D-22Jan2013-v1_0131.list
new list:   DoubleElectron_Run2012D-22Jan2013-v1_0132.list
new list:   DoubleElectron_Run2012D-22Jan2013-v1_0133.list
new list:   DoubleElectron_Run2012D-22Jan2013-v1_0134.list
new list:   DoubleElectron_Run2012D-22Jan2013-v1_0135.list
new list:   DoubleElectron_Run2012D-22Jan2013-v1_0136.list
new list:   DoubleElectron_Run2012D-22Jan2013-v1_0137.list
new list:   DoubleElectron_Run2012D-22Jan2013-v1_0138.list
new list:   DoubleElectron_Run2012D-22Jan2013-v1_0139.list
new list:   DoubleElectron_Run2012D-22Jan2013-v1_0140.list
new list:   DoubleElectron_Run2012D-22Jan2013-v1_0141.list
new list:   DoubleElectron_Run2012D-22Jan2013-v1_0142.list
++++++++++++++++++++++++++++++++++++++++++++++++++++++++++++++++++++++++++++++++++++++
Working on dataset DoublePhoton_Run2012B-22Jan2013-v1
++++++++++++++++++++++++++++++++++++++++++++++++++++++++++++++++++++++++++++++++++++++
split -l 10 -d -a 4 /tmp/uniq.DoublePhoton_Run2012B-22Jan2013-v1.files.tmp DoublePhoton_Run2012B-22Jan2013-v1_
# of root files in directory: 978
# of uniq files in directory: 977 /tmp/uniq.DoublePhoton_Run2012B-22Jan2013-v1.files.tmp
# of files per list: 10
new list:   DoublePhoton_Run2012B-22Jan2013-v1_0000.list
new list:   DoublePhoton_Run2012B-22Jan2013-v1_0001.list
new list:   DoublePhoton_Run2012B-22Jan2013-v1_0002.list
new list:   DoublePhoton_Run2012B-22Jan2013-v1_0003.list
new list:   DoublePhoton_Run2012B-22Jan2013-v1_0004.list
new list:   DoublePhoton_Run2012B-22Jan2013-v1_0005.list
new list:   DoublePhoton_Run2012B-22Jan2013-v1_0006.list
new list:   DoublePhoton_Run2012B-22Jan2013-v1_0007.list
new list:   DoublePhoton_Run2012B-22Jan2013-v1_0008.list
new list:   DoublePhoton_Run2012B-22Jan2013-v1_0009.list
new list:   DoublePhoton_Run2012B-22Jan2013-v1_0010.list
new list:   DoublePhoton_Run2012B-22Jan2013-v1_0011.list
new list:   DoublePhoton_Run2012B-22Jan2013-v1_0012.list
new list:   DoublePhoton_Run2012B-22Jan2013-v1_0013.list
new list:   DoublePhoton_Run2012B-22Jan2013-v1_0014.list
new list:   DoublePhoton_Run2012B-22Jan2013-v1_0015.list
new list:   DoublePhoton_Run2012B-22Jan2013-v1_0016.list
new list:   DoublePhoton_Run2012B-22Jan2013-v1_0017.list
new list:   DoublePhoton_Run2012B-22Jan2013-v1_0018.list
new list:   DoublePhoton_Run2012B-22Jan2013-v1_0019.list
new list:   DoublePhoton_Run2012B-22Jan2013-v1_0020.list
new list:   DoublePhoton_Run2012B-22Jan2013-v1_0021.list
new list:   DoublePhoton_Run2012B-22Jan2013-v1_0022.list
new list:   DoublePhoton_Run2012B-22Jan2013-v1_0023.list
new list:   DoublePhoton_Run2012B-22Jan2013-v1_0024.list
new list:   DoublePhoton_Run2012B-22Jan2013-v1_0025.list
new list:   DoublePhoton_Run2012B-22Jan2013-v1_0026.list
new list:   DoublePhoton_Run2012B-22Jan2013-v1_0027.list
new list:   DoublePhoton_Run2012B-22Jan2013-v1_0028.list
new list:   DoublePhoton_Run2012B-22Jan2013-v1_0029.list
new list:   DoublePhoton_Run2012B-22Jan2013-v1_0030.list
new list:   DoublePhoton_Run2012B-22Jan2013-v1_0031.list
new list:   DoublePhoton_Run2012B-22Jan2013-v1_0032.list
new list:   DoublePhoton_Run2012B-22Jan2013-v1_0033.list
new list:   DoublePhoton_Run2012B-22Jan2013-v1_0034.list
new list:   DoublePhoton_Run2012B-22Jan2013-v1_0035.list
new list:   DoublePhoton_Run2012B-22Jan2013-v1_0036.list
new list:   DoublePhoton_Run2012B-22Jan2013-v1_0037.list
new list:   DoublePhoton_Run2012B-22Jan2013-v1_0038.list
new list:   DoublePhoton_Run2012B-22Jan2013-v1_0039.list
new list:   DoublePhoton_Run2012B-22Jan2013-v1_0040.list
new list:   DoublePhoton_Run2012B-22Jan2013-v1_0041.list
new list:   DoublePhoton_Run2012B-22Jan2013-v1_0042.list
new list:   DoublePhoton_Run2012B-22Jan2013-v1_0043.list
new list:   DoublePhoton_Run2012B-22Jan2013-v1_0044.list
new list:   DoublePhoton_Run2012B-22Jan2013-v1_0045.list
new list:   DoublePhoton_Run2012B-22Jan2013-v1_0046.list
new list:   DoublePhoton_Run2012B-22Jan2013-v1_0047.list
new list:   DoublePhoton_Run2012B-22Jan2013-v1_0048.list
new list:   DoublePhoton_Run2012B-22Jan2013-v1_0049.list
new list:   DoublePhoton_Run2012B-22Jan2013-v1_0050.list
new list:   DoublePhoton_Run2012B-22Jan2013-v1_0051.list
new list:   DoublePhoton_Run2012B-22Jan2013-v1_0052.list
new list:   DoublePhoton_Run2012B-22Jan2013-v1_0053.list
new list:   DoublePhoton_Run2012B-22Jan2013-v1_0054.list
new list:   DoublePhoton_Run2012B-22Jan2013-v1_0055.list
new list:   DoublePhoton_Run2012B-22Jan2013-v1_0056.list
new list:   DoublePhoton_Run2012B-22Jan2013-v1_0057.list
new list:   DoublePhoton_Run2012B-22Jan2013-v1_0058.list
new list:   DoublePhoton_Run2012B-22Jan2013-v1_0059.list
new list:   DoublePhoton_Run2012B-22Jan2013-v1_0060.list
new list:   DoublePhoton_Run2012B-22Jan2013-v1_0061.list
new list:   DoublePhoton_Run2012B-22Jan2013-v1_0062.list
new list:   DoublePhoton_Run2012B-22Jan2013-v1_0063.list
new list:   DoublePhoton_Run2012B-22Jan2013-v1_0064.list
new list:   DoublePhoton_Run2012B-22Jan2013-v1_0065.list
new list:   DoublePhoton_Run2012B-22Jan2013-v1_0066.list
new list:   DoublePhoton_Run2012B-22Jan2013-v1_0067.list
new list:   DoublePhoton_Run2012B-22Jan2013-v1_0068.list
new list:   DoublePhoton_Run2012B-22Jan2013-v1_0069.list
new list:   DoublePhoton_Run2012B-22Jan2013-v1_0070.list
new list:   DoublePhoton_Run2012B-22Jan2013-v1_0071.list
new list:   DoublePhoton_Run2012B-22Jan2013-v1_0072.list
new list:   DoublePhoton_Run2012B-22Jan2013-v1_0073.list
new list:   DoublePhoton_Run2012B-22Jan2013-v1_0074.list
new list:   DoublePhoton_Run2012B-22Jan2013-v1_0075.list
new list:   DoublePhoton_Run2012B-22Jan2013-v1_0076.list
new list:   DoublePhoton_Run2012B-22Jan2013-v1_0077.list
new list:   DoublePhoton_Run2012B-22Jan2013-v1_0078.list
new list:   DoublePhoton_Run2012B-22Jan2013-v1_0079.list
new list:   DoublePhoton_Run2012B-22Jan2013-v1_0080.list
new list:   DoublePhoton_Run2012B-22Jan2013-v1_0081.list
new list:   DoublePhoton_Run2012B-22Jan2013-v1_0082.list
new list:   DoublePhoton_Run2012B-22Jan2013-v1_0083.list
new list:   DoublePhoton_Run2012B-22Jan2013-v1_0084.list
new list:   DoublePhoton_Run2012B-22Jan2013-v1_0085.list
new list:   DoublePhoton_Run2012B-22Jan2013-v1_0086.list
new list:   DoublePhoton_Run2012B-22Jan2013-v1_0087.list
new list:   DoublePhoton_Run2012B-22Jan2013-v1_0088.list
new list:   DoublePhoton_Run2012B-22Jan2013-v1_0089.list
new list:   DoublePhoton_Run2012B-22Jan2013-v1_0090.list
new list:   DoublePhoton_Run2012B-22Jan2013-v1_0091.list
new list:   DoublePhoton_Run2012B-22Jan2013-v1_0092.list
new list:   DoublePhoton_Run2012B-22Jan2013-v1_0093.list
new list:   DoublePhoton_Run2012B-22Jan2013-v1_0094.list
new list:   DoublePhoton_Run2012B-22Jan2013-v1_0095.list
new list:   DoublePhoton_Run2012B-22Jan2013-v1_0096.list
new list:   DoublePhoton_Run2012B-22Jan2013-v1_0097.list
++++++++++++++++++++++++++++++++++++++++++++++++++++++++++++++++++++++++++++++++++++++
Working on dataset DoublePhoton_Run2012C-22Jan2013-v2
++++++++++++++++++++++++++++++++++++++++++++++++++++++++++++++++++++++++++++++++++++++
split -l 10 -d -a 4 /tmp/uniq.DoublePhoton_Run2012C-22Jan2013-v2.files.tmp DoublePhoton_Run2012C-22Jan2013-v2_
# of root files in directory: 1534
# of uniq files in directory: 1529 /tmp/uniq.DoublePhoton_Run2012C-22Jan2013-v2.files.tmp
# of files per list: 10
new list:   DoublePhoton_Run2012C-22Jan2013-v2_0000.list
new list:   DoublePhoton_Run2012C-22Jan2013-v2_0001.list
new list:   DoublePhoton_Run2012C-22Jan2013-v2_0002.list
new list:   DoublePhoton_Run2012C-22Jan2013-v2_0003.list
new list:   DoublePhoton_Run2012C-22Jan2013-v2_0004.list
new list:   DoublePhoton_Run2012C-22Jan2013-v2_0005.list
new list:   DoublePhoton_Run2012C-22Jan2013-v2_0006.list
new list:   DoublePhoton_Run2012C-22Jan2013-v2_0007.list
new list:   DoublePhoton_Run2012C-22Jan2013-v2_0008.list
new list:   DoublePhoton_Run2012C-22Jan2013-v2_0009.list
new list:   DoublePhoton_Run2012C-22Jan2013-v2_0010.list
new list:   DoublePhoton_Run2012C-22Jan2013-v2_0011.list
new list:   DoublePhoton_Run2012C-22Jan2013-v2_0012.list
new list:   DoublePhoton_Run2012C-22Jan2013-v2_0013.list
new list:   DoublePhoton_Run2012C-22Jan2013-v2_0014.list
new list:   DoublePhoton_Run2012C-22Jan2013-v2_0015.list
new list:   DoublePhoton_Run2012C-22Jan2013-v2_0016.list
new list:   DoublePhoton_Run2012C-22Jan2013-v2_0017.list
new list:   DoublePhoton_Run2012C-22Jan2013-v2_0018.list
new list:   DoublePhoton_Run2012C-22Jan2013-v2_0019.list
new list:   DoublePhoton_Run2012C-22Jan2013-v2_0020.list
new list:   DoublePhoton_Run2012C-22Jan2013-v2_0021.list
new list:   DoublePhoton_Run2012C-22Jan2013-v2_0022.list
new list:   DoublePhoton_Run2012C-22Jan2013-v2_0023.list
new list:   DoublePhoton_Run2012C-22Jan2013-v2_0024.list
new list:   DoublePhoton_Run2012C-22Jan2013-v2_0025.list
new list:   DoublePhoton_Run2012C-22Jan2013-v2_0026.list
new list:   DoublePhoton_Run2012C-22Jan2013-v2_0027.list
new list:   DoublePhoton_Run2012C-22Jan2013-v2_0028.list
new list:   DoublePhoton_Run2012C-22Jan2013-v2_0029.list
new list:   DoublePhoton_Run2012C-22Jan2013-v2_0030.list
new list:   DoublePhoton_Run2012C-22Jan2013-v2_0031.list
new list:   DoublePhoton_Run2012C-22Jan2013-v2_0032.list
new list:   DoublePhoton_Run2012C-22Jan2013-v2_0033.list
new list:   DoublePhoton_Run2012C-22Jan2013-v2_0034.list
new list:   DoublePhoton_Run2012C-22Jan2013-v2_0035.list
new list:   DoublePhoton_Run2012C-22Jan2013-v2_0036.list
new list:   DoublePhoton_Run2012C-22Jan2013-v2_0037.list
new list:   DoublePhoton_Run2012C-22Jan2013-v2_0038.list
new list:   DoublePhoton_Run2012C-22Jan2013-v2_0039.list
new list:   DoublePhoton_Run2012C-22Jan2013-v2_0040.list
new list:   DoublePhoton_Run2012C-22Jan2013-v2_0041.list
new list:   DoublePhoton_Run2012C-22Jan2013-v2_0042.list
new list:   DoublePhoton_Run2012C-22Jan2013-v2_0043.list
new list:   DoublePhoton_Run2012C-22Jan2013-v2_0044.list
new list:   DoublePhoton_Run2012C-22Jan2013-v2_0045.list
new list:   DoublePhoton_Run2012C-22Jan2013-v2_0046.list
new list:   DoublePhoton_Run2012C-22Jan2013-v2_0047.list
new list:   DoublePhoton_Run2012C-22Jan2013-v2_0048.list
new list:   DoublePhoton_Run2012C-22Jan2013-v2_0049.list
new list:   DoublePhoton_Run2012C-22Jan2013-v2_0050.list
new list:   DoublePhoton_Run2012C-22Jan2013-v2_0051.list
new list:   DoublePhoton_Run2012C-22Jan2013-v2_0052.list
new list:   DoublePhoton_Run2012C-22Jan2013-v2_0053.list
new list:   DoublePhoton_Run2012C-22Jan2013-v2_0054.list
new list:   DoublePhoton_Run2012C-22Jan2013-v2_0055.list
new list:   DoublePhoton_Run2012C-22Jan2013-v2_0056.list
new list:   DoublePhoton_Run2012C-22Jan2013-v2_0057.list
new list:   DoublePhoton_Run2012C-22Jan2013-v2_0058.list
new list:   DoublePhoton_Run2012C-22Jan2013-v2_0059.list
new list:   DoublePhoton_Run2012C-22Jan2013-v2_0060.list
new list:   DoublePhoton_Run2012C-22Jan2013-v2_0061.list
new list:   DoublePhoton_Run2012C-22Jan2013-v2_0062.list
new list:   DoublePhoton_Run2012C-22Jan2013-v2_0063.list
new list:   DoublePhoton_Run2012C-22Jan2013-v2_0064.list
new list:   DoublePhoton_Run2012C-22Jan2013-v2_0065.list
new list:   DoublePhoton_Run2012C-22Jan2013-v2_0066.list
new list:   DoublePhoton_Run2012C-22Jan2013-v2_0067.list
new list:   DoublePhoton_Run2012C-22Jan2013-v2_0068.list
new list:   DoublePhoton_Run2012C-22Jan2013-v2_0069.list
new list:   DoublePhoton_Run2012C-22Jan2013-v2_0070.list
new list:   DoublePhoton_Run2012C-22Jan2013-v2_0071.list
new list:   DoublePhoton_Run2012C-22Jan2013-v2_0072.list
new list:   DoublePhoton_Run2012C-22Jan2013-v2_0073.list
new list:   DoublePhoton_Run2012C-22Jan2013-v2_0074.list
new list:   DoublePhoton_Run2012C-22Jan2013-v2_0075.list
new list:   DoublePhoton_Run2012C-22Jan2013-v2_0076.list
new list:   DoublePhoton_Run2012C-22Jan2013-v2_0077.list
new list:   DoublePhoton_Run2012C-22Jan2013-v2_0078.list
new list:   DoublePhoton_Run2012C-22Jan2013-v2_0079.list
new list:   DoublePhoton_Run2012C-22Jan2013-v2_0080.list
new list:   DoublePhoton_Run2012C-22Jan2013-v2_0081.list
new list:   DoublePhoton_Run2012C-22Jan2013-v2_0082.list
new list:   DoublePhoton_Run2012C-22Jan2013-v2_0083.list
new list:   DoublePhoton_Run2012C-22Jan2013-v2_0084.list
new list:   DoublePhoton_Run2012C-22Jan2013-v2_0085.list
new list:   DoublePhoton_Run2012C-22Jan2013-v2_0086.list
new list:   DoublePhoton_Run2012C-22Jan2013-v2_0087.list
new list:   DoublePhoton_Run2012C-22Jan2013-v2_0088.list
new list:   DoublePhoton_Run2012C-22Jan2013-v2_0089.list
new list:   DoublePhoton_Run2012C-22Jan2013-v2_0090.list
new list:   DoublePhoton_Run2012C-22Jan2013-v2_0091.list
new list:   DoublePhoton_Run2012C-22Jan2013-v2_0092.list
new list:   DoublePhoton_Run2012C-22Jan2013-v2_0093.list
new list:   DoublePhoton_Run2012C-22Jan2013-v2_0094.list
new list:   DoublePhoton_Run2012C-22Jan2013-v2_0095.list
new list:   DoublePhoton_Run2012C-22Jan2013-v2_0096.list
new list:   DoublePhoton_Run2012C-22Jan2013-v2_0097.list
new list:   DoublePhoton_Run2012C-22Jan2013-v2_0098.list
new list:   DoublePhoton_Run2012C-22Jan2013-v2_0099.list
new list:   DoublePhoton_Run2012C-22Jan2013-v2_0100.list
new list:   DoublePhoton_Run2012C-22Jan2013-v2_0101.list
new list:   DoublePhoton_Run2012C-22Jan2013-v2_0102.list
new list:   DoublePhoton_Run2012C-22Jan2013-v2_0103.list
new list:   DoublePhoton_Run2012C-22Jan2013-v2_0104.list
new list:   DoublePhoton_Run2012C-22Jan2013-v2_0105.list
new list:   DoublePhoton_Run2012C-22Jan2013-v2_0106.list
new list:   DoublePhoton_Run2012C-22Jan2013-v2_0107.list
new list:   DoublePhoton_Run2012C-22Jan2013-v2_0108.list
new list:   DoublePhoton_Run2012C-22Jan2013-v2_0109.list
new list:   DoublePhoton_Run2012C-22Jan2013-v2_0110.list
new list:   DoublePhoton_Run2012C-22Jan2013-v2_0111.list
new list:   DoublePhoton_Run2012C-22Jan2013-v2_0112.list
new list:   DoublePhoton_Run2012C-22Jan2013-v2_0113.list
new list:   DoublePhoton_Run2012C-22Jan2013-v2_0114.list
new list:   DoublePhoton_Run2012C-22Jan2013-v2_0115.list
new list:   DoublePhoton_Run2012C-22Jan2013-v2_0116.list
new list:   DoublePhoton_Run2012C-22Jan2013-v2_0117.list
new list:   DoublePhoton_Run2012C-22Jan2013-v2_0118.list
new list:   DoublePhoton_Run2012C-22Jan2013-v2_0119.list
new list:   DoublePhoton_Run2012C-22Jan2013-v2_0120.list
new list:   DoublePhoton_Run2012C-22Jan2013-v2_0121.list
new list:   DoublePhoton_Run2012C-22Jan2013-v2_0122.list
new list:   DoublePhoton_Run2012C-22Jan2013-v2_0123.list
new list:   DoublePhoton_Run2012C-22Jan2013-v2_0124.list
new list:   DoublePhoton_Run2012C-22Jan2013-v2_0125.list
new list:   DoublePhoton_Run2012C-22Jan2013-v2_0126.list
new list:   DoublePhoton_Run2012C-22Jan2013-v2_0127.list
new list:   DoublePhoton_Run2012C-22Jan2013-v2_0128.list
new list:   DoublePhoton_Run2012C-22Jan2013-v2_0129.list
new list:   DoublePhoton_Run2012C-22Jan2013-v2_0130.list
new list:   DoublePhoton_Run2012C-22Jan2013-v2_0131.list
new list:   DoublePhoton_Run2012C-22Jan2013-v2_0132.list
new list:   DoublePhoton_Run2012C-22Jan2013-v2_0133.list
new list:   DoublePhoton_Run2012C-22Jan2013-v2_0134.list
new list:   DoublePhoton_Run2012C-22Jan2013-v2_0135.list
new list:   DoublePhoton_Run2012C-22Jan2013-v2_0136.list
new list:   DoublePhoton_Run2012C-22Jan2013-v2_0137.list
new list:   DoublePhoton_Run2012C-22Jan2013-v2_0138.list
new list:   DoublePhoton_Run2012C-22Jan2013-v2_0139.list
new list:   DoublePhoton_Run2012C-22Jan2013-v2_0140.list
new list:   DoublePhoton_Run2012C-22Jan2013-v2_0141.list
new list:   DoublePhoton_Run2012C-22Jan2013-v2_0142.list
new list:   DoublePhoton_Run2012C-22Jan2013-v2_0143.list
new list:   DoublePhoton_Run2012C-22Jan2013-v2_0144.list
new list:   DoublePhoton_Run2012C-22Jan2013-v2_0145.list
new list:   DoublePhoton_Run2012C-22Jan2013-v2_0146.list
new list:   DoublePhoton_Run2012C-22Jan2013-v2_0147.list
new list:   DoublePhoton_Run2012C-22Jan2013-v2_0148.list
new list:   DoublePhoton_Run2012C-22Jan2013-v2_0149.list
new list:   DoublePhoton_Run2012C-22Jan2013-v2_0150.list
new list:   DoublePhoton_Run2012C-22Jan2013-v2_0151.list
new list:   DoublePhoton_Run2012C-22Jan2013-v2_0152.list
++++++++++++++++++++++++++++++++++++++++++++++++++++++++++++++++++++++++++++++++++++++
Working on dataset DoublePhoton_Run2012D-22Jan2013-v1
++++++++++++++++++++++++++++++++++++++++++++++++++++++++++++++++++++++++++++++++++++++
split -l 10 -d -a 4 /tmp/uniq.DoublePhoton_Run2012D-22Jan2013-v1.files.tmp DoublePhoton_Run2012D-22Jan2013-v1_
# of root files in directory: 1619
# of uniq files in directory: 1610 /tmp/uniq.DoublePhoton_Run2012D-22Jan2013-v1.files.tmp
# of files per list: 10
new list:   DoublePhoton_Run2012D-22Jan2013-v1_0000.list
new list:   DoublePhoton_Run2012D-22Jan2013-v1_0001.list
new list:   DoublePhoton_Run2012D-22Jan2013-v1_0002.list
new list:   DoublePhoton_Run2012D-22Jan2013-v1_0003.list
new list:   DoublePhoton_Run2012D-22Jan2013-v1_0004.list
new list:   DoublePhoton_Run2012D-22Jan2013-v1_0005.list
new list:   DoublePhoton_Run2012D-22Jan2013-v1_0006.list
new list:   DoublePhoton_Run2012D-22Jan2013-v1_0007.list
new list:   DoublePhoton_Run2012D-22Jan2013-v1_0008.list
new list:   DoublePhoton_Run2012D-22Jan2013-v1_0009.list
new list:   DoublePhoton_Run2012D-22Jan2013-v1_0010.list
new list:   DoublePhoton_Run2012D-22Jan2013-v1_0011.list
new list:   DoublePhoton_Run2012D-22Jan2013-v1_0012.list
new list:   DoublePhoton_Run2012D-22Jan2013-v1_0013.list
new list:   DoublePhoton_Run2012D-22Jan2013-v1_0014.list
new list:   DoublePhoton_Run2012D-22Jan2013-v1_0015.list
new list:   DoublePhoton_Run2012D-22Jan2013-v1_0016.list
new list:   DoublePhoton_Run2012D-22Jan2013-v1_0017.list
new list:   DoublePhoton_Run2012D-22Jan2013-v1_0018.list
new list:   DoublePhoton_Run2012D-22Jan2013-v1_0019.list
new list:   DoublePhoton_Run2012D-22Jan2013-v1_0020.list
new list:   DoublePhoton_Run2012D-22Jan2013-v1_0021.list
new list:   DoublePhoton_Run2012D-22Jan2013-v1_0022.list
new list:   DoublePhoton_Run2012D-22Jan2013-v1_0023.list
new list:   DoublePhoton_Run2012D-22Jan2013-v1_0024.list
new list:   DoublePhoton_Run2012D-22Jan2013-v1_0025.list
new list:   DoublePhoton_Run2012D-22Jan2013-v1_0026.list
new list:   DoublePhoton_Run2012D-22Jan2013-v1_0027.list
new list:   DoublePhoton_Run2012D-22Jan2013-v1_0028.list
new list:   DoublePhoton_Run2012D-22Jan2013-v1_0029.list
new list:   DoublePhoton_Run2012D-22Jan2013-v1_0030.list
new list:   DoublePhoton_Run2012D-22Jan2013-v1_0031.list
new list:   DoublePhoton_Run2012D-22Jan2013-v1_0032.list
new list:   DoublePhoton_Run2012D-22Jan2013-v1_0033.list
new list:   DoublePhoton_Run2012D-22Jan2013-v1_0034.list
new list:   DoublePhoton_Run2012D-22Jan2013-v1_0035.list
new list:   DoublePhoton_Run2012D-22Jan2013-v1_0036.list
new list:   DoublePhoton_Run2012D-22Jan2013-v1_0037.list
new list:   DoublePhoton_Run2012D-22Jan2013-v1_0038.list
new list:   DoublePhoton_Run2012D-22Jan2013-v1_0039.list
new list:   DoublePhoton_Run2012D-22Jan2013-v1_0040.list
new list:   DoublePhoton_Run2012D-22Jan2013-v1_0041.list
new list:   DoublePhoton_Run2012D-22Jan2013-v1_0042.list
new list:   DoublePhoton_Run2012D-22Jan2013-v1_0043.list
new list:   DoublePhoton_Run2012D-22Jan2013-v1_0044.list
new list:   DoublePhoton_Run2012D-22Jan2013-v1_0045.list
new list:   DoublePhoton_Run2012D-22Jan2013-v1_0046.list
new list:   DoublePhoton_Run2012D-22Jan2013-v1_0047.list
new list:   DoublePhoton_Run2012D-22Jan2013-v1_0048.list
new list:   DoublePhoton_Run2012D-22Jan2013-v1_0049.list
new list:   DoublePhoton_Run2012D-22Jan2013-v1_0050.list
new list:   DoublePhoton_Run2012D-22Jan2013-v1_0051.list
new list:   DoublePhoton_Run2012D-22Jan2013-v1_0052.list
new list:   DoublePhoton_Run2012D-22Jan2013-v1_0053.list
new list:   DoublePhoton_Run2012D-22Jan2013-v1_0054.list
new list:   DoublePhoton_Run2012D-22Jan2013-v1_0055.list
new list:   DoublePhoton_Run2012D-22Jan2013-v1_0056.list
new list:   DoublePhoton_Run2012D-22Jan2013-v1_0057.list
new list:   DoublePhoton_Run2012D-22Jan2013-v1_0058.list
new list:   DoublePhoton_Run2012D-22Jan2013-v1_0059.list
new list:   DoublePhoton_Run2012D-22Jan2013-v1_0060.list
new list:   DoublePhoton_Run2012D-22Jan2013-v1_0061.list
new list:   DoublePhoton_Run2012D-22Jan2013-v1_0062.list
new list:   DoublePhoton_Run2012D-22Jan2013-v1_0063.list
new list:   DoublePhoton_Run2012D-22Jan2013-v1_0064.list
new list:   DoublePhoton_Run2012D-22Jan2013-v1_0065.list
new list:   DoublePhoton_Run2012D-22Jan2013-v1_0066.list
new list:   DoublePhoton_Run2012D-22Jan2013-v1_0067.list
new list:   DoublePhoton_Run2012D-22Jan2013-v1_0068.list
new list:   DoublePhoton_Run2012D-22Jan2013-v1_0069.list
new list:   DoublePhoton_Run2012D-22Jan2013-v1_0070.list
new list:   DoublePhoton_Run2012D-22Jan2013-v1_0071.list
new list:   DoublePhoton_Run2012D-22Jan2013-v1_0072.list
new list:   DoublePhoton_Run2012D-22Jan2013-v1_0073.list
new list:   DoublePhoton_Run2012D-22Jan2013-v1_0074.list
new list:   DoublePhoton_Run2012D-22Jan2013-v1_0075.list
new list:   DoublePhoton_Run2012D-22Jan2013-v1_0076.list
new list:   DoublePhoton_Run2012D-22Jan2013-v1_0077.list
new list:   DoublePhoton_Run2012D-22Jan2013-v1_0078.list
new list:   DoublePhoton_Run2012D-22Jan2013-v1_0079.list
new list:   DoublePhoton_Run2012D-22Jan2013-v1_0080.list
new list:   DoublePhoton_Run2012D-22Jan2013-v1_0081.list
new list:   DoublePhoton_Run2012D-22Jan2013-v1_0082.list
new list:   DoublePhoton_Run2012D-22Jan2013-v1_0083.list
new list:   DoublePhoton_Run2012D-22Jan2013-v1_0084.list
new list:   DoublePhoton_Run2012D-22Jan2013-v1_0085.list
new list:   DoublePhoton_Run2012D-22Jan2013-v1_0086.list
new list:   DoublePhoton_Run2012D-22Jan2013-v1_0087.list
new list:   DoublePhoton_Run2012D-22Jan2013-v1_0088.list
new list:   DoublePhoton_Run2012D-22Jan2013-v1_0089.list
new list:   DoublePhoton_Run2012D-22Jan2013-v1_0090.list
new list:   DoublePhoton_Run2012D-22Jan2013-v1_0091.list
new list:   DoublePhoton_Run2012D-22Jan2013-v1_0092.list
new list:   DoublePhoton_Run2012D-22Jan2013-v1_0093.list
new list:   DoublePhoton_Run2012D-22Jan2013-v1_0094.list
new list:   DoublePhoton_Run2012D-22Jan2013-v1_0095.list
new list:   DoublePhoton_Run2012D-22Jan2013-v1_0096.list
new list:   DoublePhoton_Run2012D-22Jan2013-v1_0097.list
new list:   DoublePhoton_Run2012D-22Jan2013-v1_0098.list
new list:   DoublePhoton_Run2012D-22Jan2013-v1_0099.list
new list:   DoublePhoton_Run2012D-22Jan2013-v1_0100.list
new list:   DoublePhoton_Run2012D-22Jan2013-v1_0101.list
new list:   DoublePhoton_Run2012D-22Jan2013-v1_0102.list
new list:   DoublePhoton_Run2012D-22Jan2013-v1_0103.list
new list:   DoublePhoton_Run2012D-22Jan2013-v1_0104.list
new list:   DoublePhoton_Run2012D-22Jan2013-v1_0105.list
new list:   DoublePhoton_Run2012D-22Jan2013-v1_0106.list
new list:   DoublePhoton_Run2012D-22Jan2013-v1_0107.list
new list:   DoublePhoton_Run2012D-22Jan2013-v1_0108.list
new list:   DoublePhoton_Run2012D-22Jan2013-v1_0109.list
new list:   DoublePhoton_Run2012D-22Jan2013-v1_0110.list
new list:   DoublePhoton_Run2012D-22Jan2013-v1_0111.list
new list:   DoublePhoton_Run2012D-22Jan2013-v1_0112.list
new list:   DoublePhoton_Run2012D-22Jan2013-v1_0113.list
new list:   DoublePhoton_Run2012D-22Jan2013-v1_0114.list
new list:   DoublePhoton_Run2012D-22Jan2013-v1_0115.list
new list:   DoublePhoton_Run2012D-22Jan2013-v1_0116.list
new list:   DoublePhoton_Run2012D-22Jan2013-v1_0117.list
new list:   DoublePhoton_Run2012D-22Jan2013-v1_0118.list
new list:   DoublePhoton_Run2012D-22Jan2013-v1_0119.list
new list:   DoublePhoton_Run2012D-22Jan2013-v1_0120.list
new list:   DoublePhoton_Run2012D-22Jan2013-v1_0121.list
new list:   DoublePhoton_Run2012D-22Jan2013-v1_0122.list
new list:   DoublePhoton_Run2012D-22Jan2013-v1_0123.list
new list:   DoublePhoton_Run2012D-22Jan2013-v1_0124.list
new list:   DoublePhoton_Run2012D-22Jan2013-v1_0125.list
new list:   DoublePhoton_Run2012D-22Jan2013-v1_0126.list
new list:   DoublePhoton_Run2012D-22Jan2013-v1_0127.list
new list:   DoublePhoton_Run2012D-22Jan2013-v1_0128.list
new list:   DoublePhoton_Run2012D-22Jan2013-v1_0129.list
new list:   DoublePhoton_Run2012D-22Jan2013-v1_0130.list
new list:   DoublePhoton_Run2012D-22Jan2013-v1_0131.list
new list:   DoublePhoton_Run2012D-22Jan2013-v1_0132.list
new list:   DoublePhoton_Run2012D-22Jan2013-v1_0133.list
new list:   DoublePhoton_Run2012D-22Jan2013-v1_0134.list
new list:   DoublePhoton_Run2012D-22Jan2013-v1_0135.list
new list:   DoublePhoton_Run2012D-22Jan2013-v1_0136.list
new list:   DoublePhoton_Run2012D-22Jan2013-v1_0137.list
new list:   DoublePhoton_Run2012D-22Jan2013-v1_0138.list
new list:   DoublePhoton_Run2012D-22Jan2013-v1_0139.list
new list:   DoublePhoton_Run2012D-22Jan2013-v1_0140.list
new list:   DoublePhoton_Run2012D-22Jan2013-v1_0141.list
new list:   DoublePhoton_Run2012D-22Jan2013-v1_0142.list
new list:   DoublePhoton_Run2012D-22Jan2013-v1_0143.list
new list:   DoublePhoton_Run2012D-22Jan2013-v1_0144.list
new list:   DoublePhoton_Run2012D-22Jan2013-v1_0145.list
new list:   DoublePhoton_Run2012D-22Jan2013-v1_0146.list
new list:   DoublePhoton_Run2012D-22Jan2013-v1_0147.list
new list:   DoublePhoton_Run2012D-22Jan2013-v1_0148.list
new list:   DoublePhoton_Run2012D-22Jan2013-v1_0149.list
new list:   DoublePhoton_Run2012D-22Jan2013-v1_0150.list
new list:   DoublePhoton_Run2012D-22Jan2013-v1_0151.list
new list:   DoublePhoton_Run2012D-22Jan2013-v1_0152.list
new list:   DoublePhoton_Run2012D-22Jan2013-v1_0153.list
new list:   DoublePhoton_Run2012D-22Jan2013-v1_0154.list
new list:   DoublePhoton_Run2012D-22Jan2013-v1_0155.list
new list:   DoublePhoton_Run2012D-22Jan2013-v1_0156.list
new list:   DoublePhoton_Run2012D-22Jan2013-v1_0157.list
new list:   DoublePhoton_Run2012D-22Jan2013-v1_0158.list
new list:   DoublePhoton_Run2012D-22Jan2013-v1_0159.list
new list:   DoublePhoton_Run2012D-22Jan2013-v1_0160.list
++++++++++++++++++++++++++++++++++++++++++++++++++++++++++++++++++++++++++++++++++++++
Working on dataset Photon_Run2012A-13Jul2012-v1
++++++++++++++++++++++++++++++++++++++++++++++++++++++++++++++++++++++++++++++++++++++
split -l 10 -d -a 4 /tmp/uniq.Photon_Run2012A-13Jul2012-v1.files.tmp Photon_Run2012A-13Jul2012-v1_
# of root files in directory: 376
# of uniq files in directory: 376 /tmp/uniq.Photon_Run2012A-13Jul2012-v1.files.tmp
# of files per list: 10
new list:   Photon_Run2012A-13Jul2012-v1_0000.list
new list:   Photon_Run2012A-13Jul2012-v1_0001.list
new list:   Photon_Run2012A-13Jul2012-v1_0002.list
new list:   Photon_Run2012A-13Jul2012-v1_0003.list
new list:   Photon_Run2012A-13Jul2012-v1_0004.list
new list:   Photon_Run2012A-13Jul2012-v1_0005.list
new list:   Photon_Run2012A-13Jul2012-v1_0006.list
new list:   Photon_Run2012A-13Jul2012-v1_0007.list
new list:   Photon_Run2012A-13Jul2012-v1_0008.list
new list:   Photon_Run2012A-13Jul2012-v1_0009.list
new list:   Photon_Run2012A-13Jul2012-v1_0010.list
new list:   Photon_Run2012A-13Jul2012-v1_0011.list
new list:   Photon_Run2012A-13Jul2012-v1_0012.list
new list:   Photon_Run2012A-13Jul2012-v1_0013.list
new list:   Photon_Run2012A-13Jul2012-v1_0014.list
new list:   Photon_Run2012A-13Jul2012-v1_0015.list
new list:   Photon_Run2012A-13Jul2012-v1_0016.list
new list:   Photon_Run2012A-13Jul2012-v1_0017.list
new list:   Photon_Run2012A-13Jul2012-v1_0018.list
new list:   Photon_Run2012A-13Jul2012-v1_0019.list
new list:   Photon_Run2012A-13Jul2012-v1_0020.list
new list:   Photon_Run2012A-13Jul2012-v1_0021.list
new list:   Photon_Run2012A-13Jul2012-v1_0022.list
new list:   Photon_Run2012A-13Jul2012-v1_0023.list
new list:   Photon_Run2012A-13Jul2012-v1_0024.list
new list:   Photon_Run2012A-13Jul2012-v1_0025.list
new list:   Photon_Run2012A-13Jul2012-v1_0026.list
new list:   Photon_Run2012A-13Jul2012-v1_0027.list
new list:   Photon_Run2012A-13Jul2012-v1_0028.list
new list:   Photon_Run2012A-13Jul2012-v1_0029.list
new list:   Photon_Run2012A-13Jul2012-v1_0030.list
new list:   Photon_Run2012A-13Jul2012-v1_0031.list
new list:   Photon_Run2012A-13Jul2012-v1_0032.list
new list:   Photon_Run2012A-13Jul2012-v1_0033.list
new list:   Photon_Run2012A-13Jul2012-v1_0034.list
new list:   Photon_Run2012A-13Jul2012-v1_0035.list
new list:   Photon_Run2012A-13Jul2012-v1_0036.list
new list:   Photon_Run2012A-13Jul2012-v1_0037.list
++++++++++++++++++++++++++++++++++++++++++++++++++++++++++++++++++++++++++++++++++++++
Working on dataset Photon_Run2012A-22Jan2013-v1
++++++++++++++++++++++++++++++++++++++++++++++++++++++++++++++++++++++++++++++++++++++
split -l 10 -d -a 4 /tmp/uniq.Photon_Run2012A-22Jan2013-v1.files.tmp Photon_Run2012A-22Jan2013-v1_
# of root files in directory: 423
# of uniq files in directory: 422 /tmp/uniq.Photon_Run2012A-22Jan2013-v1.files.tmp
# of files per list: 10
new list:   Photon_Run2012A-22Jan2013-v1_0000.list
new list:   Photon_Run2012A-22Jan2013-v1_0001.list
new list:   Photon_Run2012A-22Jan2013-v1_0002.list
new list:   Photon_Run2012A-22Jan2013-v1_0003.list
new list:   Photon_Run2012A-22Jan2013-v1_0004.list
new list:   Photon_Run2012A-22Jan2013-v1_0005.list
new list:   Photon_Run2012A-22Jan2013-v1_0006.list
new list:   Photon_Run2012A-22Jan2013-v1_0007.list
new list:   Photon_Run2012A-22Jan2013-v1_0008.list
new list:   Photon_Run2012A-22Jan2013-v1_0009.list
new list:   Photon_Run2012A-22Jan2013-v1_0010.list
new list:   Photon_Run2012A-22Jan2013-v1_0011.list
new list:   Photon_Run2012A-22Jan2013-v1_0012.list
new list:   Photon_Run2012A-22Jan2013-v1_0013.list
new list:   Photon_Run2012A-22Jan2013-v1_0014.list
new list:   Photon_Run2012A-22Jan2013-v1_0015.list
new list:   Photon_Run2012A-22Jan2013-v1_0016.list
new list:   Photon_Run2012A-22Jan2013-v1_0017.list
new list:   Photon_Run2012A-22Jan2013-v1_0018.list
new list:   Photon_Run2012A-22Jan2013-v1_0019.list
new list:   Photon_Run2012A-22Jan2013-v1_0020.list
new list:   Photon_Run2012A-22Jan2013-v1_0021.list
new list:   Photon_Run2012A-22Jan2013-v1_0022.list
new list:   Photon_Run2012A-22Jan2013-v1_0023.list
new list:   Photon_Run2012A-22Jan2013-v1_0024.list
new list:   Photon_Run2012A-22Jan2013-v1_0025.list
new list:   Photon_Run2012A-22Jan2013-v1_0026.list
new list:   Photon_Run2012A-22Jan2013-v1_0027.list
new list:   Photon_Run2012A-22Jan2013-v1_0028.list
new list:   Photon_Run2012A-22Jan2013-v1_0029.list
new list:   Photon_Run2012A-22Jan2013-v1_0030.list
new list:   Photon_Run2012A-22Jan2013-v1_0031.list
new list:   Photon_Run2012A-22Jan2013-v1_0032.list
new list:   Photon_Run2012A-22Jan2013-v1_0033.list
new list:   Photon_Run2012A-22Jan2013-v1_0034.list
new list:   Photon_Run2012A-22Jan2013-v1_0035.list
new list:   Photon_Run2012A-22Jan2013-v1_0036.list
new list:   Photon_Run2012A-22Jan2013-v1_0037.list
new list:   Photon_Run2012A-22Jan2013-v1_0038.list
new list:   Photon_Run2012A-22Jan2013-v1_0039.list
new list:   Photon_Run2012A-22Jan2013-v1_0040.list
new list:   Photon_Run2012A-22Jan2013-v1_0041.list
new list:   Photon_Run2012A-22Jan2013-v1_0042.list
++++++++++++++++++++++++++++++++++++++++++++++++++++++++++++++++++++++++++++++++++++++
Working on dataset SinglePhotonParked_Run2012D-22Jan2013-v1
++++++++++++++++++++++++++++++++++++++++++++++++++++++++++++++++++++++++++++++++++++++
split -l 10 -d -a 4 /tmp/uniq.SinglePhotonParked_Run2012D-22Jan2013-v1.files.tmp SinglePhotonParked_Run2012D-22Jan2013-v1_
# of root files in directory: 1829
# of uniq files in directory: 1806 /tmp/uniq.SinglePhotonParked_Run2012D-22Jan2013-v1.files.tmp
# of files per list: 10
new list:   SinglePhotonParked_Run2012D-22Jan2013-v1_0000.list
new list:   SinglePhotonParked_Run2012D-22Jan2013-v1_0001.list
new list:   SinglePhotonParked_Run2012D-22Jan2013-v1_0002.list
new list:   SinglePhotonParked_Run2012D-22Jan2013-v1_0003.list
new list:   SinglePhotonParked_Run2012D-22Jan2013-v1_0004.list
new list:   SinglePhotonParked_Run2012D-22Jan2013-v1_0005.list
new list:   SinglePhotonParked_Run2012D-22Jan2013-v1_0006.list
new list:   SinglePhotonParked_Run2012D-22Jan2013-v1_0007.list
new list:   SinglePhotonParked_Run2012D-22Jan2013-v1_0008.list
new list:   SinglePhotonParked_Run2012D-22Jan2013-v1_0009.list
new list:   SinglePhotonParked_Run2012D-22Jan2013-v1_0010.list
new list:   SinglePhotonParked_Run2012D-22Jan2013-v1_0011.list
new list:   SinglePhotonParked_Run2012D-22Jan2013-v1_0012.list
new list:   SinglePhotonParked_Run2012D-22Jan2013-v1_0013.list
new list:   SinglePhotonParked_Run2012D-22Jan2013-v1_0014.list
new list:   SinglePhotonParked_Run2012D-22Jan2013-v1_0015.list
new list:   SinglePhotonParked_Run2012D-22Jan2013-v1_0016.list
new list:   SinglePhotonParked_Run2012D-22Jan2013-v1_0017.list
new list:   SinglePhotonParked_Run2012D-22Jan2013-v1_0018.list
new list:   SinglePhotonParked_Run2012D-22Jan2013-v1_0019.list
new list:   SinglePhotonParked_Run2012D-22Jan2013-v1_0020.list
new list:   SinglePhotonParked_Run2012D-22Jan2013-v1_0021.list
new list:   SinglePhotonParked_Run2012D-22Jan2013-v1_0022.list
new list:   SinglePhotonParked_Run2012D-22Jan2013-v1_0023.list
new list:   SinglePhotonParked_Run2012D-22Jan2013-v1_0024.list
new list:   SinglePhotonParked_Run2012D-22Jan2013-v1_0025.list
new list:   SinglePhotonParked_Run2012D-22Jan2013-v1_0026.list
new list:   SinglePhotonParked_Run2012D-22Jan2013-v1_0027.list
new list:   SinglePhotonParked_Run2012D-22Jan2013-v1_0028.list
new list:   SinglePhotonParked_Run2012D-22Jan2013-v1_0029.list
new list:   SinglePhotonParked_Run2012D-22Jan2013-v1_0030.list
new list:   SinglePhotonParked_Run2012D-22Jan2013-v1_0031.list
new list:   SinglePhotonParked_Run2012D-22Jan2013-v1_0032.list
new list:   SinglePhotonParked_Run2012D-22Jan2013-v1_0033.list
new list:   SinglePhotonParked_Run2012D-22Jan2013-v1_0034.list
new list:   SinglePhotonParked_Run2012D-22Jan2013-v1_0035.list
new list:   SinglePhotonParked_Run2012D-22Jan2013-v1_0036.list
new list:   SinglePhotonParked_Run2012D-22Jan2013-v1_0037.list
new list:   SinglePhotonParked_Run2012D-22Jan2013-v1_0038.list
new list:   SinglePhotonParked_Run2012D-22Jan2013-v1_0039.list
new list:   SinglePhotonParked_Run2012D-22Jan2013-v1_0040.list
new list:   SinglePhotonParked_Run2012D-22Jan2013-v1_0041.list
new list:   SinglePhotonParked_Run2012D-22Jan2013-v1_0042.list
new list:   SinglePhotonParked_Run2012D-22Jan2013-v1_0043.list
new list:   SinglePhotonParked_Run2012D-22Jan2013-v1_0044.list
new list:   SinglePhotonParked_Run2012D-22Jan2013-v1_0045.list
new list:   SinglePhotonParked_Run2012D-22Jan2013-v1_0046.list
new list:   SinglePhotonParked_Run2012D-22Jan2013-v1_0047.list
new list:   SinglePhotonParked_Run2012D-22Jan2013-v1_0048.list
new list:   SinglePhotonParked_Run2012D-22Jan2013-v1_0049.list
new list:   SinglePhotonParked_Run2012D-22Jan2013-v1_0050.list
new list:   SinglePhotonParked_Run2012D-22Jan2013-v1_0051.list
new list:   SinglePhotonParked_Run2012D-22Jan2013-v1_0052.list
new list:   SinglePhotonParked_Run2012D-22Jan2013-v1_0053.list
new list:   SinglePhotonParked_Run2012D-22Jan2013-v1_0054.list
new list:   SinglePhotonParked_Run2012D-22Jan2013-v1_0055.list
new list:   SinglePhotonParked_Run2012D-22Jan2013-v1_0056.list
new list:   SinglePhotonParked_Run2012D-22Jan2013-v1_0057.list
new list:   SinglePhotonParked_Run2012D-22Jan2013-v1_0058.list
new list:   SinglePhotonParked_Run2012D-22Jan2013-v1_0059.list
new list:   SinglePhotonParked_Run2012D-22Jan2013-v1_0060.list
new list:   SinglePhotonParked_Run2012D-22Jan2013-v1_0061.list
new list:   SinglePhotonParked_Run2012D-22Jan2013-v1_0062.list
new list:   SinglePhotonParked_Run2012D-22Jan2013-v1_0063.list
new list:   SinglePhotonParked_Run2012D-22Jan2013-v1_0064.list
new list:   SinglePhotonParked_Run2012D-22Jan2013-v1_0065.list
new list:   SinglePhotonParked_Run2012D-22Jan2013-v1_0066.list
new list:   SinglePhotonParked_Run2012D-22Jan2013-v1_0067.list
new list:   SinglePhotonParked_Run2012D-22Jan2013-v1_0068.list
new list:   SinglePhotonParked_Run2012D-22Jan2013-v1_0069.list
new list:   SinglePhotonParked_Run2012D-22Jan2013-v1_0070.list
new list:   SinglePhotonParked_Run2012D-22Jan2013-v1_0071.list
new list:   SinglePhotonParked_Run2012D-22Jan2013-v1_0072.list
new list:   SinglePhotonParked_Run2012D-22Jan2013-v1_0073.list
new list:   SinglePhotonParked_Run2012D-22Jan2013-v1_0074.list
new list:   SinglePhotonParked_Run2012D-22Jan2013-v1_0075.list
new list:   SinglePhotonParked_Run2012D-22Jan2013-v1_0076.list
new list:   SinglePhotonParked_Run2012D-22Jan2013-v1_0077.list
new list:   SinglePhotonParked_Run2012D-22Jan2013-v1_0078.list
new list:   SinglePhotonParked_Run2012D-22Jan2013-v1_0079.list
new list:   SinglePhotonParked_Run2012D-22Jan2013-v1_0080.list
new list:   SinglePhotonParked_Run2012D-22Jan2013-v1_0081.list
new list:   SinglePhotonParked_Run2012D-22Jan2013-v1_0082.list
new list:   SinglePhotonParked_Run2012D-22Jan2013-v1_0083.list
new list:   SinglePhotonParked_Run2012D-22Jan2013-v1_0084.list
new list:   SinglePhotonParked_Run2012D-22Jan2013-v1_0085.list
new list:   SinglePhotonParked_Run2012D-22Jan2013-v1_0086.list
new list:   SinglePhotonParked_Run2012D-22Jan2013-v1_0087.list
new list:   SinglePhotonParked_Run2012D-22Jan2013-v1_0088.list
new list:   SinglePhotonParked_Run2012D-22Jan2013-v1_0089.list
new list:   SinglePhotonParked_Run2012D-22Jan2013-v1_0090.list
new list:   SinglePhotonParked_Run2012D-22Jan2013-v1_0091.list
new list:   SinglePhotonParked_Run2012D-22Jan2013-v1_0092.list
new list:   SinglePhotonParked_Run2012D-22Jan2013-v1_0093.list
new list:   SinglePhotonParked_Run2012D-22Jan2013-v1_0094.list
new list:   SinglePhotonParked_Run2012D-22Jan2013-v1_0095.list
new list:   SinglePhotonParked_Run2012D-22Jan2013-v1_0096.list
new list:   SinglePhotonParked_Run2012D-22Jan2013-v1_0097.list
new list:   SinglePhotonParked_Run2012D-22Jan2013-v1_0098.list
new list:   SinglePhotonParked_Run2012D-22Jan2013-v1_0099.list
new list:   SinglePhotonParked_Run2012D-22Jan2013-v1_0100.list
new list:   SinglePhotonParked_Run2012D-22Jan2013-v1_0101.list
new list:   SinglePhotonParked_Run2012D-22Jan2013-v1_0102.list
new list:   SinglePhotonParked_Run2012D-22Jan2013-v1_0103.list
new list:   SinglePhotonParked_Run2012D-22Jan2013-v1_0104.list
new list:   SinglePhotonParked_Run2012D-22Jan2013-v1_0105.list
new list:   SinglePhotonParked_Run2012D-22Jan2013-v1_0106.list
new list:   SinglePhotonParked_Run2012D-22Jan2013-v1_0107.list
new list:   SinglePhotonParked_Run2012D-22Jan2013-v1_0108.list
new list:   SinglePhotonParked_Run2012D-22Jan2013-v1_0109.list
new list:   SinglePhotonParked_Run2012D-22Jan2013-v1_0110.list
new list:   SinglePhotonParked_Run2012D-22Jan2013-v1_0111.list
new list:   SinglePhotonParked_Run2012D-22Jan2013-v1_0112.list
new list:   SinglePhotonParked_Run2012D-22Jan2013-v1_0113.list
new list:   SinglePhotonParked_Run2012D-22Jan2013-v1_0114.list
new list:   SinglePhotonParked_Run2012D-22Jan2013-v1_0115.list
new list:   SinglePhotonParked_Run2012D-22Jan2013-v1_0116.list
new list:   SinglePhotonParked_Run2012D-22Jan2013-v1_0117.list
new list:   SinglePhotonParked_Run2012D-22Jan2013-v1_0118.list
new list:   SinglePhotonParked_Run2012D-22Jan2013-v1_0119.list
new list:   SinglePhotonParked_Run2012D-22Jan2013-v1_0120.list
new list:   SinglePhotonParked_Run2012D-22Jan2013-v1_0121.list
new list:   SinglePhotonParked_Run2012D-22Jan2013-v1_0122.list
new list:   SinglePhotonParked_Run2012D-22Jan2013-v1_0123.list
new list:   SinglePhotonParked_Run2012D-22Jan2013-v1_0124.list
new list:   SinglePhotonParked_Run2012D-22Jan2013-v1_0125.list
new list:   SinglePhotonParked_Run2012D-22Jan2013-v1_0126.list
new list:   SinglePhotonParked_Run2012D-22Jan2013-v1_0127.list
new list:   SinglePhotonParked_Run2012D-22Jan2013-v1_0128.list
new list:   SinglePhotonParked_Run2012D-22Jan2013-v1_0129.list
new list:   SinglePhotonParked_Run2012D-22Jan2013-v1_0130.list
new list:   SinglePhotonParked_Run2012D-22Jan2013-v1_0131.list
new list:   SinglePhotonParked_Run2012D-22Jan2013-v1_0132.list
new list:   SinglePhotonParked_Run2012D-22Jan2013-v1_0133.list
new list:   SinglePhotonParked_Run2012D-22Jan2013-v1_0134.list
new list:   SinglePhotonParked_Run2012D-22Jan2013-v1_0135.list
new list:   SinglePhotonParked_Run2012D-22Jan2013-v1_0136.list
new list:   SinglePhotonParked_Run2012D-22Jan2013-v1_0137.list
new list:   SinglePhotonParked_Run2012D-22Jan2013-v1_0138.list
new list:   SinglePhotonParked_Run2012D-22Jan2013-v1_0139.list
new list:   SinglePhotonParked_Run2012D-22Jan2013-v1_0140.list
new list:   SinglePhotonParked_Run2012D-22Jan2013-v1_0141.list
new list:   SinglePhotonParked_Run2012D-22Jan2013-v1_0142.list
new list:   SinglePhotonParked_Run2012D-22Jan2013-v1_0143.list
new list:   SinglePhotonParked_Run2012D-22Jan2013-v1_0144.list
new list:   SinglePhotonParked_Run2012D-22Jan2013-v1_0145.list
new list:   SinglePhotonParked_Run2012D-22Jan2013-v1_0146.list
new list:   SinglePhotonParked_Run2012D-22Jan2013-v1_0147.list
new list:   SinglePhotonParked_Run2012D-22Jan2013-v1_0148.list
new list:   SinglePhotonParked_Run2012D-22Jan2013-v1_0149.list
new list:   SinglePhotonParked_Run2012D-22Jan2013-v1_0150.list
new list:   SinglePhotonParked_Run2012D-22Jan2013-v1_0151.list
new list:   SinglePhotonParked_Run2012D-22Jan2013-v1_0152.list
new list:   SinglePhotonParked_Run2012D-22Jan2013-v1_0153.list
new list:   SinglePhotonParked_Run2012D-22Jan2013-v1_0154.list
new list:   SinglePhotonParked_Run2012D-22Jan2013-v1_0155.list
new list:   SinglePhotonParked_Run2012D-22Jan2013-v1_0156.list
new list:   SinglePhotonParked_Run2012D-22Jan2013-v1_0157.list
new list:   SinglePhotonParked_Run2012D-22Jan2013-v1_0158.list
new list:   SinglePhotonParked_Run2012D-22Jan2013-v1_0159.list
new list:   SinglePhotonParked_Run2012D-22Jan2013-v1_0160.list
new list:   SinglePhotonParked_Run2012D-22Jan2013-v1_0161.list
new list:   SinglePhotonParked_Run2012D-22Jan2013-v1_0162.list
new list:   SinglePhotonParked_Run2012D-22Jan2013-v1_0163.list
new list:   SinglePhotonParked_Run2012D-22Jan2013-v1_0164.list
new list:   SinglePhotonParked_Run2012D-22Jan2013-v1_0165.list
new list:   SinglePhotonParked_Run2012D-22Jan2013-v1_0166.list
new list:   SinglePhotonParked_Run2012D-22Jan2013-v1_0167.list
new list:   SinglePhotonParked_Run2012D-22Jan2013-v1_0168.list
new list:   SinglePhotonParked_Run2012D-22Jan2013-v1_0169.list
new list:   SinglePhotonParked_Run2012D-22Jan2013-v1_0170.list
new list:   SinglePhotonParked_Run2012D-22Jan2013-v1_0171.list
new list:   SinglePhotonParked_Run2012D-22Jan2013-v1_0172.list
new list:   SinglePhotonParked_Run2012D-22Jan2013-v1_0173.list
new list:   SinglePhotonParked_Run2012D-22Jan2013-v1_0174.list
new list:   SinglePhotonParked_Run2012D-22Jan2013-v1_0175.list
new list:   SinglePhotonParked_Run2012D-22Jan2013-v1_0176.list
new list:   SinglePhotonParked_Run2012D-22Jan2013-v1_0177.list
new list:   SinglePhotonParked_Run2012D-22Jan2013-v1_0178.list
new list:   SinglePhotonParked_Run2012D-22Jan2013-v1_0179.list
new list:   SinglePhotonParked_Run2012D-22Jan2013-v1_0180.list
++++++++++++++++++++++++++++++++++++++++++++++++++++++++++++++++++++++++++++++++++++++
Working on dataset SinglePhoton_Run2012B-13Jul2012-v1
++++++++++++++++++++++++++++++++++++++++++++++++++++++++++++++++++++++++++++++++++++++
split -l 10 -d -a 4 /tmp/uniq.SinglePhoton_Run2012B-13Jul2012-v1.files.tmp SinglePhoton_Run2012B-13Jul2012-v1_
# of root files in directory: 795
# of uniq files in directory: 789 /tmp/uniq.SinglePhoton_Run2012B-13Jul2012-v1.files.tmp
# of files per list: 10
new list:   SinglePhoton_Run2012B-13Jul2012-v1_0000.list
new list:   SinglePhoton_Run2012B-13Jul2012-v1_0001.list
new list:   SinglePhoton_Run2012B-13Jul2012-v1_0002.list
new list:   SinglePhoton_Run2012B-13Jul2012-v1_0003.list
new list:   SinglePhoton_Run2012B-13Jul2012-v1_0004.list
new list:   SinglePhoton_Run2012B-13Jul2012-v1_0005.list
new list:   SinglePhoton_Run2012B-13Jul2012-v1_0006.list
new list:   SinglePhoton_Run2012B-13Jul2012-v1_0007.list
new list:   SinglePhoton_Run2012B-13Jul2012-v1_0008.list
new list:   SinglePhoton_Run2012B-13Jul2012-v1_0009.list
new list:   SinglePhoton_Run2012B-13Jul2012-v1_0010.list
new list:   SinglePhoton_Run2012B-13Jul2012-v1_0011.list
new list:   SinglePhoton_Run2012B-13Jul2012-v1_0012.list
new list:   SinglePhoton_Run2012B-13Jul2012-v1_0013.list
new list:   SinglePhoton_Run2012B-13Jul2012-v1_0014.list
new list:   SinglePhoton_Run2012B-13Jul2012-v1_0015.list
new list:   SinglePhoton_Run2012B-13Jul2012-v1_0016.list
new list:   SinglePhoton_Run2012B-13Jul2012-v1_0017.list
new list:   SinglePhoton_Run2012B-13Jul2012-v1_0018.list
new list:   SinglePhoton_Run2012B-13Jul2012-v1_0019.list
new list:   SinglePhoton_Run2012B-13Jul2012-v1_0020.list
new list:   SinglePhoton_Run2012B-13Jul2012-v1_0021.list
new list:   SinglePhoton_Run2012B-13Jul2012-v1_0022.list
new list:   SinglePhoton_Run2012B-13Jul2012-v1_0023.list
new list:   SinglePhoton_Run2012B-13Jul2012-v1_0024.list
new list:   SinglePhoton_Run2012B-13Jul2012-v1_0025.list
new list:   SinglePhoton_Run2012B-13Jul2012-v1_0026.list
new list:   SinglePhoton_Run2012B-13Jul2012-v1_0027.list
new list:   SinglePhoton_Run2012B-13Jul2012-v1_0028.list
new list:   SinglePhoton_Run2012B-13Jul2012-v1_0029.list
new list:   SinglePhoton_Run2012B-13Jul2012-v1_0030.list
new list:   SinglePhoton_Run2012B-13Jul2012-v1_0031.list
new list:   SinglePhoton_Run2012B-13Jul2012-v1_0032.list
new list:   SinglePhoton_Run2012B-13Jul2012-v1_0033.list
new list:   SinglePhoton_Run2012B-13Jul2012-v1_0034.list
new list:   SinglePhoton_Run2012B-13Jul2012-v1_0035.list
new list:   SinglePhoton_Run2012B-13Jul2012-v1_0036.list
new list:   SinglePhoton_Run2012B-13Jul2012-v1_0037.list
new list:   SinglePhoton_Run2012B-13Jul2012-v1_0038.list
new list:   SinglePhoton_Run2012B-13Jul2012-v1_0039.list
new list:   SinglePhoton_Run2012B-13Jul2012-v1_0040.list
new list:   SinglePhoton_Run2012B-13Jul2012-v1_0041.list
new list:   SinglePhoton_Run2012B-13Jul2012-v1_0042.list
new list:   SinglePhoton_Run2012B-13Jul2012-v1_0043.list
new list:   SinglePhoton_Run2012B-13Jul2012-v1_0044.list
new list:   SinglePhoton_Run2012B-13Jul2012-v1_0045.list
new list:   SinglePhoton_Run2012B-13Jul2012-v1_0046.list
new list:   SinglePhoton_Run2012B-13Jul2012-v1_0047.list
new list:   SinglePhoton_Run2012B-13Jul2012-v1_0048.list
new list:   SinglePhoton_Run2012B-13Jul2012-v1_0049.list
new list:   SinglePhoton_Run2012B-13Jul2012-v1_0050.list
new list:   SinglePhoton_Run2012B-13Jul2012-v1_0051.list
new list:   SinglePhoton_Run2012B-13Jul2012-v1_0052.list
new list:   SinglePhoton_Run2012B-13Jul2012-v1_0053.list
new list:   SinglePhoton_Run2012B-13Jul2012-v1_0054.list
new list:   SinglePhoton_Run2012B-13Jul2012-v1_0055.list
new list:   SinglePhoton_Run2012B-13Jul2012-v1_0056.list
new list:   SinglePhoton_Run2012B-13Jul2012-v1_0057.list
new list:   SinglePhoton_Run2012B-13Jul2012-v1_0058.list
new list:   SinglePhoton_Run2012B-13Jul2012-v1_0059.list
new list:   SinglePhoton_Run2012B-13Jul2012-v1_0060.list
new list:   SinglePhoton_Run2012B-13Jul2012-v1_0061.list
new list:   SinglePhoton_Run2012B-13Jul2012-v1_0062.list
new list:   SinglePhoton_Run2012B-13Jul2012-v1_0063.list
new list:   SinglePhoton_Run2012B-13Jul2012-v1_0064.list
new list:   SinglePhoton_Run2012B-13Jul2012-v1_0065.list
new list:   SinglePhoton_Run2012B-13Jul2012-v1_0066.list
new list:   SinglePhoton_Run2012B-13Jul2012-v1_0067.list
new list:   SinglePhoton_Run2012B-13Jul2012-v1_0068.list
new list:   SinglePhoton_Run2012B-13Jul2012-v1_0069.list
new list:   SinglePhoton_Run2012B-13Jul2012-v1_0070.list
new list:   SinglePhoton_Run2012B-13Jul2012-v1_0071.list
new list:   SinglePhoton_Run2012B-13Jul2012-v1_0072.list
new list:   SinglePhoton_Run2012B-13Jul2012-v1_0073.list
new list:   SinglePhoton_Run2012B-13Jul2012-v1_0074.list
new list:   SinglePhoton_Run2012B-13Jul2012-v1_0075.list
new list:   SinglePhoton_Run2012B-13Jul2012-v1_0076.list
new list:   SinglePhoton_Run2012B-13Jul2012-v1_0077.list
new list:   SinglePhoton_Run2012B-13Jul2012-v1_0078.list
++++++++++++++++++++++++++++++++++++++++++++++++++++++++++++++++++++++++++++++++++++++
Working on dataset SinglePhoton_Run2012B-22Jan2013-v1
++++++++++++++++++++++++++++++++++++++++++++++++++++++++++++++++++++++++++++++++++++++
split -l 10 -d -a 4 /tmp/uniq.SinglePhoton_Run2012B-22Jan2013-v1.files.tmp SinglePhoton_Run2012B-22Jan2013-v1_
# of root files in directory: 797
# of uniq files in directory: 795 /tmp/uniq.SinglePhoton_Run2012B-22Jan2013-v1.files.tmp
# of files per list: 10
new list:   SinglePhoton_Run2012B-22Jan2013-v1_0000.list
new list:   SinglePhoton_Run2012B-22Jan2013-v1_0001.list
new list:   SinglePhoton_Run2012B-22Jan2013-v1_0002.list
new list:   SinglePhoton_Run2012B-22Jan2013-v1_0003.list
new list:   SinglePhoton_Run2012B-22Jan2013-v1_0004.list
new list:   SinglePhoton_Run2012B-22Jan2013-v1_0005.list
new list:   SinglePhoton_Run2012B-22Jan2013-v1_0006.list
new list:   SinglePhoton_Run2012B-22Jan2013-v1_0007.list
new list:   SinglePhoton_Run2012B-22Jan2013-v1_0008.list
new list:   SinglePhoton_Run2012B-22Jan2013-v1_0009.list
new list:   SinglePhoton_Run2012B-22Jan2013-v1_0010.list
new list:   SinglePhoton_Run2012B-22Jan2013-v1_0011.list
new list:   SinglePhoton_Run2012B-22Jan2013-v1_0012.list
new list:   SinglePhoton_Run2012B-22Jan2013-v1_0013.list
new list:   SinglePhoton_Run2012B-22Jan2013-v1_0014.list
new list:   SinglePhoton_Run2012B-22Jan2013-v1_0015.list
new list:   SinglePhoton_Run2012B-22Jan2013-v1_0016.list
new list:   SinglePhoton_Run2012B-22Jan2013-v1_0017.list
new list:   SinglePhoton_Run2012B-22Jan2013-v1_0018.list
new list:   SinglePhoton_Run2012B-22Jan2013-v1_0019.list
new list:   SinglePhoton_Run2012B-22Jan2013-v1_0020.list
new list:   SinglePhoton_Run2012B-22Jan2013-v1_0021.list
new list:   SinglePhoton_Run2012B-22Jan2013-v1_0022.list
new list:   SinglePhoton_Run2012B-22Jan2013-v1_0023.list
new list:   SinglePhoton_Run2012B-22Jan2013-v1_0024.list
new list:   SinglePhoton_Run2012B-22Jan2013-v1_0025.list
new list:   SinglePhoton_Run2012B-22Jan2013-v1_0026.list
new list:   SinglePhoton_Run2012B-22Jan2013-v1_0027.list
new list:   SinglePhoton_Run2012B-22Jan2013-v1_0028.list
new list:   SinglePhoton_Run2012B-22Jan2013-v1_0029.list
new list:   SinglePhoton_Run2012B-22Jan2013-v1_0030.list
new list:   SinglePhoton_Run2012B-22Jan2013-v1_0031.list
new list:   SinglePhoton_Run2012B-22Jan2013-v1_0032.list
new list:   SinglePhoton_Run2012B-22Jan2013-v1_0033.list
new list:   SinglePhoton_Run2012B-22Jan2013-v1_0034.list
new list:   SinglePhoton_Run2012B-22Jan2013-v1_0035.list
new list:   SinglePhoton_Run2012B-22Jan2013-v1_0036.list
new list:   SinglePhoton_Run2012B-22Jan2013-v1_0037.list
new list:   SinglePhoton_Run2012B-22Jan2013-v1_0038.list
new list:   SinglePhoton_Run2012B-22Jan2013-v1_0039.list
new list:   SinglePhoton_Run2012B-22Jan2013-v1_0040.list
new list:   SinglePhoton_Run2012B-22Jan2013-v1_0041.list
new list:   SinglePhoton_Run2012B-22Jan2013-v1_0042.list
new list:   SinglePhoton_Run2012B-22Jan2013-v1_0043.list
new list:   SinglePhoton_Run2012B-22Jan2013-v1_0044.list
new list:   SinglePhoton_Run2012B-22Jan2013-v1_0045.list
new list:   SinglePhoton_Run2012B-22Jan2013-v1_0046.list
new list:   SinglePhoton_Run2012B-22Jan2013-v1_0047.list
new list:   SinglePhoton_Run2012B-22Jan2013-v1_0048.list
new list:   SinglePhoton_Run2012B-22Jan2013-v1_0049.list
new list:   SinglePhoton_Run2012B-22Jan2013-v1_0050.list
new list:   SinglePhoton_Run2012B-22Jan2013-v1_0051.list
new list:   SinglePhoton_Run2012B-22Jan2013-v1_0052.list
new list:   SinglePhoton_Run2012B-22Jan2013-v1_0053.list
new list:   SinglePhoton_Run2012B-22Jan2013-v1_0054.list
new list:   SinglePhoton_Run2012B-22Jan2013-v1_0055.list
new list:   SinglePhoton_Run2012B-22Jan2013-v1_0056.list
new list:   SinglePhoton_Run2012B-22Jan2013-v1_0057.list
new list:   SinglePhoton_Run2012B-22Jan2013-v1_0058.list
new list:   SinglePhoton_Run2012B-22Jan2013-v1_0059.list
new list:   SinglePhoton_Run2012B-22Jan2013-v1_0060.list
new list:   SinglePhoton_Run2012B-22Jan2013-v1_0061.list
new list:   SinglePhoton_Run2012B-22Jan2013-v1_0062.list
new list:   SinglePhoton_Run2012B-22Jan2013-v1_0063.list
new list:   SinglePhoton_Run2012B-22Jan2013-v1_0064.list
new list:   SinglePhoton_Run2012B-22Jan2013-v1_0065.list
new list:   SinglePhoton_Run2012B-22Jan2013-v1_0066.list
new list:   SinglePhoton_Run2012B-22Jan2013-v1_0067.list
new list:   SinglePhoton_Run2012B-22Jan2013-v1_0068.list
new list:   SinglePhoton_Run2012B-22Jan2013-v1_0069.list
new list:   SinglePhoton_Run2012B-22Jan2013-v1_0070.list
new list:   SinglePhoton_Run2012B-22Jan2013-v1_0071.list
new list:   SinglePhoton_Run2012B-22Jan2013-v1_0072.list
new list:   SinglePhoton_Run2012B-22Jan2013-v1_0073.list
new list:   SinglePhoton_Run2012B-22Jan2013-v1_0074.list
new list:   SinglePhoton_Run2012B-22Jan2013-v1_0075.list
new list:   SinglePhoton_Run2012B-22Jan2013-v1_0076.list
new list:   SinglePhoton_Run2012B-22Jan2013-v1_0077.list
new list:   SinglePhoton_Run2012B-22Jan2013-v1_0078.list
new list:   SinglePhoton_Run2012B-22Jan2013-v1_0079.list
++++++++++++++++++++++++++++++++++++++++++++++++++++++++++++++++++++++++++++++++++++++
Working on dataset SinglePhoton_Run2012C-22Jan2013-v1
++++++++++++++++++++++++++++++++++++++++++++++++++++++++++++++++++++++++++++++++++++++
split -l 10 -d -a 4 /tmp/uniq.SinglePhoton_Run2012C-22Jan2013-v1.files.tmp SinglePhoton_Run2012C-22Jan2013-v1_
# of root files in directory: 1472
# of uniq files in directory: 1352 /tmp/uniq.SinglePhoton_Run2012C-22Jan2013-v1.files.tmp
# of files per list: 10
new list:   SinglePhoton_Run2012C-22Jan2013-v1_0000.list
new list:   SinglePhoton_Run2012C-22Jan2013-v1_0001.list
new list:   SinglePhoton_Run2012C-22Jan2013-v1_0002.list
new list:   SinglePhoton_Run2012C-22Jan2013-v1_0003.list
new list:   SinglePhoton_Run2012C-22Jan2013-v1_0004.list
new list:   SinglePhoton_Run2012C-22Jan2013-v1_0005.list
new list:   SinglePhoton_Run2012C-22Jan2013-v1_0006.list
new list:   SinglePhoton_Run2012C-22Jan2013-v1_0007.list
new list:   SinglePhoton_Run2012C-22Jan2013-v1_0008.list
new list:   SinglePhoton_Run2012C-22Jan2013-v1_0009.list
new list:   SinglePhoton_Run2012C-22Jan2013-v1_0010.list
new list:   SinglePhoton_Run2012C-22Jan2013-v1_0011.list
new list:   SinglePhoton_Run2012C-22Jan2013-v1_0012.list
new list:   SinglePhoton_Run2012C-22Jan2013-v1_0013.list
new list:   SinglePhoton_Run2012C-22Jan2013-v1_0014.list
new list:   SinglePhoton_Run2012C-22Jan2013-v1_0015.list
new list:   SinglePhoton_Run2012C-22Jan2013-v1_0016.list
new list:   SinglePhoton_Run2012C-22Jan2013-v1_0017.list
new list:   SinglePhoton_Run2012C-22Jan2013-v1_0018.list
new list:   SinglePhoton_Run2012C-22Jan2013-v1_0019.list
new list:   SinglePhoton_Run2012C-22Jan2013-v1_0020.list
new list:   SinglePhoton_Run2012C-22Jan2013-v1_0021.list
new list:   SinglePhoton_Run2012C-22Jan2013-v1_0022.list
new list:   SinglePhoton_Run2012C-22Jan2013-v1_0023.list
new list:   SinglePhoton_Run2012C-22Jan2013-v1_0024.list
new list:   SinglePhoton_Run2012C-22Jan2013-v1_0025.list
new list:   SinglePhoton_Run2012C-22Jan2013-v1_0026.list
new list:   SinglePhoton_Run2012C-22Jan2013-v1_0027.list
new list:   SinglePhoton_Run2012C-22Jan2013-v1_0028.list
new list:   SinglePhoton_Run2012C-22Jan2013-v1_0029.list
new list:   SinglePhoton_Run2012C-22Jan2013-v1_0030.list
new list:   SinglePhoton_Run2012C-22Jan2013-v1_0031.list
new list:   SinglePhoton_Run2012C-22Jan2013-v1_0032.list
new list:   SinglePhoton_Run2012C-22Jan2013-v1_0033.list
new list:   SinglePhoton_Run2012C-22Jan2013-v1_0034.list
new list:   SinglePhoton_Run2012C-22Jan2013-v1_0035.list
new list:   SinglePhoton_Run2012C-22Jan2013-v1_0036.list
new list:   SinglePhoton_Run2012C-22Jan2013-v1_0037.list
new list:   SinglePhoton_Run2012C-22Jan2013-v1_0038.list
new list:   SinglePhoton_Run2012C-22Jan2013-v1_0039.list
new list:   SinglePhoton_Run2012C-22Jan2013-v1_0040.list
new list:   SinglePhoton_Run2012C-22Jan2013-v1_0041.list
new list:   SinglePhoton_Run2012C-22Jan2013-v1_0042.list
new list:   SinglePhoton_Run2012C-22Jan2013-v1_0043.list
new list:   SinglePhoton_Run2012C-22Jan2013-v1_0044.list
new list:   SinglePhoton_Run2012C-22Jan2013-v1_0045.list
new list:   SinglePhoton_Run2012C-22Jan2013-v1_0046.list
new list:   SinglePhoton_Run2012C-22Jan2013-v1_0047.list
new list:   SinglePhoton_Run2012C-22Jan2013-v1_0048.list
new list:   SinglePhoton_Run2012C-22Jan2013-v1_0049.list
new list:   SinglePhoton_Run2012C-22Jan2013-v1_0050.list
new list:   SinglePhoton_Run2012C-22Jan2013-v1_0051.list
new list:   SinglePhoton_Run2012C-22Jan2013-v1_0052.list
new list:   SinglePhoton_Run2012C-22Jan2013-v1_0053.list
new list:   SinglePhoton_Run2012C-22Jan2013-v1_0054.list
new list:   SinglePhoton_Run2012C-22Jan2013-v1_0055.list
new list:   SinglePhoton_Run2012C-22Jan2013-v1_0056.list
new list:   SinglePhoton_Run2012C-22Jan2013-v1_0057.list
new list:   SinglePhoton_Run2012C-22Jan2013-v1_0058.list
new list:   SinglePhoton_Run2012C-22Jan2013-v1_0059.list
new list:   SinglePhoton_Run2012C-22Jan2013-v1_0060.list
new list:   SinglePhoton_Run2012C-22Jan2013-v1_0061.list
new list:   SinglePhoton_Run2012C-22Jan2013-v1_0062.list
new list:   SinglePhoton_Run2012C-22Jan2013-v1_0063.list
new list:   SinglePhoton_Run2012C-22Jan2013-v1_0064.list
new list:   SinglePhoton_Run2012C-22Jan2013-v1_0065.list
new list:   SinglePhoton_Run2012C-22Jan2013-v1_0066.list
new list:   SinglePhoton_Run2012C-22Jan2013-v1_0067.list
new list:   SinglePhoton_Run2012C-22Jan2013-v1_0068.list
new list:   SinglePhoton_Run2012C-22Jan2013-v1_0069.list
new list:   SinglePhoton_Run2012C-22Jan2013-v1_0070.list
new list:   SinglePhoton_Run2012C-22Jan2013-v1_0071.list
new list:   SinglePhoton_Run2012C-22Jan2013-v1_0072.list
new list:   SinglePhoton_Run2012C-22Jan2013-v1_0073.list
new list:   SinglePhoton_Run2012C-22Jan2013-v1_0074.list
new list:   SinglePhoton_Run2012C-22Jan2013-v1_0075.list
new list:   SinglePhoton_Run2012C-22Jan2013-v1_0076.list
new list:   SinglePhoton_Run2012C-22Jan2013-v1_0077.list
new list:   SinglePhoton_Run2012C-22Jan2013-v1_0078.list
new list:   SinglePhoton_Run2012C-22Jan2013-v1_0079.list
new list:   SinglePhoton_Run2012C-22Jan2013-v1_0080.list
new list:   SinglePhoton_Run2012C-22Jan2013-v1_0081.list
new list:   SinglePhoton_Run2012C-22Jan2013-v1_0082.list
new list:   SinglePhoton_Run2012C-22Jan2013-v1_0083.list
new list:   SinglePhoton_Run2012C-22Jan2013-v1_0084.list
new list:   SinglePhoton_Run2012C-22Jan2013-v1_0085.list
new list:   SinglePhoton_Run2012C-22Jan2013-v1_0086.list
new list:   SinglePhoton_Run2012C-22Jan2013-v1_0087.list
new list:   SinglePhoton_Run2012C-22Jan2013-v1_0088.list
new list:   SinglePhoton_Run2012C-22Jan2013-v1_0089.list
new list:   SinglePhoton_Run2012C-22Jan2013-v1_0090.list
new list:   SinglePhoton_Run2012C-22Jan2013-v1_0091.list
new list:   SinglePhoton_Run2012C-22Jan2013-v1_0092.list
new list:   SinglePhoton_Run2012C-22Jan2013-v1_0093.list
new list:   SinglePhoton_Run2012C-22Jan2013-v1_0094.list
new list:   SinglePhoton_Run2012C-22Jan2013-v1_0095.list
new list:   SinglePhoton_Run2012C-22Jan2013-v1_0096.list
new list:   SinglePhoton_Run2012C-22Jan2013-v1_0097.list
new list:   SinglePhoton_Run2012C-22Jan2013-v1_0098.list
new list:   SinglePhoton_Run2012C-22Jan2013-v1_0099.list
new list:   SinglePhoton_Run2012C-22Jan2013-v1_0100.list
new list:   SinglePhoton_Run2012C-22Jan2013-v1_0101.list
new list:   SinglePhoton_Run2012C-22Jan2013-v1_0102.list
new list:   SinglePhoton_Run2012C-22Jan2013-v1_0103.list
new list:   SinglePhoton_Run2012C-22Jan2013-v1_0104.list
new list:   SinglePhoton_Run2012C-22Jan2013-v1_0105.list
new list:   SinglePhoton_Run2012C-22Jan2013-v1_0106.list
new list:   SinglePhoton_Run2012C-22Jan2013-v1_0107.list
new list:   SinglePhoton_Run2012C-22Jan2013-v1_0108.list
new list:   SinglePhoton_Run2012C-22Jan2013-v1_0109.list
new list:   SinglePhoton_Run2012C-22Jan2013-v1_0110.list
new list:   SinglePhoton_Run2012C-22Jan2013-v1_0111.list
new list:   SinglePhoton_Run2012C-22Jan2013-v1_0112.list
new list:   SinglePhoton_Run2012C-22Jan2013-v1_0113.list
new list:   SinglePhoton_Run2012C-22Jan2013-v1_0114.list
new list:   SinglePhoton_Run2012C-22Jan2013-v1_0115.list
new list:   SinglePhoton_Run2012C-22Jan2013-v1_0116.list
new list:   SinglePhoton_Run2012C-22Jan2013-v1_0117.list
new list:   SinglePhoton_Run2012C-22Jan2013-v1_0118.list
new list:   SinglePhoton_Run2012C-22Jan2013-v1_0119.list
new list:   SinglePhoton_Run2012C-22Jan2013-v1_0120.list
new list:   SinglePhoton_Run2012C-22Jan2013-v1_0121.list
new list:   SinglePhoton_Run2012C-22Jan2013-v1_0122.list
new list:   SinglePhoton_Run2012C-22Jan2013-v1_0123.list
new list:   SinglePhoton_Run2012C-22Jan2013-v1_0124.list
new list:   SinglePhoton_Run2012C-22Jan2013-v1_0125.list
new list:   SinglePhoton_Run2012C-22Jan2013-v1_0126.list
new list:   SinglePhoton_Run2012C-22Jan2013-v1_0127.list
new list:   SinglePhoton_Run2012C-22Jan2013-v1_0128.list
new list:   SinglePhoton_Run2012C-22Jan2013-v1_0129.list
new list:   SinglePhoton_Run2012C-22Jan2013-v1_0130.list
new list:   SinglePhoton_Run2012C-22Jan2013-v1_0131.list
new list:   SinglePhoton_Run2012C-22Jan2013-v1_0132.list
new list:   SinglePhoton_Run2012C-22Jan2013-v1_0133.list
new list:   SinglePhoton_Run2012C-22Jan2013-v1_0134.list
new list:   SinglePhoton_Run2012C-22Jan2013-v1_0135.list
++++++++++++++++++++++++++++++++++++++++++++++++++++++++++++++++++++++++++++++++++++++
Working on dataset SinglePhoton_Run2012C-24Aug2012-v1
++++++++++++++++++++++++++++++++++++++++++++++++++++++++++++++++++++++++++++++++++++++
split -l 10 -d -a 4 /tmp/uniq.SinglePhoton_Run2012C-24Aug2012-v1.files.tmp SinglePhoton_Run2012C-24Aug2012-v1_
# of root files in directory: 140
# of uniq files in directory: 91 /tmp/uniq.SinglePhoton_Run2012C-24Aug2012-v1.files.tmp
# of files per list: 10
new list:   SinglePhoton_Run2012C-24Aug2012-v1_0000.list
new list:   SinglePhoton_Run2012C-24Aug2012-v1_0001.list
new list:   SinglePhoton_Run2012C-24Aug2012-v1_0002.list
new list:   SinglePhoton_Run2012C-24Aug2012-v1_0003.list
new list:   SinglePhoton_Run2012C-24Aug2012-v1_0004.list
new list:   SinglePhoton_Run2012C-24Aug2012-v1_0005.list
new list:   SinglePhoton_Run2012C-24Aug2012-v1_0006.list
new list:   SinglePhoton_Run2012C-24Aug2012-v1_0007.list
new list:   SinglePhoton_Run2012C-24Aug2012-v1_0008.list
new list:   SinglePhoton_Run2012C-24Aug2012-v1_0009.list
++++++++++++++++++++++++++++++++++++++++++++++++++++++++++++++++++++++++++++++++++++++
Working on dataset SinglePhoton_Run2012C-EcalRecover_11Dec2012-v1
++++++++++++++++++++++++++++++++++++++++++++++++++++++++++++++++++++++++++++++++++++++
split -l 10 -d -a 4 /tmp/uniq.SinglePhoton_Run2012C-EcalRecover_11Dec2012-v1.files.tmp SinglePhoton_Run2012C-EcalRecover_11Dec2012-v1_
# of root files in directory: 23
# of uniq files in directory: 23 /tmp/uniq.SinglePhoton_Run2012C-EcalRecover_11Dec2012-v1.files.tmp
# of files per list: 10
new list:   SinglePhoton_Run2012C-EcalRecover_11Dec2012-v1_0000.list
new list:   SinglePhoton_Run2012C-EcalRecover_11Dec2012-v1_0001.list
new list:   SinglePhoton_Run2012C-EcalRecover_11Dec2012-v1_0002.list
++++++++++++++++++++++++++++++++++++++++++++++++++++++++++++++++++++++++++++++++++++++
Working on dataset SinglePhoton_Run2012C-PromptReco-v2
++++++++++++++++++++++++++++++++++++++++++++++++++++++++++++++++++++++++++++++++++++++
split -l 10 -d -a 4 /tmp/uniq.SinglePhoton_Run2012C-PromptReco-v2.files.tmp SinglePhoton_Run2012C-PromptReco-v2_
# of root files in directory: 1351
# of uniq files in directory: 1350 /tmp/uniq.SinglePhoton_Run2012C-PromptReco-v2.files.tmp
# of files per list: 10
new list:   SinglePhoton_Run2012C-PromptReco-v2_0000.list
new list:   SinglePhoton_Run2012C-PromptReco-v2_0001.list
new list:   SinglePhoton_Run2012C-PromptReco-v2_0002.list
new list:   SinglePhoton_Run2012C-PromptReco-v2_0003.list
new list:   SinglePhoton_Run2012C-PromptReco-v2_0004.list
new list:   SinglePhoton_Run2012C-PromptReco-v2_0005.list
new list:   SinglePhoton_Run2012C-PromptReco-v2_0006.list
new list:   SinglePhoton_Run2012C-PromptReco-v2_0007.list
new list:   SinglePhoton_Run2012C-PromptReco-v2_0008.list
new list:   SinglePhoton_Run2012C-PromptReco-v2_0009.list
new list:   SinglePhoton_Run2012C-PromptReco-v2_0010.list
new list:   SinglePhoton_Run2012C-PromptReco-v2_0011.list
new list:   SinglePhoton_Run2012C-PromptReco-v2_0012.list
new list:   SinglePhoton_Run2012C-PromptReco-v2_0013.list
new list:   SinglePhoton_Run2012C-PromptReco-v2_0014.list
new list:   SinglePhoton_Run2012C-PromptReco-v2_0015.list
new list:   SinglePhoton_Run2012C-PromptReco-v2_0016.list
new list:   SinglePhoton_Run2012C-PromptReco-v2_0017.list
new list:   SinglePhoton_Run2012C-PromptReco-v2_0018.list
new list:   SinglePhoton_Run2012C-PromptReco-v2_0019.list
new list:   SinglePhoton_Run2012C-PromptReco-v2_0020.list
new list:   SinglePhoton_Run2012C-PromptReco-v2_0021.list
new list:   SinglePhoton_Run2012C-PromptReco-v2_0022.list
new list:   SinglePhoton_Run2012C-PromptReco-v2_0023.list
new list:   SinglePhoton_Run2012C-PromptReco-v2_0024.list
new list:   SinglePhoton_Run2012C-PromptReco-v2_0025.list
new list:   SinglePhoton_Run2012C-PromptReco-v2_0026.list
new list:   SinglePhoton_Run2012C-PromptReco-v2_0027.list
new list:   SinglePhoton_Run2012C-PromptReco-v2_0028.list
new list:   SinglePhoton_Run2012C-PromptReco-v2_0029.list
new list:   SinglePhoton_Run2012C-PromptReco-v2_0030.list
new list:   SinglePhoton_Run2012C-PromptReco-v2_0031.list
new list:   SinglePhoton_Run2012C-PromptReco-v2_0032.list
new list:   SinglePhoton_Run2012C-PromptReco-v2_0033.list
new list:   SinglePhoton_Run2012C-PromptReco-v2_0034.list
new list:   SinglePhoton_Run2012C-PromptReco-v2_0035.list
new list:   SinglePhoton_Run2012C-PromptReco-v2_0036.list
new list:   SinglePhoton_Run2012C-PromptReco-v2_0037.list
new list:   SinglePhoton_Run2012C-PromptReco-v2_0038.list
new list:   SinglePhoton_Run2012C-PromptReco-v2_0039.list
new list:   SinglePhoton_Run2012C-PromptReco-v2_0040.list
new list:   SinglePhoton_Run2012C-PromptReco-v2_0041.list
new list:   SinglePhoton_Run2012C-PromptReco-v2_0042.list
new list:   SinglePhoton_Run2012C-PromptReco-v2_0043.list
new list:   SinglePhoton_Run2012C-PromptReco-v2_0044.list
new list:   SinglePhoton_Run2012C-PromptReco-v2_0045.list
new list:   SinglePhoton_Run2012C-PromptReco-v2_0046.list
new list:   SinglePhoton_Run2012C-PromptReco-v2_0047.list
new list:   SinglePhoton_Run2012C-PromptReco-v2_0048.list
new list:   SinglePhoton_Run2012C-PromptReco-v2_0049.list
new list:   SinglePhoton_Run2012C-PromptReco-v2_0050.list
new list:   SinglePhoton_Run2012C-PromptReco-v2_0051.list
new list:   SinglePhoton_Run2012C-PromptReco-v2_0052.list
new list:   SinglePhoton_Run2012C-PromptReco-v2_0053.list
new list:   SinglePhoton_Run2012C-PromptReco-v2_0054.list
new list:   SinglePhoton_Run2012C-PromptReco-v2_0055.list
new list:   SinglePhoton_Run2012C-PromptReco-v2_0056.list
new list:   SinglePhoton_Run2012C-PromptReco-v2_0057.list
new list:   SinglePhoton_Run2012C-PromptReco-v2_0058.list
new list:   SinglePhoton_Run2012C-PromptReco-v2_0059.list
new list:   SinglePhoton_Run2012C-PromptReco-v2_0060.list
new list:   SinglePhoton_Run2012C-PromptReco-v2_0061.list
new list:   SinglePhoton_Run2012C-PromptReco-v2_0062.list
new list:   SinglePhoton_Run2012C-PromptReco-v2_0063.list
new list:   SinglePhoton_Run2012C-PromptReco-v2_0064.list
new list:   SinglePhoton_Run2012C-PromptReco-v2_0065.list
new list:   SinglePhoton_Run2012C-PromptReco-v2_0066.list
new list:   SinglePhoton_Run2012C-PromptReco-v2_0067.list
new list:   SinglePhoton_Run2012C-PromptReco-v2_0068.list
new list:   SinglePhoton_Run2012C-PromptReco-v2_0069.list
new list:   SinglePhoton_Run2012C-PromptReco-v2_0070.list
new list:   SinglePhoton_Run2012C-PromptReco-v2_0071.list
new list:   SinglePhoton_Run2012C-PromptReco-v2_0072.list
new list:   SinglePhoton_Run2012C-PromptReco-v2_0073.list
new list:   SinglePhoton_Run2012C-PromptReco-v2_0074.list
new list:   SinglePhoton_Run2012C-PromptReco-v2_0075.list
new list:   SinglePhoton_Run2012C-PromptReco-v2_0076.list
new list:   SinglePhoton_Run2012C-PromptReco-v2_0077.list
new list:   SinglePhoton_Run2012C-PromptReco-v2_0078.list
new list:   SinglePhoton_Run2012C-PromptReco-v2_0079.list
new list:   SinglePhoton_Run2012C-PromptReco-v2_0080.list
new list:   SinglePhoton_Run2012C-PromptReco-v2_0081.list
new list:   SinglePhoton_Run2012C-PromptReco-v2_0082.list
new list:   SinglePhoton_Run2012C-PromptReco-v2_0083.list
new list:   SinglePhoton_Run2012C-PromptReco-v2_0084.list
new list:   SinglePhoton_Run2012C-PromptReco-v2_0085.list
new list:   SinglePhoton_Run2012C-PromptReco-v2_0086.list
new list:   SinglePhoton_Run2012C-PromptReco-v2_0087.list
new list:   SinglePhoton_Run2012C-PromptReco-v2_0088.list
new list:   SinglePhoton_Run2012C-PromptReco-v2_0089.list
new list:   SinglePhoton_Run2012C-PromptReco-v2_0090.list
new list:   SinglePhoton_Run2012C-PromptReco-v2_0091.list
new list:   SinglePhoton_Run2012C-PromptReco-v2_0092.list
new list:   SinglePhoton_Run2012C-PromptReco-v2_0093.list
new list:   SinglePhoton_Run2012C-PromptReco-v2_0094.list
new list:   SinglePhoton_Run2012C-PromptReco-v2_0095.list
new list:   SinglePhoton_Run2012C-PromptReco-v2_0096.list
new list:   SinglePhoton_Run2012C-PromptReco-v2_0097.list
new list:   SinglePhoton_Run2012C-PromptReco-v2_0098.list
new list:   SinglePhoton_Run2012C-PromptReco-v2_0099.list
new list:   SinglePhoton_Run2012C-PromptReco-v2_0100.list
new list:   SinglePhoton_Run2012C-PromptReco-v2_0101.list
new list:   SinglePhoton_Run2012C-PromptReco-v2_0102.list
new list:   SinglePhoton_Run2012C-PromptReco-v2_0103.list
new list:   SinglePhoton_Run2012C-PromptReco-v2_0104.list
new list:   SinglePhoton_Run2012C-PromptReco-v2_0105.list
new list:   SinglePhoton_Run2012C-PromptReco-v2_0106.list
new list:   SinglePhoton_Run2012C-PromptReco-v2_0107.list
new list:   SinglePhoton_Run2012C-PromptReco-v2_0108.list
new list:   SinglePhoton_Run2012C-PromptReco-v2_0109.list
new list:   SinglePhoton_Run2012C-PromptReco-v2_0110.list
new list:   SinglePhoton_Run2012C-PromptReco-v2_0111.list
new list:   SinglePhoton_Run2012C-PromptReco-v2_0112.list
new list:   SinglePhoton_Run2012C-PromptReco-v2_0113.list
new list:   SinglePhoton_Run2012C-PromptReco-v2_0114.list
new list:   SinglePhoton_Run2012C-PromptReco-v2_0115.list
new list:   SinglePhoton_Run2012C-PromptReco-v2_0116.list
new list:   SinglePhoton_Run2012C-PromptReco-v2_0117.list
new list:   SinglePhoton_Run2012C-PromptReco-v2_0118.list
new list:   SinglePhoton_Run2012C-PromptReco-v2_0119.list
new list:   SinglePhoton_Run2012C-PromptReco-v2_0120.list
new list:   SinglePhoton_Run2012C-PromptReco-v2_0121.list
new list:   SinglePhoton_Run2012C-PromptReco-v2_0122.list
new list:   SinglePhoton_Run2012C-PromptReco-v2_0123.list
new list:   SinglePhoton_Run2012C-PromptReco-v2_0124.list
new list:   SinglePhoton_Run2012C-PromptReco-v2_0125.list
new list:   SinglePhoton_Run2012C-PromptReco-v2_0126.list
new list:   SinglePhoton_Run2012C-PromptReco-v2_0127.list
new list:   SinglePhoton_Run2012C-PromptReco-v2_0128.list
new list:   SinglePhoton_Run2012C-PromptReco-v2_0129.list
new list:   SinglePhoton_Run2012C-PromptReco-v2_0130.list
new list:   SinglePhoton_Run2012C-PromptReco-v2_0131.list
new list:   SinglePhoton_Run2012C-PromptReco-v2_0132.list
new list:   SinglePhoton_Run2012C-PromptReco-v2_0133.list
new list:   SinglePhoton_Run2012C-PromptReco-v2_0134.list
