++++++++++++++++++++++++++++++++++++++++++++++++++++++++++++++++++++++++++++++++++++++
Working on dataset GJet_Pt-20to40_doubleEMEnriched_TuneZ2star_8TeV-pythia6_Summer12_DR53X-PU_S10_START53_V7A-v1
++++++++++++++++++++++++++++++++++++++++++++++++++++++++++++++++++++++++++++++++++++++
split -l 20 -d -a 2 /tmp/uniq.GJet_Pt-20to40_doubleEMEnriched_TuneZ2star_8TeV-pythia6_Summer12_DR53X-PU_S10_START53_V7A-v1.files.tmp GJet_Pt-20to40_doubleEMEnriched_TuneZ2star_8TeV-pythia6_Summer12_DR53X-PU_S10_START53_V7A-v1_
# of root files in directory: 377
# of uniq files in directory: 377 /tmp/uniq.GJet_Pt-20to40_doubleEMEnriched_TuneZ2star_8TeV-pythia6_Summer12_DR53X-PU_S10_START53_V7A-v1.files.tmp
# of files per list: 20
new list:   GJet_Pt-20to40_doubleEMEnriched_TuneZ2star_8TeV-pythia6_Summer12_DR53X-PU_S10_START53_V7A-v1_00.list
new list:   GJet_Pt-20to40_doubleEMEnriched_TuneZ2star_8TeV-pythia6_Summer12_DR53X-PU_S10_START53_V7A-v1_01.list
new list:   GJet_Pt-20to40_doubleEMEnriched_TuneZ2star_8TeV-pythia6_Summer12_DR53X-PU_S10_START53_V7A-v1_02.list
new list:   GJet_Pt-20to40_doubleEMEnriched_TuneZ2star_8TeV-pythia6_Summer12_DR53X-PU_S10_START53_V7A-v1_03.list
new list:   GJet_Pt-20to40_doubleEMEnriched_TuneZ2star_8TeV-pythia6_Summer12_DR53X-PU_S10_START53_V7A-v1_04.list
new list:   GJet_Pt-20to40_doubleEMEnriched_TuneZ2star_8TeV-pythia6_Summer12_DR53X-PU_S10_START53_V7A-v1_05.list
new list:   GJet_Pt-20to40_doubleEMEnriched_TuneZ2star_8TeV-pythia6_Summer12_DR53X-PU_S10_START53_V7A-v1_06.list
new list:   GJet_Pt-20to40_doubleEMEnriched_TuneZ2star_8TeV-pythia6_Summer12_DR53X-PU_S10_START53_V7A-v1_07.list
new list:   GJet_Pt-20to40_doubleEMEnriched_TuneZ2star_8TeV-pythia6_Summer12_DR53X-PU_S10_START53_V7A-v1_08.list
new list:   GJet_Pt-20to40_doubleEMEnriched_TuneZ2star_8TeV-pythia6_Summer12_DR53X-PU_S10_START53_V7A-v1_09.list
new list:   GJet_Pt-20to40_doubleEMEnriched_TuneZ2star_8TeV-pythia6_Summer12_DR53X-PU_S10_START53_V7A-v1_10.list
new list:   GJet_Pt-20to40_doubleEMEnriched_TuneZ2star_8TeV-pythia6_Summer12_DR53X-PU_S10_START53_V7A-v1_11.list
new list:   GJet_Pt-20to40_doubleEMEnriched_TuneZ2star_8TeV-pythia6_Summer12_DR53X-PU_S10_START53_V7A-v1_12.list
new list:   GJet_Pt-20to40_doubleEMEnriched_TuneZ2star_8TeV-pythia6_Summer12_DR53X-PU_S10_START53_V7A-v1_13.list
new list:   GJet_Pt-20to40_doubleEMEnriched_TuneZ2star_8TeV-pythia6_Summer12_DR53X-PU_S10_START53_V7A-v1_14.list
new list:   GJet_Pt-20to40_doubleEMEnriched_TuneZ2star_8TeV-pythia6_Summer12_DR53X-PU_S10_START53_V7A-v1_15.list
new list:   GJet_Pt-20to40_doubleEMEnriched_TuneZ2star_8TeV-pythia6_Summer12_DR53X-PU_S10_START53_V7A-v1_16.list
new list:   GJet_Pt-20to40_doubleEMEnriched_TuneZ2star_8TeV-pythia6_Summer12_DR53X-PU_S10_START53_V7A-v1_17.list
new list:   GJet_Pt-20to40_doubleEMEnriched_TuneZ2star_8TeV-pythia6_Summer12_DR53X-PU_S10_START53_V7A-v1_18.list
